2023-02-05 09:36:13  -  [INFO]  GET: http://localhost/krushi-arunalu/marketplace/productdetails/1
2023-02-05 09:36:13  -  [INFO]  Calling productdetails method in app\controllers\MarketplaceController
2023-02-05 15:38:43  -  [INFO]  GET: http://localhost/krushi-arunalu/marketplace
2023-02-05 15:38:43  -  [INFO]  Calling index method in app\controllers\MarketplaceController
2023-02-05 15:38:47  -  [INFO]  GET: http://localhost/krushi-arunalu/logout
2023-02-05 15:38:47  -  [INFO]  Calling index method in app\controllers\LogoutController
2023-02-05 15:38:47  -  [INFO]  GET: http://localhost/krushi-arunalu/login
2023-02-05 15:38:47  -  [INFO]  Calling index method in app\controllers\LoginController
2023-02-05 15:38:54  -  [INFO]  POST: http://localhost/krushi-arunalu/login
2023-02-05 15:38:54  -  [INFO]  Calling index method in app\controllers\LoginController
2023-02-05 15:38:54  -  [INFO]  Login attempt by phone: 0764023716
2023-02-05 15:38:54  -  [INFO]  GET: http://localhost/krushi-arunalu/marketplace
2023-02-05 15:38:54  -  [INFO]  Calling index method in app\controllers\MarketplaceController
2023-02-05 15:43:45  -  [INFO]  GET: http://localhost/krushi-arunalu/marketplace/productdetails/1
2023-02-05 15:43:45  -  [INFO]  Calling productdetails method in app\controllers\MarketplaceController
2023-02-05 15:44:05  -  [INFO]  GET: http://localhost/krushi-arunalu/sendinquiry/1
2023-02-05 15:44:05  -  [ERROR]  Requested method (1) not found
2023-02-05 15:44:07  -  [INFO]  GET: http://localhost/krushi-arunalu/marketplace/productdetails/1
2023-02-05 15:44:07  -  [INFO]  Calling productdetails method in app\controllers\MarketplaceController
2023-02-05 15:44:51  -  [INFO]  GET: http://localhost/krushi-arunalu/sendinquiry/1
2023-02-05 15:44:51  -  [ERROR]  Requested method (1) not found
2023-02-05 15:45:08  -  [INFO]  GET: http://localhost/krushi-arunalu/marketplace/productdetails/1
2023-02-05 15:45:08  -  [INFO]  Calling productdetails method in app\controllers\MarketplaceController
2023-02-05 15:46:11  -  [INFO]  GET: http://localhost/krushi-arunalu/marketplace/productdetails/1
2023-02-05 15:46:11  -  [INFO]  Calling productdetails method in app\controllers\MarketplaceController
2023-02-05 15:46:35  -  [INFO]  GET: http://localhost/krushi-arunalu/marketplace/productdetails/1
2023-02-05 15:46:35  -  [INFO]  Calling productdetails method in app\controllers\MarketplaceController
2023-02-05 15:46:59  -  [INFO]  GET: http://localhost/krushi-arunalu/marketplace/productdetails/1
2023-02-05 15:46:59  -  [INFO]  Calling productdetails method in app\controllers\MarketplaceController
2023-02-05 15:47:15  -  [INFO]  GET: http://localhost/krushi-arunalu/marketplace/productdetails/1
2023-02-05 15:47:15  -  [INFO]  Calling productdetails method in app\controllers\MarketplaceController
2023-02-05 15:47:17  -  [INFO]  GET: http://localhost/krushi-arunalu/sendinquiry/1
2023-02-05 15:47:17  -  [ERROR]  Requested method (1) not found
2023-02-05 15:48:36  -  [INFO]  GET: http://localhost/krushi-arunalu/marketplace/productdetails/1
2023-02-05 15:48:36  -  [INFO]  Calling productdetails method in app\controllers\MarketplaceController
2023-02-05 15:48:38  -  [INFO]  GET: http://localhost/krushi-arunalu/marketplace/sendinquiry/1
2023-02-05 15:48:38  -  [INFO]  Calling sendinquiry method in app\controllers\MarketplaceController
2023-02-05 15:48:55  -  [INFO]  GET: http://localhost/krushi-arunalu/marketplace/productdetails/1
2023-02-05 15:48:55  -  [INFO]  Calling productdetails method in app\controllers\MarketplaceController
2023-02-05 15:49:12  -  [INFO]  GET: http://localhost/krushi-arunalu/marketplace
2023-02-05 15:49:12  -  [INFO]  Calling index method in app\controllers\MarketplaceController
2023-02-05 15:49:14  -  [INFO]  GET: http://localhost/krushi-arunalu/shoppingcart/add/1
2023-02-05 15:49:14  -  [INFO]  Calling add method in app\controllers\ShoppingCartController
2023-02-05 15:49:14  -  [INFO]  GET: http://localhost/krushi-arunalu/shoppingcart
2023-02-05 15:49:14  -  [INFO]  Calling index method in app\controllers\ShoppingCartController
2023-02-05 15:49:49  -  [INFO]  GET: http://localhost/krushi-arunalu/marketplace
2023-02-05 15:49:49  -  [INFO]  Calling index method in app\controllers\MarketplaceController
2023-02-05 15:50:15  -  [INFO]  GET: http://localhost/krushi-arunalu/shoppingcart/add/1
2023-02-05 15:50:15  -  [INFO]  Calling add method in app\controllers\ShoppingCartController
2023-02-05 15:50:15  -  [INFO]  GET: http://localhost/krushi-arunalu/shoppingcart
2023-02-05 15:50:15  -  [INFO]  Calling index method in app\controllers\ShoppingCartController
2023-02-05 15:50:19  -  [INFO]  GET: http://localhost/krushi-arunalu/marketplace
2023-02-05 15:50:19  -  [INFO]  Calling index method in app\controllers\MarketplaceController
2023-02-05 15:50:20  -  [INFO]  GET: http://localhost/krushi-arunalu/marketplace/productdetails/1
2023-02-05 15:50:20  -  [INFO]  Calling productdetails method in app\controllers\MarketplaceController
2023-02-05 17:04:56  -  [INFO]  GET: http://localhost/krushi-arunalu/marketplace/sendinquiry/1
2023-02-05 17:04:56  -  [INFO]  Calling sendinquiry method in app\controllers\MarketplaceController
2023-02-05 17:04:58  -  [INFO]  GET: http://localhost/krushi-arunalu/marketplace/productdetails/1
2023-02-05 17:04:58  -  [INFO]  Calling productdetails method in app\controllers\MarketplaceController
2023-02-05 17:09:33  -  [INFO]  GET: http://localhost/krushi-arunalu/marketplace/productdetails/1
2023-02-05 17:09:33  -  [INFO]  Calling productdetails method in app\controllers\MarketplaceController
2023-02-05 17:09:46  -  [INFO]  GET: http://localhost/krushi-arunalu/marketplace/productdetails/1
2023-02-05 17:09:46  -  [INFO]  Calling productdetails method in app\controllers\MarketplaceController
2023-02-05 17:10:14  -  [INFO]  GET: http://localhost/krushi-arunalu/marketplace
2023-02-05 17:10:14  -  [INFO]  Calling index method in app\controllers\MarketplaceController
2023-02-05 17:10:23  -  [INFO]  GET: http://localhost/krushi-arunalu/manufacturers
2023-02-05 17:10:23  -  [ERROR]  Requested controller (manufacturers) not found
2023-02-05 17:10:25  -  [INFO]  GET: http://localhost/krushi-arunalu/marketplace
2023-02-05 17:10:25  -  [INFO]  Calling index method in app\controllers\MarketplaceController
2023-02-05 17:10:27  -  [INFO]  GET: http://localhost/krushi-arunalu/marketplace
2023-02-05 17:10:27  -  [INFO]  Calling index method in app\controllers\MarketplaceController
2023-02-05 17:10:30  -  [INFO]  GET: http://localhost/krushi-arunalu/shoppingcart
2023-02-05 17:10:30  -  [INFO]  Calling index method in app\controllers\ShoppingCartController
2023-02-05 17:10:35  -  [INFO]  GET: http://localhost/krushi-arunalu/marketplace
2023-02-05 17:10:35  -  [INFO]  Calling index method in app\controllers\MarketplaceController
2023-02-05 17:10:50  -  [INFO]  GET: http://localhost/krushi-arunalu/marketplace/productdetails/1
2023-02-05 17:10:50  -  [INFO]  Calling productdetails method in app\controllers\MarketplaceController
2023-02-05 17:11:56  -  [INFO]  GET: http://localhost/krushi-arunalu/marketplace/productdetails/1
2023-02-05 17:11:56  -  [INFO]  Calling productdetails method in app\controllers\MarketplaceController
2023-02-05 17:11:58  -  [INFO]  GET: http://localhost/krushi-arunalu/marketplace/productdetails/1
2023-02-05 17:11:58  -  [INFO]  Calling productdetails method in app\controllers\MarketplaceController
2023-02-05 17:12:37  -  [INFO]  GET: http://localhost/krushi-arunalu/marketplace/productdetails/1
2023-02-05 17:12:37  -  [INFO]  Calling productdetails method in app\controllers\MarketplaceController
2023-02-05 17:12:38  -  [INFO]  GET: http://localhost/krushi-arunalu/marketplace/productdetails/1
2023-02-05 17:12:38  -  [INFO]  Calling productdetails method in app\controllers\MarketplaceController
2023-02-05 17:12:38  -  [INFO]  GET: http://localhost/krushi-arunalu/marketplace/productdetails/1
2023-02-05 17:12:38  -  [INFO]  Calling productdetails method in app\controllers\MarketplaceController
2023-02-05 17:12:38  -  [INFO]  GET: http://localhost/krushi-arunalu/marketplace/productdetails/1
2023-02-05 17:12:38  -  [INFO]  Calling productdetails method in app\controllers\MarketplaceController
2023-02-05 17:12:39  -  [INFO]  GET: http://localhost/krushi-arunalu/marketplace/productdetails/1
2023-02-05 17:12:39  -  [INFO]  Calling productdetails method in app\controllers\MarketplaceController
2023-02-05 17:12:39  -  [INFO]  GET: http://localhost/krushi-arunalu/marketplace/productdetails/1
2023-02-05 17:12:39  -  [INFO]  Calling productdetails method in app\controllers\MarketplaceController
2023-02-05 17:12:39  -  [INFO]  GET: http://localhost/krushi-arunalu/marketplace/productdetails/1
2023-02-05 17:12:39  -  [INFO]  Calling productdetails method in app\controllers\MarketplaceController
2023-02-05 17:12:39  -  [INFO]  GET: http://localhost/krushi-arunalu/marketplace/productdetails/1
2023-02-05 17:12:39  -  [INFO]  Calling productdetails method in app\controllers\MarketplaceController
2023-02-05 17:12:39  -  [INFO]  GET: http://localhost/krushi-arunalu/marketplace/productdetails/1
2023-02-05 17:12:39  -  [INFO]  Calling productdetails method in app\controllers\MarketplaceController
2023-02-05 17:12:39  -  [INFO]  GET: http://localhost/krushi-arunalu/marketplace/productdetails/1
2023-02-05 17:12:39  -  [INFO]  Calling productdetails method in app\controllers\MarketplaceController
2023-02-05 17:12:40  -  [INFO]  GET: http://localhost/krushi-arunalu/marketplace/productdetails/1
2023-02-05 17:12:40  -  [INFO]  Calling productdetails method in app\controllers\MarketplaceController
2023-02-05 17:12:40  -  [INFO]  GET: http://localhost/krushi-arunalu/marketplace/productdetails/1
2023-02-05 17:12:40  -  [INFO]  Calling productdetails method in app\controllers\MarketplaceController
2023-02-05 17:12:40  -  [INFO]  GET: http://localhost/krushi-arunalu/marketplace/productdetails/1
2023-02-05 17:12:40  -  [INFO]  Calling productdetails method in app\controllers\MarketplaceController
2023-02-05 17:12:40  -  [INFO]  GET: http://localhost/krushi-arunalu/marketplace/productdetails/1
2023-02-05 17:12:40  -  [INFO]  Calling productdetails method in app\controllers\MarketplaceController
2023-02-05 17:12:40  -  [INFO]  GET: http://localhost/krushi-arunalu/marketplace/productdetails/1
2023-02-05 17:12:40  -  [INFO]  Calling productdetails method in app\controllers\MarketplaceController
2023-02-05 17:12:41  -  [INFO]  GET: http://localhost/krushi-arunalu/marketplace/productdetails/1
2023-02-05 17:12:41  -  [INFO]  Calling productdetails method in app\controllers\MarketplaceController
2023-02-05 17:12:41  -  [INFO]  GET: http://localhost/krushi-arunalu/marketplace/productdetails/1
2023-02-05 17:12:41  -  [INFO]  Calling productdetails method in app\controllers\MarketplaceController
2023-02-05 17:12:41  -  [INFO]  GET: http://localhost/krushi-arunalu/marketplace/productdetails/1
2023-02-05 17:12:41  -  [INFO]  Calling productdetails method in app\controllers\MarketplaceController
2023-02-05 17:12:41  -  [INFO]  GET: http://localhost/krushi-arunalu/marketplace/productdetails/1
2023-02-05 17:12:41  -  [INFO]  Calling productdetails method in app\controllers\MarketplaceController
2023-02-05 17:12:41  -  [INFO]  GET: http://localhost/krushi-arunalu/marketplace/productdetails/1
2023-02-05 17:12:41  -  [INFO]  Calling productdetails method in app\controllers\MarketplaceController
2023-02-05 17:12:41  -  [INFO]  GET: http://localhost/krushi-arunalu/marketplace/productdetails/1
2023-02-05 17:12:41  -  [INFO]  Calling productdetails method in app\controllers\MarketplaceController
2023-02-05 17:12:42  -  [INFO]  GET: http://localhost/krushi-arunalu/marketplace/productdetails/1
2023-02-05 17:12:42  -  [INFO]  Calling productdetails method in app\controllers\MarketplaceController
2023-02-05 17:13:04  -  [INFO]  GET: http://localhost/krushi-arunalu/marketplace/productdetails/1
2023-02-05 17:13:04  -  [INFO]  Calling productdetails method in app\controllers\MarketplaceController
2023-02-05 17:13:04  -  [INFO]  GET: http://localhost/krushi-arunalu/marketplace/productdetails/1
2023-02-05 17:13:04  -  [INFO]  Calling productdetails method in app\controllers\MarketplaceController
2023-02-05 17:13:05  -  [INFO]  GET: http://localhost/krushi-arunalu/marketplace/productdetails/1
2023-02-05 17:13:05  -  [INFO]  Calling productdetails method in app\controllers\MarketplaceController
2023-02-05 17:13:05  -  [INFO]  GET: http://localhost/krushi-arunalu/marketplace/productdetails/1
2023-02-05 17:13:05  -  [INFO]  Calling productdetails method in app\controllers\MarketplaceController
2023-02-05 17:13:05  -  [INFO]  GET: http://localhost/krushi-arunalu/marketplace/productdetails/1
2023-02-05 17:13:05  -  [INFO]  Calling productdetails method in app\controllers\MarketplaceController
2023-02-05 18:51:11  -  [INFO]  GET: http://localhost/krushi-arunalu/marketplace/sendinquiry/1
2023-02-05 18:51:11  -  [INFO]  Calling sendinquiry method in app\controllers\MarketplaceController
2023-02-05 18:51:13  -  [INFO]  GET: http://localhost/krushi-arunalu/marketplace/productdetails/1
2023-02-05 18:51:13  -  [INFO]  Calling productdetails method in app\controllers\MarketplaceController
2023-02-05 19:00:57  -  [INFO]  GET: http://localhost/krushi-arunalu/marketplace/shoppingcart/add/'.$product->id.'
2023-02-05 19:00:57  -  [ERROR]  Requested method (shoppingcart) not found
2023-02-05 19:00:59  -  [INFO]  GET: http://localhost/krushi-arunalu/marketplace/productdetails/1
2023-02-05 19:00:59  -  [INFO]  Calling productdetails method in app\controllers\MarketplaceController
2023-02-05 19:01:00  -  [INFO]  GET: http://localhost/krushi-arunalu/marketplace/sendinquiry/1
2023-02-05 19:01:00  -  [INFO]  Calling sendinquiry method in app\controllers\MarketplaceController
2023-02-05 19:01:02  -  [INFO]  GET: http://localhost/krushi-arunalu/marketplace/productdetails/1
2023-02-05 19:01:02  -  [INFO]  Calling productdetails method in app\controllers\MarketplaceController
2023-02-05 19:16:20  -  [INFO]  GET: http://localhost/krushi-arunalu/marketplace
2023-02-05 19:16:20  -  [INFO]  Calling index method in app\controllers\MarketplaceController
2023-02-05 19:16:22  -  [INFO]  GET: http://localhost/krushi-arunalu/shoppingcart/add/1
2023-02-05 19:16:22  -  [INFO]  Calling add method in app\controllers\ShoppingCartController
2023-02-05 19:16:22  -  [INFO]  GET: http://localhost/krushi-arunalu/shoppingcart
2023-02-05 19:16:22  -  [INFO]  Calling index method in app\controllers\ShoppingCartController
2023-02-05 19:16:25  -  [INFO]  GET: http://localhost/krushi-arunalu/marketplace
2023-02-05 19:16:25  -  [INFO]  Calling index method in app\controllers\MarketplaceController
2023-02-05 19:20:07  -  [INFO]  GET: http://localhost/krushi-arunalu/shoppingcart/add/1
2023-02-05 19:20:07  -  [INFO]  Calling add method in app\controllers\ShoppingCartController
2023-02-05 19:20:07  -  [INFO]  GET: http://localhost/krushi-arunalu/shoppingcart
2023-02-05 19:20:07  -  [INFO]  Calling index method in app\controllers\ShoppingCartController
2023-02-05 19:20:10  -  [INFO]  GET: http://localhost/krushi-arunalu/shoppingcart/remove/324
2023-02-05 19:20:10  -  [INFO]  Calling remove method in app\controllers\ShoppingCartController
2023-02-05 19:20:10  -  [INFO]  GET: http://localhost/krushi-arunalu/shoppingcart
2023-02-05 19:20:10  -  [INFO]  Calling index method in app\controllers\ShoppingCartController
2023-02-05 19:20:11  -  [INFO]  GET: http://localhost/krushi-arunalu/shoppingcart/remove/325
2023-02-05 19:20:11  -  [INFO]  Calling remove method in app\controllers\ShoppingCartController
2023-02-05 19:20:11  -  [INFO]  GET: http://localhost/krushi-arunalu/shoppingcart
2023-02-05 19:20:11  -  [INFO]  Calling index method in app\controllers\ShoppingCartController
2023-02-05 19:20:11  -  [INFO]  GET: http://localhost/krushi-arunalu/shoppingcart/remove/326
2023-02-05 19:20:11  -  [INFO]  Calling remove method in app\controllers\ShoppingCartController
2023-02-05 19:20:11  -  [INFO]  GET: http://localhost/krushi-arunalu/shoppingcart
2023-02-05 19:20:11  -  [INFO]  Calling index method in app\controllers\ShoppingCartController
2023-02-05 19:20:11  -  [INFO]  GET: http://localhost/krushi-arunalu/shoppingcart/remove/327
2023-02-05 19:20:11  -  [INFO]  Calling remove method in app\controllers\ShoppingCartController
2023-02-05 19:20:11  -  [INFO]  GET: http://localhost/krushi-arunalu/shoppingcart
2023-02-05 19:20:11  -  [INFO]  Calling index method in app\controllers\ShoppingCartController
2023-02-05 19:20:12  -  [INFO]  GET: http://localhost/krushi-arunalu/shoppingcart/remove/328
2023-02-05 19:20:12  -  [INFO]  Calling remove method in app\controllers\ShoppingCartController
2023-02-05 19:20:12  -  [INFO]  GET: http://localhost/krushi-arunalu/shoppingcart
2023-02-05 19:20:12  -  [INFO]  Calling index method in app\controllers\ShoppingCartController
2023-02-05 19:20:13  -  [INFO]  GET: http://localhost/krushi-arunalu/shoppingcart/remove/329
2023-02-05 19:20:13  -  [INFO]  Calling remove method in app\controllers\ShoppingCartController
2023-02-05 19:20:13  -  [INFO]  GET: http://localhost/krushi-arunalu/shoppingcart
2023-02-05 19:20:13  -  [INFO]  Calling index method in app\controllers\ShoppingCartController
2023-02-05 19:20:15  -  [INFO]  GET: http://localhost/krushi-arunalu/shoppingcart
2023-02-05 19:20:15  -  [INFO]  Calling index method in app\controllers\ShoppingCartController
2023-02-05 19:20:19  -  [INFO]  GET: http://localhost/krushi-arunalu/marketplace
2023-02-05 19:20:19  -  [INFO]  Calling index method in app\controllers\MarketplaceController
2023-02-05 20:14:57  -  [INFO]  GET: http://localhost/krushi-arunalu/marketplace
2023-02-05 20:14:57  -  [INFO]  Calling index method in app\controllers\MarketplaceController
2023-02-05 20:14:57  -  [INFO]  GET: http://localhost/krushi-arunalu/marketplace
2023-02-05 20:14:57  -  [INFO]  Calling index method in app\controllers\MarketplaceController
2023-02-05 20:14:57  -  [INFO]  GET: http://localhost/krushi-arunalu/marketplace
2023-02-05 20:14:57  -  [INFO]  Calling index method in app\controllers\MarketplaceController
2023-02-05 20:15:01  -  [INFO]  GET: http://localhost/krushi-arunalu/marketplace/productdetails/1
2023-02-05 20:15:01  -  [INFO]  Calling productdetails method in app\controllers\MarketplaceController
2023-02-05 20:15:03  -  [INFO]  GET: http://localhost/krushi-arunalu/marketplace
2023-02-05 20:15:03  -  [INFO]  Calling index method in app\controllers\MarketplaceController
2023-02-05 20:15:04  -  [INFO]  GET: http://localhost/krushi-arunalu/shoppingcart/add/1
2023-02-05 20:15:04  -  [INFO]  Calling add method in app\controllers\ShoppingCartController
2023-02-05 20:15:04  -  [INFO]  GET: http://localhost/krushi-arunalu/shoppingcart
2023-02-05 20:15:04  -  [INFO]  Calling index method in app\controllers\ShoppingCartController
2023-02-05 20:15:06  -  [INFO]  GET: http://localhost/krushi-arunalu/marketplace
2023-02-05 20:15:06  -  [INFO]  Calling index method in app\controllers\MarketplaceController
2023-02-05 20:15:09  -  [INFO]  GET: http://localhost/krushi-arunalu/shoppingcart/add/3
2023-02-05 20:15:09  -  [INFO]  Calling add method in app\controllers\ShoppingCartController
2023-02-05 20:15:09  -  [INFO]  GET: http://localhost/krushi-arunalu/shoppingcart
2023-02-05 20:15:09  -  [INFO]  Calling index method in app\controllers\ShoppingCartController
2023-02-05 20:15:12  -  [INFO]  GET: http://localhost/krushi-arunalu/marketplace
2023-02-05 20:15:12  -  [INFO]  Calling index method in app\controllers\MarketplaceController
2023-02-05 21:33:41  -  [INFO]  GET: http://localhost/krushi-arunalu/shoppingcart/add/1
2023-02-05 21:33:41  -  [INFO]  Calling add method in app\controllers\ShoppingCartController
2023-02-05 21:33:41  -  [INFO]  GET: http://localhost/krushi-arunalu/shoppingcart
2023-02-05 21:33:41  -  [INFO]  Calling index method in app\controllers\ShoppingCartController
2023-02-05 21:33:43  -  [INFO]  GET: http://localhost/krushi-arunalu/marketplace
2023-02-05 21:33:43  -  [INFO]  Calling index method in app\controllers\MarketplaceController
2023-02-05 21:33:45  -  [INFO]  GET: http://localhost/krushi-arunalu/marketplace/productdetails/1
2023-02-05 21:33:45  -  [INFO]  Calling productdetails method in app\controllers\MarketplaceController
2023-02-05 22:10:26  -  [INFO]  GET: http://localhost/krushi-arunalu/marketplace/productdetails/1
2023-02-05 22:10:26  -  [INFO]  Calling productdetails method in app\controllers\MarketplaceController
2023-02-05 22:10:29  -  [INFO]  GET: http://localhost/krushi-arunalu/logout
2023-02-05 22:10:29  -  [INFO]  Calling index method in app\controllers\LogoutController
2023-02-05 22:10:29  -  [INFO]  GET: http://localhost/krushi-arunalu/login
2023-02-05 22:10:29  -  [INFO]  Calling index method in app\controllers\LoginController
2023-02-05 22:10:55  -  [INFO]  POST: http://localhost/krushi-arunalu/login
2023-02-05 22:10:55  -  [INFO]  Calling index method in app\controllers\LoginController
2023-02-05 22:10:55  -  [INFO]  Login attempt by email: testmanufacturer1@gmail.com
2023-02-05 22:10:55  -  [INFO]  GET: http://localhost/krushi-arunalu/index
2023-02-05 22:10:55  -  [INFO]  Calling index method in app\controllers\IndexController
2023-02-05 22:11:03  -  [INFO]  GET: http://localhost/krushi-arunalu/login
2023-02-05 22:11:03  -  [INFO]  Calling index method in app\controllers\LoginController
2023-02-05 22:11:03  -  [INFO]  GET: http://localhost/krushi-arunalu/index
2023-02-05 22:11:03  -  [INFO]  Calling index method in app\controllers\IndexController
2023-02-05 22:11:05  -  [INFO]  GET: http://localhost/krushi-arunalu/login
2023-02-05 22:11:05  -  [INFO]  Calling index method in app\controllers\LoginController
2023-02-05 22:11:05  -  [INFO]  GET: http://localhost/krushi-arunalu/index
2023-02-05 22:11:05  -  [INFO]  Calling index method in app\controllers\IndexController
2023-02-05 22:11:07  -  [INFO]  GET: http://localhost/krushi-arunalu/marketplace
2023-02-05 22:11:07  -  [INFO]  Calling index method in app\controllers\MarketplaceController
2023-02-05 22:11:19  -  [INFO]  GET: http://localhost/krushi-arunalu/index
2023-02-05 22:11:19  -  [INFO]  Calling index method in app\controllers\IndexController
2023-02-05 22:11:21  -  [INFO]  GET: http://localhost/krushi-arunalu/marketplace
2023-02-05 22:11:21  -  [INFO]  Calling index method in app\controllers\MarketplaceController
2023-02-05 22:11:23  -  [INFO]  GET: http://localhost/krushi-arunalu/sales
2023-02-05 22:11:23  -  [ERROR]  Requested controller (sales) not found
2023-02-05 22:11:25  -  [INFO]  GET: http://localhost/krushi-arunalu/marketplace
2023-02-05 22:11:25  -  [INFO]  Calling index method in app\controllers\MarketplaceController
2023-02-05 22:11:26  -  [INFO]  GET: http://localhost/krushi-arunalu/stocks
2023-02-05 22:11:26  -  [ERROR]  Requested controller (stocks) not found
2023-02-05 22:11:29  -  [INFO]  GET: http://localhost/krushi-arunalu/marketplace
2023-02-05 22:11:29  -  [INFO]  Calling index method in app\controllers\MarketplaceController
2023-02-05 22:11:30  -  [INFO]  GET: http://localhost/krushi-arunalu/product
2023-02-05 22:11:30  -  [INFO]  Calling index method in app\controllers\ProductController
2023-02-05 22:11:34  -  [INFO]  GET: http://localhost/krushi-arunalu/producers
2023-02-05 22:11:34  -  [ERROR]  Requested controller (producers) not found
2023-02-05 22:11:36  -  [INFO]  GET: http://localhost/krushi-arunalu/product
2023-02-05 22:11:36  -  [INFO]  Calling index method in app\controllers\ProductController
2023-02-05 22:11:39  -  [INFO]  GET: http://localhost/krushi-arunalu/stocks
2023-02-05 22:11:39  -  [ERROR]  Requested controller (stocks) not found
2023-02-05 22:11:41  -  [INFO]  GET: http://localhost/krushi-arunalu/product
2023-02-05 22:11:41  -  [INFO]  Calling index method in app\controllers\ProductController
2023-02-05 22:11:44  -  [INFO]  GET: http://localhost/krushi-arunalu/manufacturers
2023-02-05 22:11:44  -  [ERROR]  Requested controller (manufacturers) not found
2023-02-05 22:17:59  -  [INFO]  GET: http://localhost/krushi-arunalu/marketplace
2023-02-05 22:17:59  -  [INFO]  Calling index method in app\controllers\MarketplaceController
2023-02-05 22:18:08  -  [INFO]  GET: http://localhost/krushi-arunalu/profile
2023-02-05 22:18:08  -  [ERROR]  Requested controller (profile) not found
2023-02-05 22:18:10  -  [INFO]  GET: http://localhost/krushi-arunalu/marketplace
2023-02-05 22:18:10  -  [INFO]  Calling index method in app\controllers\MarketplaceController
2023-02-05 22:18:21  -  [INFO]  GET: http://localhost/krushi-arunalu/product
2023-02-05 22:18:21  -  [INFO]  Calling index method in app\controllers\ProductController
2023-02-05 22:18:23  -  [INFO]  GET: http://localhost/krushi-arunalu/producers
2023-02-05 22:18:23  -  [ERROR]  Requested controller (producers) not found
2023-02-05 22:18:26  -  [INFO]  GET: http://localhost/krushi-arunalu/product
2023-02-05 22:18:26  -  [INFO]  Calling index method in app\controllers\ProductController
2023-02-05 22:40:58  -  [INFO]  GET: http://localhost/krushi-arunalu/logout
2023-02-05 22:40:58  -  [INFO]  Calling index method in app\controllers\LogoutController
2023-02-05 22:40:58  -  [INFO]  GET: http://localhost/krushi-arunalu/login
2023-02-05 22:40:58  -  [INFO]  Calling index method in app\controllers\LoginController
2023-02-05 22:41:02  -  [INFO]  POST: http://localhost/krushi-arunalu/login
2023-02-05 22:41:02  -  [INFO]  Calling index method in app\controllers\LoginController
2023-02-05 22:41:02  -  [INFO]  Login attempt by email: testmanufacturer1@gmail.com
2023-02-05 22:41:02  -  [INFO]  GET: http://localhost/krushi-arunalu/index
2023-02-05 22:41:02  -  [INFO]  Calling index method in app\controllers\IndexController
2023-02-05 22:41:06  -  [INFO]  GET: http://localhost/krushi-arunalu/login
2023-02-05 22:41:06  -  [INFO]  Calling index method in app\controllers\LoginController
2023-02-05 22:41:06  -  [INFO]  GET: http://localhost/krushi-arunalu/index
2023-02-05 22:41:06  -  [INFO]  Calling index method in app\controllers\IndexController
2023-02-05 22:41:22  -  [INFO]  GET: http://localhost/krushi-arunalu/login
2023-02-05 22:41:22  -  [INFO]  Calling index method in app\controllers\LoginController
2023-02-05 22:41:22  -  [INFO]  GET: http://localhost/krushi-arunalu/index
2023-02-05 22:41:22  -  [INFO]  Calling index method in app\controllers\IndexController
2023-02-05 22:41:50  -  [INFO]  GET: http://localhost/krushi-arunalu/login
2023-02-05 22:41:50  -  [INFO]  Calling index method in app\controllers\LoginController
2023-02-05 22:41:50  -  [INFO]  GET: http://localhost/krushi-arunalu/index
2023-02-05 22:41:50  -  [INFO]  Calling index method in app\controllers\IndexController
2023-02-05 22:42:39  -  [INFO]  GET: http://localhost/krushi-arunalu/login
2023-02-05 22:42:39  -  [INFO]  Calling index method in app\controllers\LoginController
2023-02-05 22:42:39  -  [INFO]  GET: http://localhost/krushi-arunalu/index
2023-02-05 22:42:39  -  [INFO]  Calling index method in app\controllers\IndexController
2023-02-05 22:42:40  -  [INFO]  GET: http://localhost/krushi-arunalu/marketplace
2023-02-05 22:42:40  -  [INFO]  Calling index method in app\controllers\MarketplaceController
2023-02-05 22:42:43  -  [INFO]  GET: http://localhost/krushi-arunalu/shoppingcart/add/1
2023-02-05 22:42:43  -  [INFO]  Calling add method in app\controllers\ShoppingCartController
2023-02-05 22:42:43  -  [PDOException]  SQLSTATE[23000]: Integrity constraint violation: 1452 Cannot add or update a child row: a foreign key constraint fails (`krushi-arunalu-db`.`shopping_cart`, CONSTRAINT `shopping_cart_customer_id` FOREIGN KEY (`customer_id`) REFERENCES `customer` (`id`))
2023-02-05 22:42:43  -  [INFO]  GET: http://localhost/krushi-arunalu/marketplace
2023-02-05 22:42:43  -  [INFO]  Calling index method in app\controllers\MarketplaceController
2023-02-05 22:42:49  -  [INFO]  GET: http://localhost/krushi-arunalu/logout
2023-02-05 22:42:49  -  [INFO]  Calling index method in app\controllers\LogoutController
2023-02-05 22:42:49  -  [INFO]  GET: http://localhost/krushi-arunalu/login
2023-02-05 22:42:49  -  [INFO]  Calling index method in app\controllers\LoginController
2023-02-05 22:42:53  -  [INFO]  POST: http://localhost/krushi-arunalu/login
2023-02-05 22:42:53  -  [INFO]  Calling index method in app\controllers\LoginController
2023-02-05 22:42:53  -  [INFO]  Login attempt by phone: 0764023716
2023-02-05 22:42:54  -  [INFO]  GET: http://localhost/krushi-arunalu/marketplace
2023-02-05 22:42:54  -  [INFO]  Calling index method in app\controllers\MarketplaceController
2023-02-05 22:42:55  -  [INFO]  GET: http://localhost/krushi-arunalu/marketplace/productdetails/1
2023-02-05 22:42:55  -  [INFO]  Calling productdetails method in app\controllers\MarketplaceController
2023-02-05 22:42:56  -  [INFO]  GET: http://localhost/krushi-arunalu/marketplace/sendinquiry/1
2023-02-05 22:42:56  -  [INFO]  Calling sendinquiry method in app\controllers\MarketplaceController
2023-02-05 22:42:59  -  [INFO]  GET: http://localhost/krushi-arunalu/marketplace/productdetails/1
2023-02-05 22:42:59  -  [INFO]  Calling productdetails method in app\controllers\MarketplaceController
2023-02-05 22:43:00  -  [INFO]  GET: http://localhost/krushi-arunalu/marketplace/shoppingcart/add/'.$product->id.'
2023-02-05 22:43:00  -  [ERROR]  Requested method (shoppingcart) not found
2023-02-05 22:43:02  -  [INFO]  GET: http://localhost/krushi-arunalu/marketplace/productdetails/1
2023-02-05 22:43:02  -  [INFO]  Calling productdetails method in app\controllers\MarketplaceController
