2023-02-21 09:08:52  -  [INFO]  GET: http://localhost/krushi-arunalu/Manufacturers
2023-02-21 09:08:52  -  [INFO]  GET: http://localhost/krushi-arunalu/Login
2023-02-21 09:08:52  -  [INFO]  Calling index method in app\controllers\LoginController
2023-02-21 09:08:54  -  [INFO]  POST: http://localhost/krushi-arunalu/Login
2023-02-21 09:08:54  -  [INFO]  Calling index method in app\controllers\LoginController
2023-02-21 09:08:54  -  [INFO]  Login attempt by phone: 0764023716
2023-02-21 09:08:54  -  [INFO]  GET: http://localhost/krushi-arunalu/Marketplace
2023-02-21 09:08:54  -  [INFO]  Calling index method in app\controllers\MarketplaceController
2023-02-21 10:14:57  -  [INFO]  GET: http://localhost/krushi-arunalu/
2023-02-21 10:14:57  -  [INFO]  Calling index method in app\controllers\IndexController
2023-02-21 10:14:59  -  [INFO]  GET: http://localhost/krushi-arunalu/Marketplace
2023-02-21 10:14:59  -  [INFO]  Calling index method in app\controllers\MarketplaceController
2023-02-21 10:15:01  -  [INFO]  GET: http://localhost/krushi-arunalu/Manufacturers
2023-02-21 10:15:01  -  [INFO]  Calling index method in app\controllers\ManufacturersController
2023-02-21 10:16:39  -  [INFO]  GET: http://localhost/krushi-arunalu/Manufacturers
2023-02-21 10:16:39  -  [INFO]  Calling index method in app\controllers\ManufacturersController
2023-02-21 10:42:18  -  [INFO]  GET: http://localhost/krushi-arunalu/Manufacturers
2023-02-21 10:42:18  -  [INFO]  Calling index method in app\controllers\ManufacturersController
2023-02-21 10:42:19  -  [INFO]  GET: http://localhost/krushi-arunalu/Manufacturers
2023-02-21 10:42:19  -  [INFO]  Calling index method in app\controllers\ManufacturersController
2023-02-21 10:42:19  -  [INFO]  GET: http://localhost/krushi-arunalu/Manufacturers
2023-02-21 10:42:19  -  [INFO]  Calling index method in app\controllers\ManufacturersController
2023-02-21 10:42:19  -  [INFO]  GET: http://localhost/krushi-arunalu/Manufacturers
2023-02-21 10:42:19  -  [INFO]  Calling index method in app\controllers\ManufacturersController
2023-02-21 10:42:20  -  [INFO]  GET: http://localhost/krushi-arunalu/Manufacturers
2023-02-21 10:42:20  -  [INFO]  Calling index method in app\controllers\ManufacturersController
2023-02-21 10:42:20  -  [INFO]  GET: http://localhost/krushi-arunalu/Manufacturers
2023-02-21 10:42:20  -  [INFO]  Calling index method in app\controllers\ManufacturersController
2023-02-21 10:42:20  -  [INFO]  GET: http://localhost/krushi-arunalu/Manufacturers
2023-02-21 10:42:20  -  [INFO]  Calling index method in app\controllers\ManufacturersController
2023-02-21 10:42:20  -  [INFO]  GET: http://localhost/krushi-arunalu/Manufacturers
2023-02-21 10:42:20  -  [INFO]  Calling index method in app\controllers\ManufacturersController
2023-02-21 10:42:20  -  [INFO]  GET: http://localhost/krushi-arunalu/Manufacturers
2023-02-21 10:42:20  -  [INFO]  Calling index method in app\controllers\ManufacturersController
2023-02-21 10:42:21  -  [INFO]  GET: http://localhost/krushi-arunalu/Manufacturers
2023-02-21 10:42:21  -  [INFO]  Calling index method in app\controllers\ManufacturersController
2023-02-21 10:42:21  -  [INFO]  GET: http://localhost/krushi-arunalu/Manufacturers
2023-02-21 10:42:21  -  [INFO]  Calling index method in app\controllers\ManufacturersController
2023-02-21 10:50:02  -  [INFO]  GET: http://localhost/krushi-arunalu/Manufacturers
2023-02-21 10:50:02  -  [INFO]  Calling index method in app\controllers\ManufacturersController
2023-02-21 10:50:03  -  [INFO]  GET: http://localhost/krushi-arunalu/Manufacturers
2023-02-21 10:50:03  -  [INFO]  Calling index method in app\controllers\ManufacturersController
2023-02-21 10:50:04  -  [INFO]  GET: http://localhost/krushi-arunalu/Manufacturers
2023-02-21 10:50:04  -  [INFO]  Calling index method in app\controllers\ManufacturersController
2023-02-21 10:50:04  -  [INFO]  GET: http://localhost/krushi-arunalu/Manufacturers
2023-02-21 10:50:04  -  [INFO]  Calling index method in app\controllers\ManufacturersController
2023-02-21 10:50:04  -  [INFO]  GET: http://localhost/krushi-arunalu/Manufacturers
2023-02-21 10:50:04  -  [INFO]  Calling index method in app\controllers\ManufacturersController
2023-02-21 10:50:04  -  [INFO]  GET: http://localhost/krushi-arunalu/Manufacturers
2023-02-21 10:50:04  -  [INFO]  Calling index method in app\controllers\ManufacturersController
2023-02-21 10:50:04  -  [INFO]  GET: http://localhost/krushi-arunalu/Manufacturers
2023-02-21 10:50:04  -  [INFO]  Calling index method in app\controllers\ManufacturersController
2023-02-21 11:41:09  -  [INFO]  GET: http://localhost/krushi-arunalu/Manufacturers
2023-02-21 11:41:09  -  [INFO]  Calling index method in app\controllers\ManufacturersController
2023-02-21 11:41:17  -  [INFO]  GET: http://localhost/krushi-arunalu/Manufacturers
2023-02-21 11:41:17  -  [INFO]  Calling index method in app\controllers\ManufacturersController
2023-02-21 11:41:18  -  [INFO]  GET: http://localhost/krushi-arunalu/Manufacturers
2023-02-21 11:41:18  -  [INFO]  Calling index method in app\controllers\ManufacturersController
2023-02-21 11:41:18  -  [INFO]  GET: http://localhost/krushi-arunalu/Manufacturers
2023-02-21 11:41:18  -  [INFO]  Calling index method in app\controllers\ManufacturersController
2023-02-21 11:41:20  -  [INFO]  GET: http://localhost/krushi-arunalu/Manufacturers
2023-02-21 11:41:20  -  [INFO]  Calling index method in app\controllers\ManufacturersController
2023-02-21 11:41:22  -  [INFO]  GET: http://localhost/krushi-arunalu/Manufacturers
2023-02-21 11:41:22  -  [INFO]  Calling index method in app\controllers\ManufacturersController
2023-02-21 11:42:16  -  [INFO]  GET: http://localhost/krushi-arunalu/Manufacturers
2023-02-21 11:42:16  -  [INFO]  Calling index method in app\controllers\ManufacturersController
2023-02-21 11:42:57  -  [INFO]  GET: http://localhost/krushi-arunalu/Manufacturers
2023-02-21 11:42:57  -  [INFO]  Calling index method in app\controllers\ManufacturersController
2023-02-21 11:54:53  -  [INFO]  GET: http://localhost/krushi-arunalu/Manufacturers
2023-02-21 11:54:53  -  [INFO]  Calling index method in app\controllers\ManufacturersController
2023-02-21 11:54:54  -  [INFO]  GET: http://localhost/krushi-arunalu/Manufacturers
2023-02-21 11:54:54  -  [INFO]  Calling index method in app\controllers\ManufacturersController
2023-02-21 11:54:54  -  [INFO]  GET: http://localhost/krushi-arunalu/Manufacturers
2023-02-21 11:54:54  -  [INFO]  Calling index method in app\controllers\ManufacturersController
2023-02-21 11:54:55  -  [INFO]  GET: http://localhost/krushi-arunalu/Manufacturers
2023-02-21 11:54:55  -  [INFO]  Calling index method in app\controllers\ManufacturersController
2023-02-21 11:54:55  -  [INFO]  GET: http://localhost/krushi-arunalu/Manufacturers
2023-02-21 11:54:55  -  [INFO]  Calling index method in app\controllers\ManufacturersController
2023-02-21 11:54:55  -  [INFO]  GET: http://localhost/krushi-arunalu/Manufacturers
2023-02-21 11:54:55  -  [INFO]  Calling index method in app\controllers\ManufacturersController
2023-02-21 11:54:55  -  [INFO]  GET: http://localhost/krushi-arunalu/Manufacturers
2023-02-21 11:54:55  -  [INFO]  Calling index method in app\controllers\ManufacturersController
2023-02-21 11:54:55  -  [INFO]  GET: http://localhost/krushi-arunalu/Manufacturers
2023-02-21 11:54:55  -  [INFO]  Calling index method in app\controllers\ManufacturersController
2023-02-21 11:54:56  -  [INFO]  GET: http://localhost/krushi-arunalu/Manufacturers
2023-02-21 11:54:56  -  [INFO]  Calling index method in app\controllers\ManufacturersController
2023-02-21 11:54:56  -  [INFO]  GET: http://localhost/krushi-arunalu/Manufacturers
2023-02-21 11:54:56  -  [INFO]  Calling index method in app\controllers\ManufacturersController
2023-02-21 13:28:32  -  [INFO]  GET: http://localhost/krushi-arunalu/Logout
2023-02-21 13:28:32  -  [INFO]  Calling index method in app\controllers\LogoutController
2023-02-21 13:28:32  -  [INFO]  GET: http://localhost/krushi-arunalu/Login
2023-02-21 13:28:32  -  [INFO]  Calling index method in app\controllers\LoginController
2023-02-21 13:28:35  -  [INFO]  GET: http://localhost/krushi-arunalu/Register
2023-02-21 13:28:35  -  [INFO]  Calling index method in app\controllers\RegisterController
2023-02-21 13:30:26  -  [INFO]  POST: http://localhost/krushi-arunalu/Register
2023-02-21 13:30:26  -  [INFO]  Calling index method in app\controllers\RegisterController
2023-02-21 13:30:26  -  [INFO]  Validating form fields
2023-02-21 13:30:26  -  [SUCCESS]  Manufacturer registered with email vimukthi@gmail.com
2023-02-21 13:30:26  -  [INFO]  GET: http://localhost/krushi-arunalu/Login
2023-02-21 13:30:26  -  [INFO]  Calling index method in app\controllers\LoginController
2023-02-21 13:30:33  -  [INFO]  POST: http://localhost/krushi-arunalu/Login
2023-02-21 13:30:33  -  [INFO]  Calling index method in app\controllers\LoginController
2023-02-21 13:30:33  -  [INFO]  Login attempt by email: vimukthi@gmail.com
2023-02-21 13:30:33  -  [INFO]  GET: http://localhost/krushi-arunalu/ManufacturerDashboard
2023-02-21 13:30:33  -  [INFO]  Calling index method in app\controllers\ManufacturerDashboardController
2023-02-21 13:30:48  -  [INFO]  GET: http://localhost/krushi-arunalu/ManufacturerDashboard
2023-02-21 13:30:48  -  [INFO]  Calling index method in app\controllers\ManufacturerDashboardController
2023-02-21 13:30:49  -  [INFO]  GET: http://localhost/krushi-arunalu/Sales
2023-02-21 13:30:49  -  [ERROR]  Requested controller (Sales) not found
2023-02-21 13:30:51  -  [INFO]  GET: http://localhost/krushi-arunalu/ManufacturerDashboard
2023-02-21 13:30:51  -  [INFO]  Calling index method in app\controllers\ManufacturerDashboardController
2023-02-21 13:30:52  -  [INFO]  GET: http://localhost/krushi-arunalu/Manufacturers
2023-02-21 13:30:52  -  [INFO]  Calling index method in app\controllers\ManufacturersController
2023-02-21 13:31:07  -  [INFO]  GET: http://localhost/krushi-arunalu/Purchases
2023-02-21 13:31:07  -  [ERROR]  Requested controller (Purchases) not found
2023-02-21 13:31:09  -  [INFO]  GET: http://localhost/krushi-arunalu/Manufacturers
2023-02-21 13:31:09  -  [INFO]  Calling index method in app\controllers\ManufacturersController
2023-02-21 13:31:10  -  [INFO]  GET: http://localhost/krushi-arunalu/Stocks
2023-02-21 13:31:10  -  [ERROR]  Requested controller (Stocks) not found
2023-02-21 13:31:11  -  [INFO]  GET: http://localhost/krushi-arunalu/Manufacturers
2023-02-21 13:31:11  -  [INFO]  Calling index method in app\controllers\ManufacturersController
2023-02-21 13:31:31  -  [INFO]  GET: http://localhost/krushi-arunalu/Stocks
2023-02-21 13:31:31  -  [ERROR]  Requested controller (Stocks) not found
2023-02-21 13:31:33  -  [INFO]  GET: http://localhost/krushi-arunalu/Manufacturers
2023-02-21 13:31:33  -  [INFO]  Calling index method in app\controllers\ManufacturersController
2023-02-21 13:31:38  -  [INFO]  GET: http://localhost/krushi-arunalu/Stocks
2023-02-21 13:31:38  -  [ERROR]  Requested controller (Stocks) not found
2023-02-21 13:31:39  -  [INFO]  GET: http://localhost/krushi-arunalu/Manufacturers
2023-02-21 13:31:39  -  [INFO]  Calling index method in app\controllers\ManufacturersController
2023-02-21 13:31:41  -  [INFO]  GET: http://localhost/krushi-arunalu/ProductCategories
2023-02-21 13:31:41  -  [INFO]  Calling index method in app\controllers\ProductCategoriesController
2023-02-21 13:31:42  -  [INFO]  GET: http://localhost/krushi-arunalu/Manufacturers
2023-02-21 13:31:42  -  [INFO]  Calling index method in app\controllers\ManufacturersController
2023-02-21 13:31:43  -  [INFO]  GET: http://localhost/krushi-arunalu/Products
2023-02-21 13:31:43  -  [INFO]  Calling index method in app\controllers\ProductsController
2023-02-21 13:31:45  -  [INFO]  GET: http://localhost/krushi-arunalu/Producers
2023-02-21 13:31:45  -  [ERROR]  Requested controller (Producers) not found
2023-02-21 13:31:46  -  [INFO]  GET: http://localhost/krushi-arunalu/Products
2023-02-21 13:31:46  -  [INFO]  Calling index method in app\controllers\ProductsController
2023-02-21 13:31:51  -  [INFO]  GET: http://localhost/krushi-arunalu/Sales
2023-02-21 13:31:51  -  [ERROR]  Requested controller (Sales) not found
2023-02-21 13:31:52  -  [INFO]  GET: http://localhost/krushi-arunalu/Products
2023-02-21 13:31:52  -  [INFO]  Calling index method in app\controllers\ProductsController
2023-02-21 13:31:54  -  [INFO]  GET: http://localhost/krushi-arunalu/Manufacturers
2023-02-21 13:31:54  -  [INFO]  Calling index method in app\controllers\ManufacturersController
2023-02-21 13:32:14  -  [INFO]  GET: http://localhost/krushi-arunalu/ProductCategories
2023-02-21 13:32:14  -  [INFO]  Calling index method in app\controllers\ProductCategoriesController
2023-02-21 13:32:16  -  [INFO]  GET: http://localhost/krushi-arunalu/Manufacturers
2023-02-21 13:32:16  -  [INFO]  Calling index method in app\controllers\ManufacturersController
2023-02-21 13:32:17  -  [INFO]  GET: http://localhost/krushi-arunalu/Products
2023-02-21 13:32:18  -  [INFO]  Calling index method in app\controllers\ProductsController
2023-02-21 13:32:22  -  [INFO]  GET: http://localhost/krushi-arunalu/Producers
2023-02-21 13:32:22  -  [ERROR]  Requested controller (Producers) not found
2023-02-21 13:32:24  -  [INFO]  GET: http://localhost/krushi-arunalu/Products
2023-02-21 13:32:24  -  [INFO]  Calling index method in app\controllers\ProductsController
2023-02-21 13:32:26  -  [INFO]  GET: http://localhost/krushi-arunalu/ProductCategories
2023-02-21 13:32:26  -  [INFO]  Calling index method in app\controllers\ProductCategoriesController
2023-02-21 13:32:28  -  [INFO]  GET: http://localhost/krushi-arunalu/Products
2023-02-21 13:32:28  -  [INFO]  Calling index method in app\controllers\ProductsController
2023-02-21 13:32:29  -  [INFO]  GET: http://localhost/krushi-arunalu/CropRequestsManufacturer
2023-02-21 13:32:29  -  [ERROR]  Requested controller (CropRequestsManufacturer) not found
2023-02-21 13:32:31  -  [INFO]  GET: http://localhost/krushi-arunalu/Products
2023-02-21 13:32:31  -  [INFO]  Calling index method in app\controllers\ProductsController
2023-02-21 13:32:33  -  [INFO]  GET: http://localhost/krushi-arunalu/Manufacturers
2023-02-21 13:32:33  -  [INFO]  Calling index method in app\controllers\ManufacturersController
2023-02-21 13:32:35  -  [INFO]  GET: http://localhost/krushi-arunalu/Purchases
2023-02-21 13:32:35  -  [ERROR]  Requested controller (Purchases) not found
2023-02-21 13:32:37  -  [INFO]  GET: http://localhost/krushi-arunalu/Manufacturers
2023-02-21 13:32:37  -  [INFO]  Calling index method in app\controllers\ManufacturersController
2023-02-21 13:33:16  -  [INFO]  GET: http://localhost/krushi-arunalu/Manufacturers
2023-02-21 13:33:16  -  [INFO]  Calling index method in app\controllers\ManufacturersController
2023-02-21 13:33:17  -  [INFO]  GET: http://localhost/krushi-arunalu/Manufacturers
2023-02-21 13:33:17  -  [INFO]  Calling index method in app\controllers\ManufacturersController
2023-02-21 13:33:18  -  [INFO]  GET: http://localhost/krushi-arunalu/Manufacturers
2023-02-21 13:33:18  -  [INFO]  Calling index method in app\controllers\ManufacturersController
2023-02-21 13:33:26  -  [INFO]  GET: http://localhost/krushi-arunalu/Sales
2023-02-21 13:33:26  -  [ERROR]  Requested controller (Sales) not found
2023-02-21 13:33:28  -  [INFO]  GET: http://localhost/krushi-arunalu/Manufacturers
2023-02-21 13:33:28  -  [INFO]  Calling index method in app\controllers\ManufacturersController
2023-02-21 13:33:45  -  [INFO]  GET: http://localhost/krushi-arunalu/ProductCategories
2023-02-21 13:33:45  -  [INFO]  Calling index method in app\controllers\ProductCategoriesController
2023-02-21 13:33:52  -  [INFO]  GET: http://localhost/krushi-arunalu/Manufacturers
2023-02-21 13:33:52  -  [INFO]  Calling index method in app\controllers\ManufacturersController
2023-02-21 13:33:54  -  [INFO]  GET: http://localhost/krushi-arunalu/Products
2023-02-21 13:33:54  -  [INFO]  Calling index method in app\controllers\ProductsController
2023-02-21 13:33:56  -  [INFO]  GET: http://localhost/krushi-arunalu/Producers
2023-02-21 13:33:56  -  [ERROR]  Requested controller (Producers) not found
2023-02-21 13:33:58  -  [INFO]  GET: http://localhost/krushi-arunalu/Products
2023-02-21 13:33:58  -  [INFO]  Calling index method in app\controllers\ProductsController
2023-02-21 13:33:59  -  [INFO]  GET: http://localhost/krushi-arunalu/ProductCategories
2023-02-21 13:33:59  -  [INFO]  Calling index method in app\controllers\ProductCategoriesController
2023-02-21 13:34:01  -  [INFO]  GET: http://localhost/krushi-arunalu/Products
2023-02-21 13:34:01  -  [INFO]  Calling index method in app\controllers\ProductsController
2023-02-21 13:34:02  -  [INFO]  GET: http://localhost/krushi-arunalu/Manufacturers
2023-02-21 13:34:02  -  [INFO]  Calling index method in app\controllers\ManufacturersController
2023-02-21 13:34:05  -  [INFO]  GET: http://localhost/krushi-arunalu/ManufacturerDashboard
2023-02-21 13:34:05  -  [INFO]  Calling index method in app\controllers\ManufacturerDashboardController
2023-02-21 13:34:12  -  [INFO]  GET: http://localhost/krushi-arunalu/Manufacturers
2023-02-21 13:34:12  -  [INFO]  Calling index method in app\controllers\ManufacturersController
2023-02-21 13:34:15  -  [INFO]  GET: http://localhost/krushi-arunalu/ProductCategories
2023-02-21 13:34:15  -  [INFO]  Calling index method in app\controllers\ProductCategoriesController
2023-02-21 13:34:17  -  [INFO]  GET: http://localhost/krushi-arunalu/Manufacturers
2023-02-21 13:34:17  -  [INFO]  Calling index method in app\controllers\ManufacturersController
2023-02-21 13:34:19  -  [INFO]  GET: http://localhost/krushi-arunalu/Producers
2023-02-21 13:34:19  -  [ERROR]  Requested controller (Producers) not found
2023-02-21 13:34:21  -  [INFO]  GET: http://localhost/krushi-arunalu/Manufacturers
2023-02-21 13:34:21  -  [INFO]  Calling index method in app\controllers\ManufacturersController
2023-02-21 13:34:23  -  [INFO]  GET: http://localhost/krushi-arunalu/Products
2023-02-21 13:34:23  -  [INFO]  Calling index method in app\controllers\ProductsController
2023-02-21 13:34:25  -  [INFO]  GET: http://localhost/krushi-arunalu/ProductCategories
2023-02-21 13:34:25  -  [INFO]  Calling index method in app\controllers\ProductCategoriesController
2023-02-21 13:34:27  -  [INFO]  GET: http://localhost/krushi-arunalu/Products
2023-02-21 13:34:27  -  [INFO]  Calling index method in app\controllers\ProductsController
2023-02-21 13:34:29  -  [INFO]  GET: http://localhost/krushi-arunalu/Producers
2023-02-21 13:34:29  -  [ERROR]  Requested controller (Producers) not found
2023-02-21 13:34:31  -  [INFO]  GET: http://localhost/krushi-arunalu/Products
2023-02-21 13:34:31  -  [INFO]  Calling index method in app\controllers\ProductsController
2023-02-21 13:34:33  -  [INFO]  GET: http://localhost/krushi-arunalu/CropRequestsManufacturer
2023-02-21 13:34:33  -  [ERROR]  Requested controller (CropRequestsManufacturer) not found
2023-02-21 13:34:36  -  [INFO]  GET: http://localhost/krushi-arunalu/Products
2023-02-21 13:34:36  -  [INFO]  Calling index method in app\controllers\ProductsController
2023-02-21 13:34:38  -  [INFO]  GET: http://localhost/krushi-arunalu/ManufacturerDashboard
2023-02-21 13:34:38  -  [INFO]  Calling index method in app\controllers\ManufacturerDashboardController
2023-02-21 13:34:41  -  [INFO]  GET: http://localhost/krushi-arunalu/Manufacturers
2023-02-21 13:34:41  -  [INFO]  Calling index method in app\controllers\ManufacturersController
2023-02-21 13:34:49  -  [INFO]  GET: http://localhost/krushi-arunalu/ProductCategories
2023-02-21 13:34:49  -  [INFO]  Calling index method in app\controllers\ProductCategoriesController
2023-02-21 13:34:51  -  [INFO]  GET: http://localhost/krushi-arunalu/Manufacturers
2023-02-21 13:34:51  -  [INFO]  Calling index method in app\controllers\ManufacturersController
2023-02-21 13:34:53  -  [INFO]  GET: http://localhost/krushi-arunalu/Products
2023-02-21 13:34:53  -  [INFO]  Calling index method in app\controllers\ProductsController
2023-02-21 13:34:58  -  [INFO]  GET: http://localhost/krushi-arunalu/Manufacturers
2023-02-21 13:34:58  -  [INFO]  Calling index method in app\controllers\ManufacturersController
2023-02-21 13:35:00  -  [INFO]  GET: http://localhost/krushi-arunalu/Producers
2023-02-21 13:35:00  -  [ERROR]  Requested controller (Producers) not found
2023-02-21 13:35:02  -  [INFO]  GET: http://localhost/krushi-arunalu/Manufacturers
2023-02-21 13:35:02  -  [INFO]  Calling index method in app\controllers\ManufacturersController
2023-02-21 13:35:06  -  [INFO]  GET: http://localhost/krushi-arunalu/ManufacturerDashboard
2023-02-21 13:35:06  -  [INFO]  Calling index method in app\controllers\ManufacturerDashboardController
2023-02-21 13:35:08  -  [INFO]  GET: http://localhost/krushi-arunalu/Sales
2023-02-21 13:35:08  -  [ERROR]  Requested controller (Sales) not found
2023-02-21 13:35:10  -  [INFO]  GET: http://localhost/krushi-arunalu/ManufacturerDashboard
2023-02-21 13:35:10  -  [INFO]  Calling index method in app\controllers\ManufacturerDashboardController
2023-02-21 13:35:16  -  [INFO]  GET: http://localhost/krushi-arunalu/Sales
2023-02-21 13:35:16  -  [ERROR]  Requested controller (Sales) not found
2023-02-21 13:35:18  -  [INFO]  GET: http://localhost/krushi-arunalu/ManufacturerDashboard
2023-02-21 13:35:18  -  [INFO]  Calling index method in app\controllers\ManufacturerDashboardController
2023-02-21 13:35:56  -  [INFO]  GET: http://localhost/krushi-arunalu/Purchases
2023-02-21 13:35:56  -  [ERROR]  Requested controller (Purchases) not found
2023-02-21 13:35:58  -  [INFO]  GET: http://localhost/krushi-arunalu/ManufacturerDashboard
2023-02-21 13:35:58  -  [INFO]  Calling index method in app\controllers\ManufacturerDashboardController
2023-02-21 13:36:01  -  [INFO]  GET: http://localhost/krushi-arunalu/ManufacturerDashboard
2023-02-21 13:36:01  -  [INFO]  Calling index method in app\controllers\ManufacturerDashboardController
2023-02-21 13:36:03  -  [INFO]  GET: http://localhost/krushi-arunalu/Stocks
2023-02-21 13:36:03  -  [ERROR]  Requested controller (Stocks) not found
2023-02-21 13:36:05  -  [INFO]  GET: http://localhost/krushi-arunalu/ManufacturerDashboard
2023-02-21 13:36:05  -  [INFO]  Calling index method in app\controllers\ManufacturerDashboardController
2023-02-21 13:36:07  -  [INFO]  GET: http://localhost/krushi-arunalu/ProductCategories
2023-02-21 13:36:07  -  [INFO]  Calling index method in app\controllers\ProductCategoriesController
2023-02-21 13:36:09  -  [INFO]  GET: http://localhost/krushi-arunalu/ManufacturerDashboard
2023-02-21 13:36:09  -  [INFO]  Calling index method in app\controllers\ManufacturerDashboardController
2023-02-21 13:36:11  -  [INFO]  GET: http://localhost/krushi-arunalu/Producers
2023-02-21 13:36:11  -  [ERROR]  Requested controller (Producers) not found
2023-02-21 13:36:13  -  [INFO]  GET: http://localhost/krushi-arunalu/ManufacturerDashboard
2023-02-21 13:36:13  -  [INFO]  Calling index method in app\controllers\ManufacturerDashboardController
2023-02-21 13:40:17  -  [INFO]  GET: http://localhost/krushi-arunalu/ManufacturerDashboard
2023-02-21 13:40:17  -  [INFO]  Calling index method in app\controllers\ManufacturerDashboardController
2023-02-21 13:40:19  -  [INFO]  GET: http://localhost/krushi-arunalu/Sales
2023-02-21 13:40:19  -  [ERROR]  Requested controller (Sales) not found
2023-02-21 13:40:21  -  [INFO]  GET: http://localhost/krushi-arunalu/ManufacturerDashboard
2023-02-21 13:40:21  -  [INFO]  Calling index method in app\controllers\ManufacturerDashboardController
2023-02-21 13:40:22  -  [INFO]  GET: http://localhost/krushi-arunalu/Manufacturers
2023-02-21 13:40:22  -  [INFO]  Calling index method in app\controllers\ManufacturersController
2023-02-21 13:40:28  -  [INFO]  GET: http://localhost/krushi-arunalu/Logout
2023-02-21 13:40:28  -  [INFO]  Calling index method in app\controllers\LogoutController
2023-02-21 13:40:28  -  [INFO]  GET: http://localhost/krushi-arunalu/Login
2023-02-21 13:40:28  -  [INFO]  Calling index method in app\controllers\LoginController
2023-02-21 13:42:19  -  [INFO]  POST: http://localhost/krushi-arunalu/Login
2023-02-21 13:42:19  -  [INFO]  Calling index method in app\controllers\LoginController
2023-02-21 13:42:19  -  [INFO]  Login attempt by email: testmanufacturer1@gmail.com
2023-02-21 13:42:20  -  [INFO]  GET: http://localhost/krushi-arunalu/ManufacturerDashboard
2023-02-21 13:42:20  -  [INFO]  Calling index method in app\controllers\ManufacturerDashboardController
2023-02-21 13:42:22  -  [INFO]  GET: http://localhost/krushi-arunalu/ManufacturerDashboard
2023-02-21 13:42:22  -  [INFO]  Calling index method in app\controllers\ManufacturerDashboardController
2023-02-21 13:42:23  -  [INFO]  GET: http://localhost/krushi-arunalu/Sales
2023-02-21 13:42:23  -  [ERROR]  Requested controller (Sales) not found
2023-02-21 13:42:26  -  [INFO]  GET: http://localhost/krushi-arunalu/ManufacturerDashboard
2023-02-21 13:42:26  -  [INFO]  Calling index method in app\controllers\ManufacturerDashboardController
2023-02-21 13:42:37  -  [INFO]  GET: http://localhost/krushi-arunalu/Manufacturers
2023-02-21 13:42:37  -  [INFO]  Calling index method in app\controllers\ManufacturersController
2023-02-21 13:47:16  -  [INFO]  GET: http://localhost/krushi-arunalu/Marketplace/productdetails/6
2023-02-21 13:47:16  -  [INFO]  Calling productdetails method in app\controllers\MarketplaceController
2023-02-21 13:47:21  -  [INFO]  GET: http://localhost/krushi-arunalu/Manufacturers
2023-02-21 13:47:21  -  [INFO]  Calling index method in app\controllers\ManufacturersController
2023-02-21 13:47:23  -  [INFO]  GET: http://localhost/krushi-arunalu/ManufacturerDashboard
2023-02-21 13:47:23  -  [INFO]  Calling index method in app\controllers\ManufacturerDashboardController
2023-02-21 13:47:25  -  [INFO]  GET: http://localhost/krushi-arunalu/Manufacturers
2023-02-21 13:47:25  -  [INFO]  Calling index method in app\controllers\ManufacturersController
2023-02-21 13:47:26  -  [INFO]  GET: http://localhost/krushi-arunalu/Marketplace/productdetails/6
2023-02-21 13:47:26  -  [INFO]  Calling productdetails method in app\controllers\MarketplaceController
2023-02-21 13:47:33  -  [INFO]  GET: http://localhost/krushi-arunalu/Logout
2023-02-21 13:47:33  -  [INFO]  Calling index method in app\controllers\LogoutController
2023-02-21 13:47:33  -  [INFO]  GET: http://localhost/krushi-arunalu/Login
2023-02-21 13:47:33  -  [INFO]  Calling index method in app\controllers\LoginController
2023-02-21 13:47:36  -  [INFO]  POST: http://localhost/krushi-arunalu/Login
2023-02-21 13:47:36  -  [INFO]  Calling index method in app\controllers\LoginController
2023-02-21 13:47:36  -  [INFO]  Login attempt by phone: 0764023716
2023-02-21 13:47:37  -  [INFO]  GET: http://localhost/krushi-arunalu/Marketplace
2023-02-21 13:47:37  -  [INFO]  Calling index method in app\controllers\MarketplaceController
2023-02-21 13:47:39  -  [INFO]  GET: http://localhost/krushi-arunalu/Manufacturers
2023-02-21 13:47:39  -  [INFO]  Calling index method in app\controllers\ManufacturersController
2023-02-21 13:47:44  -  [INFO]  GET: http://localhost/krushi-arunalu/Marketplace/productdetails/6
2023-02-21 13:47:44  -  [INFO]  Calling productdetails method in app\controllers\MarketplaceController
2023-02-21 13:47:51  -  [INFO]  GET: http://localhost/krushi-arunalu/Manufacturers
2023-02-21 13:47:51  -  [INFO]  Calling index method in app\controllers\ManufacturersController
2023-02-21 13:58:24  -  [INFO]  GET: http://localhost/krushi-arunalu/Logout
2023-02-21 13:58:24  -  [INFO]  Calling index method in app\controllers\LogoutController
2023-02-21 13:58:24  -  [INFO]  GET: http://localhost/krushi-arunalu/Login
2023-02-21 13:58:24  -  [INFO]  Calling index method in app\controllers\LoginController
2023-02-21 13:58:33  -  [INFO]  POST: http://localhost/krushi-arunalu/Login
2023-02-21 13:58:33  -  [INFO]  Calling index method in app\controllers\LoginController
2023-02-21 13:58:33  -  [INFO]  Login attempt by email: testmanufacturer1@gmail.com
2023-02-21 13:58:33  -  [INFO]  GET: http://localhost/krushi-arunalu/ManufacturerDashboard
2023-02-21 13:58:33  -  [INFO]  Calling index method in app\controllers\ManufacturerDashboardController
2023-02-21 14:04:25  -  [INFO]  GET: http://localhost/krushi-arunalu/Logout
2023-02-21 14:04:25  -  [INFO]  Calling index method in app\controllers\LogoutController
2023-02-21 14:04:25  -  [INFO]  GET: http://localhost/krushi-arunalu/Login
2023-02-21 14:04:25  -  [INFO]  Calling index method in app\controllers\LoginController
2023-02-21 14:04:26  -  [INFO]  POST: http://localhost/krushi-arunalu/Login
2023-02-21 14:04:26  -  [INFO]  Calling index method in app\controllers\LoginController
2023-02-21 14:04:26  -  [INFO]  Login attempt by email: testmanufacturer1@gmail.com
2023-02-21 14:04:26  -  [INFO]  GET: http://localhost/krushi-arunalu/ManufacturerDashboard
2023-02-21 14:04:26  -  [INFO]  Calling index method in app\controllers\ManufacturerDashboardController
2023-02-21 14:04:28  -  [INFO]  GET: http://localhost/krushi-arunalu/Logout
2023-02-21 14:04:28  -  [INFO]  Calling index method in app\controllers\LogoutController
2023-02-21 14:04:28  -  [INFO]  GET: http://localhost/krushi-arunalu/Login
2023-02-21 14:04:28  -  [INFO]  Calling index method in app\controllers\LoginController
2023-02-21 14:04:32  -  [INFO]  POST: http://localhost/krushi-arunalu/Login
2023-02-21 14:04:32  -  [INFO]  Calling index method in app\controllers\LoginController
2023-02-21 14:04:32  -  [INFO]  Login attempt by phone: 0764023716
2023-02-21 14:04:32  -  [INFO]  GET: http://localhost/krushi-arunalu/Marketplace
2023-02-21 14:04:32  -  [INFO]  Calling index method in app\controllers\MarketplaceController
2023-02-21 14:04:33  -  [INFO]  GET: http://localhost/krushi-arunalu/Manufacturers
2023-02-21 14:04:33  -  [INFO]  Calling index method in app\controllers\ManufacturersController
2023-02-21 14:04:35  -  [INFO]  GET: http://localhost/krushi-arunalu/Orders
2023-02-21 14:04:35  -  [INFO]  Calling index method in app\controllers\OrdersController
2023-02-21 14:04:35  -  [INFO]  GET: http://localhost/krushi-arunalu/Manufacturers
2023-02-21 14:04:35  -  [INFO]  Calling index method in app\controllers\ManufacturersController
2023-02-21 14:04:37  -  [INFO]  GET: http://localhost/krushi-arunalu/Orders
2023-02-21 14:04:37  -  [INFO]  Calling index method in app\controllers\OrdersController
2023-02-21 14:04:37  -  [INFO]  GET: http://localhost/krushi-arunalu/Manufacturers
2023-02-21 14:04:37  -  [INFO]  Calling index method in app\controllers\ManufacturersController
2023-02-21 14:21:58  -  [INFO]  GET: http://localhost/krushi-arunalu/Logout
2023-02-21 14:21:58  -  [INFO]  Calling index method in app\controllers\LogoutController
2023-02-21 14:21:58  -  [INFO]  GET: http://localhost/krushi-arunalu/Login
2023-02-21 14:21:58  -  [INFO]  Calling index method in app\controllers\LoginController
2023-02-21 14:22:04  -  [INFO]  POST: http://localhost/krushi-arunalu/Login
2023-02-21 14:22:04  -  [INFO]  Calling index method in app\controllers\LoginController
2023-02-21 14:22:04  -  [INFO]  Login attempt by email: testmanufacturer1@gmail.com
2023-02-21 14:22:04  -  [INFO]  GET: http://localhost/krushi-arunalu/ManufacturerDashboard
2023-02-21 14:22:04  -  [INFO]  Calling index method in app\controllers\ManufacturerDashboardController
2023-02-21 14:22:10  -  [INFO]  GET: http://localhost/krushi-arunalu/Sales
2023-02-21 14:22:10  -  [ERROR]  Requested controller (Sales) not found
2023-02-21 14:22:12  -  [INFO]  GET: http://localhost/krushi-arunalu/ManufacturerDashboard
2023-02-21 14:22:12  -  [INFO]  Calling index method in app\controllers\ManufacturerDashboardController
2023-02-21 14:22:33  -  [INFO]  GET: http://localhost/krushi-arunalu/Purchases
2023-02-21 14:22:33  -  [ERROR]  Requested controller (Purchases) not found
2023-02-21 14:22:35  -  [INFO]  GET: http://localhost/krushi-arunalu/ManufacturerDashboard
2023-02-21 14:22:35  -  [INFO]  Calling index method in app\controllers\ManufacturerDashboardController
2023-02-21 14:22:38  -  [INFO]  GET: http://localhost/krushi-arunalu/Stocks
2023-02-21 14:22:38  -  [ERROR]  Requested controller (Stocks) not found
2023-02-21 14:22:40  -  [INFO]  GET: http://localhost/krushi-arunalu/ManufacturerDashboard
2023-02-21 14:22:40  -  [INFO]  Calling index method in app\controllers\ManufacturerDashboardController
2023-02-21 14:22:43  -  [INFO]  GET: http://localhost/krushi-arunalu/ProductCategories
2023-02-21 14:22:43  -  [INFO]  Calling index method in app\controllers\ProductCategoriesController
2023-02-21 14:22:49  -  [INFO]  GET: http://localhost/krushi-arunalu/ManufacturerDashboard
2023-02-21 14:22:49  -  [INFO]  Calling index method in app\controllers\ManufacturerDashboardController
2023-02-21 14:22:57  -  [INFO]  GET: http://localhost/krushi-arunalu/Products
2023-02-21 14:22:57  -  [INFO]  Calling index method in app\controllers\ProductsController
2023-02-21 14:23:29  -  [INFO]  GET: http://localhost/krushi-arunalu/Producers
2023-02-21 14:23:29  -  [ERROR]  Requested controller (Producers) not found
2023-02-21 14:23:31  -  [INFO]  GET: http://localhost/krushi-arunalu/Products
2023-02-21 14:23:31  -  [INFO]  Calling index method in app\controllers\ProductsController
2023-02-21 14:23:34  -  [INFO]  GET: http://localhost/krushi-arunalu/CropRequestsManufacturer
2023-02-21 14:23:34  -  [ERROR]  Requested controller (CropRequestsManufacturer) not found
2023-02-21 14:23:41  -  [INFO]  GET: http://localhost/krushi-arunalu/Products
2023-02-21 14:23:41  -  [INFO]  Calling index method in app\controllers\ProductsController
2023-02-21 14:23:43  -  [INFO]  GET: http://localhost/krushi-arunalu/Sales
2023-02-21 14:23:43  -  [ERROR]  Requested controller (Sales) not found
2023-02-21 14:23:46  -  [INFO]  GET: http://localhost/krushi-arunalu/Products
2023-02-21 14:23:46  -  [INFO]  Calling index method in app\controllers\ProductsController
2023-02-21 14:29:39  -  [INFO]  GET: http://ec2-52-221-182-58.ap-southeast-1.compute.amazonaws.com/krushi-arunalu/Products
2023-02-21 14:29:39  -  [INFO]  Calling index method in app\controllers\ProductsController
2023-02-21 14:29:39  -  [PDOException]  SQLSTATE[HY000] [2006] MySQL server has gone away
2023-02-21 14:29:42  -  [INFO]  GET: http://ec2-52-221-182-58.ap-southeast-1.compute.amazonaws.com/krushi-arunalu/ManufacturerDashboard
2023-02-21 14:29:42  -  [INFO]  Calling index method in app\controllers\ManufacturerDashboardController
2023-02-21 14:30:44  -  [INFO]  GET: http://localhost/krushi-arunalu/Manufacturers
2023-02-21 14:30:49  -  [INFO]  GET: http://localhost/krushi-arunalu/Manufacturers
2023-02-21 14:30:50  -  [INFO]  GET: http://localhost/krushi-arunalu/Marketplace
2023-02-21 14:30:50  -  [INFO]  Calling index method in app\controllers\MarketplaceController
2023-02-21 14:30:51  -  [PDOException]  SQLSTATE[HY000] [2006] MySQL server has gone away
2023-02-21 14:30:54  -  [INFO]  GET: http://localhost/krushi-arunalu/Marketplace
2023-02-21 14:30:54  -  [INFO]  Calling index method in app\controllers\MarketplaceController
2023-02-21 14:30:54  -  [PDOException]  SQLSTATE[HY000] [2006] MySQL server has gone away
2023-02-21 14:31:02  -  [INFO]  GET: http://localhost/krushi-arunalu/
2023-02-21 14:31:02  -  [INFO]  Calling index method in app\controllers\IndexController
2023-02-21 14:31:04  -  [INFO]  GET: http://localhost/krushi-arunalu/Marketplace
2023-02-21 14:31:04  -  [INFO]  Calling index method in app\controllers\MarketplaceController
2023-02-21 14:31:04  -  [PDOException]  SQLSTATE[HY000] [2006] MySQL server has gone away
2023-02-21 14:31:12  -  [INFO]  GET: http://localhost/krushi-arunalu/
2023-02-21 14:31:12  -  [INFO]  Calling index method in app\controllers\IndexController
2023-02-21 14:31:14  -  [INFO]  GET: http://localhost/krushi-arunalu/Login
2023-02-21 14:31:14  -  [INFO]  Calling index method in app\controllers\LoginController
2023-02-21 14:31:14  -  [INFO]  GET: http://localhost/krushi-arunalu/ManufacturerDashboard
2023-02-21 14:31:14  -  [INFO]  Calling index method in app\controllers\ManufacturerDashboardController
2023-02-21 14:31:21  -  [INFO]  GET: http://localhost/krushi-arunalu/ManufacturerSales
2023-02-21 14:31:21  -  [INFO]  Calling index method in app\controllers\ManufacturerSalesController
2023-02-21 14:31:29  -  [INFO]  GET: http://localhost/krushi-arunalu/ManufacturerOrders
2023-02-21 14:31:29  -  [INFO]  Calling index method in app\controllers\ManufacturerOrdersController
2023-02-21 14:31:29  -  [PDOException]  SQLSTATE[HY000] [2006] MySQL server has gone away
2023-02-21 14:31:37  -  [INFO]  GET: http://localhost/krushi-arunalu/ManufacturerSales
2023-02-21 14:31:37  -  [INFO]  Calling index method in app\controllers\ManufacturerSalesController
2023-02-21 14:31:41  -  [INFO]  GET: http://localhost/krushi-arunalu/PurchasedStocks
2023-02-21 14:31:41  -  [INFO]  Calling index method in app\controllers\PurchasedStocksController
2023-02-21 14:31:43  -  [INFO]  GET: http://localhost/krushi-arunalu/ProductCategories
2023-02-21 14:31:43  -  [INFO]  Calling index method in app\controllers\ProductCategoriesController
2023-02-21 14:31:43  -  [PDOException]  SQLSTATE[HY000] [2006] MySQL server has gone away
2023-02-21 14:31:46  -  [INFO]  GET: http://localhost/krushi-arunalu/PurchasedStocks
2023-02-21 14:31:46  -  [INFO]  Calling index method in app\controllers\PurchasedStocksController
2023-02-21 14:31:51  -  [INFO]  GET: http://localhost/krushi-arunalu/Inquiries
2023-02-21 14:31:51  -  [INFO]  Calling index method in app\controllers\InquiriesController
2023-02-21 14:31:53  -  [INFO]  GET: http://localhost/krushi-arunalu/ManufacturerCropRequests
2023-02-21 14:31:53  -  [INFO]  Calling index method in app\controllers\ManufacturerCropRequestsController
2023-02-21 14:31:55  -  [INFO]  GET: http://localhost/krushi-arunalu/Producers
2023-02-21 14:31:55  -  [INFO]  Calling index method in app\controllers\ProducersController
2023-02-21 14:31:55  -  [PDOException]  SQLSTATE[HY000] [2006] MySQL server has gone away
2023-02-21 14:31:58  -  [INFO]  GET: http://localhost/krushi-arunalu/ManufacturerCropRequests
2023-02-21 14:31:58  -  [INFO]  Calling index method in app\controllers\ManufacturerCropRequestsController
2023-02-21 14:32:02  -  [INFO]  GET: http://localhost/krushi-arunalu/Logout
2023-02-21 14:32:02  -  [INFO]  Calling index method in app\controllers\LogoutController
2023-02-21 14:32:02  -  [INFO]  GET: http://localhost/krushi-arunalu/Login
2023-02-21 14:32:02  -  [INFO]  Calling index method in app\controllers\LoginController
2023-02-21 14:32:13  -  [INFO]  POST: http://localhost/krushi-arunalu/Login
2023-02-21 14:32:13  -  [INFO]  Calling index method in app\controllers\LoginController
2023-02-21 14:32:13  -  [INFO]  Login attempt by phone: 0764023716
2023-02-21 14:32:13  -  [PDOException]  SQLSTATE[HY000] [2006] MySQL server has gone away
2023-02-21 14:33:25  -  [INFO]  POST: http://localhost/krushi-arunalu/Login
2023-02-21 14:33:25  -  [INFO]  Calling index method in app\controllers\LoginController
2023-02-21 14:33:25  -  [INFO]  Login attempt by phone: 0764023716
2023-02-21 14:33:25  -  [INFO]  GET: http://localhost/krushi-arunalu/Marketplace
2023-02-21 14:33:25  -  [INFO]  Calling index method in app\controllers\MarketplaceController
2023-02-21 14:33:28  -  [INFO]  GET: http://localhost/krushi-arunalu/Orders
2023-02-21 14:33:28  -  [INFO]  Calling index method in app\controllers\OrdersController
2023-02-21 14:33:30  -  [INFO]  GET: http://localhost/krushi-arunalu/Manufacturers
2023-02-21 14:33:30  -  [INFO]  Calling index method in app\controllers\ManufacturersController
