2023-02-04 19:41:26  -  [INFO]  GET: http://localhost/krushi-arunalu/
2023-02-04 19:41:26  -  [INFO]  Calling index method in app\controllers\IndexController
2023-02-04 19:41:28  -  [INFO]  GET: http://localhost/krushi-arunalu/marketplace
2023-02-04 19:41:28  -  [INFO]  Calling index method in app\controllers\MarketplaceController
2023-02-04 19:41:28  -  [INFO]  GET: http://localhost/krushi-arunalu/login
2023-02-04 19:41:28  -  [INFO]  Calling index method in app\controllers\LoginController
2023-02-04 19:41:36  -  [INFO]  POST: http://localhost/krushi-arunalu/login
2023-02-04 19:41:36  -  [INFO]  Calling index method in app\controllers\LoginController
2023-02-04 19:41:36  -  [INFO]  Login attempt by phone: 0764023716
2023-02-04 19:41:36  -  [INFO]  GET: http://localhost/krushi-arunalu/marketplace
2023-02-04 19:41:36  -  [INFO]  Calling index method in app\controllers\MarketplaceController
2023-02-04 19:41:38  -  [INFO]  GET: http://localhost/krushi-arunalu/marketplace/productdetails/1
2023-02-04 19:41:38  -  [INFO]  Calling productdetails method in app\controllers\MarketplaceController
2023-02-04 19:41:50  -  [INFO]  GET: http://localhost/krushi-arunalu/sendinquiry/1
2023-02-04 19:41:50  -  [ERROR]  Requested method (1) not found
2023-02-04 19:41:52  -  [INFO]  GET: http://localhost/krushi-arunalu/marketplace/productdetails/1
2023-02-04 19:41:52  -  [INFO]  Calling productdetails method in app\controllers\MarketplaceController
2023-02-04 19:41:59  -  [INFO]  GET: http://localhost/krushi-arunalu/marketplace
2023-02-04 19:41:59  -  [INFO]  Calling index method in app\controllers\MarketplaceController
2023-02-04 19:42:01  -  [INFO]  GET: http://localhost/krushi-arunalu/marketplace/productdetails/1
2023-02-04 19:42:01  -  [INFO]  Calling productdetails method in app\controllers\MarketplaceController
2023-02-04 19:43:17  -  [INFO]  GET: http://localhost/krushi-arunalu/sendinquiry/1
2023-02-04 19:43:17  -  [ERROR]  Requested method (1) not found
2023-02-04 19:43:20  -  [INFO]  GET: http://localhost/krushi-arunalu/marketplace/productdetails/1
2023-02-04 19:43:20  -  [INFO]  Calling productdetails method in app\controllers\MarketplaceController
2023-02-04 22:16:34  -  [INFO]  GET: http://localhost/krushi-arunalu/marketplace/productdetails/1
2023-02-04 22:16:34  -  [INFO]  Calling productdetails method in app\controllers\MarketplaceController
2023-02-04 22:16:35  -  [INFO]  GET: http://localhost/krushi-arunalu/marketplace/productdetails/1
2023-02-04 22:16:35  -  [INFO]  Calling productdetails method in app\controllers\MarketplaceController
2023-02-04 22:16:35  -  [INFO]  GET: http://localhost/krushi-arunalu/marketplace/productdetails/1
2023-02-04 22:16:35  -  [INFO]  Calling productdetails method in app\controllers\MarketplaceController
2023-02-04 22:16:36  -  [INFO]  GET: http://localhost/krushi-arunalu/marketplace/productdetails/1
2023-02-04 22:16:36  -  [INFO]  Calling productdetails method in app\controllers\MarketplaceController
2023-02-04 22:16:36  -  [INFO]  GET: http://localhost/krushi-arunalu/marketplace/productdetails/1
2023-02-04 22:16:36  -  [INFO]  Calling productdetails method in app\controllers\MarketplaceController
2023-02-04 22:16:36  -  [INFO]  GET: http://localhost/krushi-arunalu/marketplace/productdetails/1
2023-02-04 22:16:36  -  [INFO]  Calling productdetails method in app\controllers\MarketplaceController
2023-02-04 22:16:37  -  [INFO]  GET: http://localhost/krushi-arunalu/sendinquiry/1
2023-02-04 22:16:37  -  [ERROR]  Requested method (1) not found
2023-02-04 22:16:39  -  [INFO]  GET: http://localhost/krushi-arunalu/marketplace/productdetails/1
2023-02-04 22:16:39  -  [INFO]  Calling productdetails method in app\controllers\MarketplaceController
2023-02-04 22:16:47  -  [INFO]  GET: http://localhost/krushi-arunalu/marketplace
2023-02-04 22:16:47  -  [INFO]  Calling index method in app\controllers\MarketplaceController
2023-02-04 22:16:49  -  [INFO]  GET: http://localhost/krushi-arunalu/shoppingcart/add/1
2023-02-04 22:16:49  -  [INFO]  Calling add method in app\controllers\ShoppingCartController
2023-02-04 22:16:49  -  [INFO]  GET: http://localhost/krushi-arunalu/shoppingcart
2023-02-04 22:16:49  -  [INFO]  Calling index method in app\controllers\ShoppingCartController
2023-02-04 22:16:52  -  [INFO]  GET: http://localhost/krushi-arunalu/marketplace
2023-02-04 22:16:52  -  [INFO]  Calling index method in app\controllers\MarketplaceController
