2023-02-09 05:20:17  -  [INFO]  GET: http://localhost/krushi-arunalu/checkout
2023-02-09 05:20:17  -  [INFO]  Calling index method in app\controllers\CheckoutController
2023-02-09 05:22:46  -  [INFO]  GET: http://localhost/krushi-arunalu/checkout
2023-02-09 05:22:46  -  [INFO]  Calling index method in app\controllers\CheckoutController
2023-02-09 05:23:19  -  [INFO]  GET: http://localhost/krushi-arunalu/checkout
2023-02-09 05:23:19  -  [INFO]  Calling index method in app\controllers\CheckoutController
2023-02-09 05:24:56  -  [INFO]  GET: http://localhost/krushi-arunalu/checkout
2023-02-09 05:24:56  -  [INFO]  Calling index method in app\controllers\CheckoutController
2023-02-09 05:25:28  -  [INFO]  GET: http://localhost/krushi-arunalu/checkout
2023-02-09 05:25:28  -  [INFO]  Calling index method in app\controllers\CheckoutController
2023-02-09 05:36:33  -  [INFO]  GET: http://localhost/krushi-arunalu/checkout
2023-02-09 05:36:33  -  [INFO]  Calling index method in app\controllers\CheckoutController
2023-02-09 05:37:38  -  [INFO]  GET: http://localhost/krushi-arunalu/checkout
2023-02-09 05:37:38  -  [INFO]  Calling index method in app\controllers\CheckoutController
2023-02-09 05:39:34  -  [INFO]  GET: http://localhost/krushi-arunalu/checkout
2023-02-09 05:39:34  -  [INFO]  Calling index method in app\controllers\CheckoutController
2023-02-09 05:40:04  -  [INFO]  GET: http://localhost/krushi-arunalu/checkout
2023-02-09 05:40:04  -  [INFO]  Calling index method in app\controllers\CheckoutController
2023-02-09 05:40:16  -  [INFO]  GET: http://localhost/krushi-arunalu/checkout
2023-02-09 05:40:16  -  [INFO]  Calling index method in app\controllers\CheckoutController
2023-02-09 05:40:31  -  [INFO]  GET: http://localhost/krushi-arunalu/checkout
2023-02-09 05:40:31  -  [INFO]  Calling index method in app\controllers\CheckoutController
2023-02-09 05:41:04  -  [INFO]  GET: http://localhost/krushi-arunalu/checkout
2023-02-09 05:41:04  -  [INFO]  Calling index method in app\controllers\CheckoutController
2023-02-09 05:41:05  -  [INFO]  GET: http://localhost/krushi-arunalu/checkout
2023-02-09 05:41:05  -  [INFO]  Calling index method in app\controllers\CheckoutController
2023-02-09 05:41:05  -  [INFO]  GET: http://localhost/krushi-arunalu/checkout
2023-02-09 05:41:05  -  [INFO]  Calling index method in app\controllers\CheckoutController
2023-02-09 05:41:05  -  [INFO]  GET: http://localhost/krushi-arunalu/checkout
2023-02-09 05:41:05  -  [INFO]  Calling index method in app\controllers\CheckoutController
2023-02-09 05:41:05  -  [INFO]  GET: http://localhost/krushi-arunalu/checkout
2023-02-09 05:41:05  -  [INFO]  Calling index method in app\controllers\CheckoutController
2023-02-09 05:41:06  -  [INFO]  GET: http://localhost/krushi-arunalu/checkout
2023-02-09 05:41:06  -  [INFO]  Calling index method in app\controllers\CheckoutController
2023-02-09 05:41:26  -  [INFO]  GET: http://localhost/krushi-arunalu/checkout
2023-02-09 05:41:26  -  [INFO]  Calling index method in app\controllers\CheckoutController
2023-02-09 05:42:17  -  [INFO]  GET: http://localhost/krushi-arunalu/checkout
2023-02-09 05:42:17  -  [INFO]  Calling index method in app\controllers\CheckoutController
2023-02-09 05:43:00  -  [INFO]  GET: http://localhost/krushi-arunalu/checkout
2023-02-09 05:43:00  -  [INFO]  Calling index method in app\controllers\CheckoutController
2023-02-09 05:43:26  -  [INFO]  GET: http://localhost/krushi-arunalu/checkout
2023-02-09 05:43:26  -  [INFO]  Calling index method in app\controllers\CheckoutController
2023-02-09 05:43:58  -  [INFO]  GET: http://localhost/krushi-arunalu/checkout
2023-02-09 05:43:58  -  [INFO]  Calling index method in app\controllers\CheckoutController
2023-02-09 05:47:08  -  [INFO]  GET: http://localhost/krushi-arunalu/checkout
2023-02-09 05:47:08  -  [INFO]  Calling index method in app\controllers\CheckoutController
2023-02-09 05:49:05  -  [INFO]  GET: http://localhost/krushi-arunalu/checkout
2023-02-09 05:49:05  -  [INFO]  Calling index method in app\controllers\CheckoutController
2023-02-09 05:50:49  -  [INFO]  GET: http://localhost/krushi-arunalu/checkout
2023-02-09 05:50:49  -  [INFO]  Calling index method in app\controllers\CheckoutController
2023-02-09 05:51:37  -  [INFO]  GET: http://localhost/krushi-arunalu/checkout
2023-02-09 05:51:37  -  [INFO]  Calling index method in app\controllers\CheckoutController
2023-02-09 05:53:14  -  [INFO]  GET: http://localhost/krushi-arunalu/checkout
2023-02-09 05:53:14  -  [INFO]  Calling index method in app\controllers\CheckoutController
2023-02-09 05:53:29  -  [INFO]  GET: http://localhost/krushi-arunalu/checkout
2023-02-09 05:53:29  -  [INFO]  Calling index method in app\controllers\CheckoutController
2023-02-09 05:58:12  -  [INFO]  GET: http://localhost/krushi-arunalu/checkout
2023-02-09 05:58:12  -  [INFO]  Calling index method in app\controllers\CheckoutController
2023-02-09 05:58:39  -  [INFO]  GET: http://localhost/krushi-arunalu/checkout
2023-02-09 05:58:39  -  [INFO]  Calling index method in app\controllers\CheckoutController
2023-02-09 08:36:01  -  [INFO]  GET: http://localhost/krushi-arunalu/Checkout
2023-02-09 08:36:57  -  [INFO]  GET: http://localhost/krushi-arunalu/
2023-02-09 08:36:57  -  [INFO]  Calling index method in app\controllers\IndexController
2023-02-09 08:36:59  -  [INFO]  GET: http://localhost/krushi-arunalu/Marketplace
2023-02-09 08:36:59  -  [INFO]  Calling index method in app\controllers\MarketplaceController
2023-02-09 08:37:03  -  [INFO]  GET: http://localhost/krushi-arunalu/ShoppingCart/add/1
2023-02-09 08:37:03  -  [INFO]  Calling add method in app\controllers\ShoppingCartController
2023-02-09 08:37:03  -  [INFO]  GET: http://localhost/krushi-arunalu/ShoppingCart
2023-02-09 08:37:03  -  [INFO]  Calling index method in app\controllers\ShoppingCartController
2023-02-09 08:37:07  -  [INFO]  GET: http://localhost/krushi-arunalu/Marketplace
2023-02-09 08:37:07  -  [INFO]  Calling index method in app\controllers\MarketplaceController
2023-02-09 08:37:08  -  [INFO]  GET: http://localhost/krushi-arunalu/Marketplace/productdetails/1
2023-02-09 08:37:08  -  [INFO]  Calling productdetails method in app\controllers\MarketplaceController
2023-02-09 08:37:11  -  [INFO]  GET: http://localhost/krushi-arunalu/ShoppingCart/add/1
2023-02-09 08:37:11  -  [INFO]  Calling add method in app\controllers\ShoppingCartController
2023-02-09 08:37:11  -  [INFO]  GET: http://localhost/krushi-arunalu/ShoppingCart
2023-02-09 08:37:11  -  [INFO]  Calling index method in app\controllers\ShoppingCartController
2023-02-09 08:37:55  -  [INFO]  GET: http://localhost/krushi-arunalu/
2023-02-09 08:37:55  -  [INFO]  Calling index method in app\controllers\IndexController
2023-02-09 08:38:38  -  [INFO]  GET: http://localhost/krushi-arunalu/Marketplace
2023-02-09 08:38:38  -  [INFO]  Calling index method in app\controllers\MarketplaceController
2023-02-09 08:38:41  -  [INFO]  GET: http://localhost/krushi-arunalu/Marketplace/productdetails/1
2023-02-09 08:38:41  -  [INFO]  Calling productdetails method in app\controllers\MarketplaceController
2023-02-09 08:38:43  -  [INFO]  GET: http://localhost/krushi-arunalu/ShoppingCart/add/1
2023-02-09 08:38:43  -  [INFO]  Calling add method in app\controllers\ShoppingCartController
2023-02-09 08:38:43  -  [INFO]  GET: http://localhost/krushi-arunalu/ShoppingCart
2023-02-09 08:38:43  -  [INFO]  Calling index method in app\controllers\ShoppingCartController
2023-02-09 08:39:57  -  [INFO]  GET: http://localhost/krushi-arunalu/ShoppingCart
2023-02-09 08:39:57  -  [INFO]  Calling index method in app\controllers\ShoppingCartController
2023-02-09 08:40:36  -  [INFO]  GET: http://localhost/krushi-arunalu/ShoppingCart
2023-02-09 08:40:36  -  [INFO]  Calling index method in app\controllers\ShoppingCartController
2023-02-09 08:40:40  -  [INFO]  GET: http://localhost/krushi-arunalu/ShoppingCart
2023-02-09 08:40:40  -  [INFO]  Calling index method in app\controllers\ShoppingCartController
2023-02-09 08:44:53  -  [INFO]  GET: http://localhost/krushi-arunalu/ShoppingCart
2023-02-09 08:44:53  -  [INFO]  Calling index method in app\controllers\ShoppingCartController
2023-02-09 08:44:56  -  [INFO]  GET: http://localhost/krushi-arunalu/ShoppingCart
2023-02-09 08:44:56  -  [INFO]  Calling index method in app\controllers\ShoppingCartController
2023-02-09 08:44:58  -  [INFO]  GET: http://localhost/krushi-arunalu/ShoppingCart
2023-02-09 08:44:58  -  [INFO]  Calling index method in app\controllers\ShoppingCartController
2023-02-09 08:44:59  -  [INFO]  GET: http://localhost/krushi-arunalu/ShoppingCart
2023-02-09 08:44:59  -  [INFO]  Calling index method in app\controllers\ShoppingCartController
2023-02-09 08:44:59  -  [INFO]  GET: http://localhost/krushi-arunalu/ShoppingCart
2023-02-09 08:44:59  -  [INFO]  Calling index method in app\controllers\ShoppingCartController
2023-02-09 08:44:59  -  [INFO]  GET: http://localhost/krushi-arunalu/ShoppingCart
2023-02-09 08:44:59  -  [INFO]  Calling index method in app\controllers\ShoppingCartController
2023-02-09 08:45:00  -  [INFO]  GET: http://localhost/krushi-arunalu/ShoppingCart
2023-02-09 08:45:00  -  [INFO]  Calling index method in app\controllers\ShoppingCartController
2023-02-09 08:45:00  -  [INFO]  GET: http://localhost/krushi-arunalu/ShoppingCart
2023-02-09 08:45:00  -  [INFO]  Calling index method in app\controllers\ShoppingCartController
2023-02-09 08:45:00  -  [INFO]  GET: http://localhost/krushi-arunalu/ShoppingCart
2023-02-09 08:45:00  -  [INFO]  Calling index method in app\controllers\ShoppingCartController
2023-02-09 08:45:00  -  [INFO]  GET: http://localhost/krushi-arunalu/ShoppingCart
2023-02-09 08:45:00  -  [INFO]  Calling index method in app\controllers\ShoppingCartController
2023-02-09 08:45:00  -  [INFO]  GET: http://localhost/krushi-arunalu/ShoppingCart
2023-02-09 08:45:00  -  [INFO]  Calling index method in app\controllers\ShoppingCartController
2023-02-09 08:45:00  -  [INFO]  GET: http://localhost/krushi-arunalu/ShoppingCart
2023-02-09 08:45:00  -  [INFO]  Calling index method in app\controllers\ShoppingCartController
2023-02-09 08:45:01  -  [INFO]  GET: http://localhost/krushi-arunalu/ShoppingCart
2023-02-09 08:45:01  -  [INFO]  Calling index method in app\controllers\ShoppingCartController
2023-02-09 08:46:47  -  [INFO]  GET: http://localhost/krushi-arunalu/ShoppingCart
2023-02-09 08:46:47  -  [INFO]  Calling index method in app\controllers\ShoppingCartController
2023-02-09 08:46:48  -  [INFO]  GET: http://localhost/krushi-arunalu/ShoppingCart
2023-02-09 08:46:48  -  [INFO]  Calling index method in app\controllers\ShoppingCartController
2023-02-09 08:46:48  -  [INFO]  GET: http://localhost/krushi-arunalu/ShoppingCart
2023-02-09 08:46:48  -  [INFO]  Calling index method in app\controllers\ShoppingCartController
2023-02-09 08:46:48  -  [INFO]  GET: http://localhost/krushi-arunalu/ShoppingCart
2023-02-09 08:46:48  -  [INFO]  Calling index method in app\controllers\ShoppingCartController
2023-02-09 08:46:49  -  [INFO]  GET: http://localhost/krushi-arunalu/ShoppingCart
2023-02-09 08:46:49  -  [INFO]  Calling index method in app\controllers\ShoppingCartController
2023-02-09 08:46:53  -  [INFO]  GET: http://localhost/krushi-arunalu/Logout
2023-02-09 08:46:53  -  [INFO]  Calling index method in app\controllers\LogoutController
2023-02-09 08:46:53  -  [INFO]  GET: http://localhost/krushi-arunalu/Login
2023-02-09 08:46:53  -  [INFO]  Calling index method in app\controllers\LoginController
2023-02-09 08:46:55  -  [INFO]  POST: http://localhost/krushi-arunalu/Login
2023-02-09 08:46:55  -  [INFO]  Calling index method in app\controllers\LoginController
2023-02-09 08:46:55  -  [INFO]  Login attempt by phone: 0764023716
2023-02-09 08:46:56  -  [INFO]  GET: http://localhost/krushi-arunalu/Marketplace
2023-02-09 08:46:56  -  [INFO]  Calling index method in app\controllers\MarketplaceController
2023-02-09 08:46:58  -  [INFO]  GET: http://localhost/krushi-arunalu/Marketplace/productdetails/1
2023-02-09 08:46:58  -  [INFO]  Calling productdetails method in app\controllers\MarketplaceController
2023-02-09 08:46:59  -  [INFO]  GET: http://localhost/krushi-arunalu/ShoppingCart/add/1
2023-02-09 08:46:59  -  [INFO]  Calling add method in app\controllers\ShoppingCartController
2023-02-09 08:46:59  -  [INFO]  GET: http://localhost/krushi-arunalu/ShoppingCart
2023-02-09 08:46:59  -  [INFO]  Calling index method in app\controllers\ShoppingCartController
2023-02-09 08:52:56  -  [INFO]  GET: http://localhost/krushi-arunalu/ShoppingCart
2023-02-09 08:52:56  -  [INFO]  Calling index method in app\controllers\ShoppingCartController
2023-02-09 08:52:57  -  [INFO]  GET: http://localhost/krushi-arunalu/ShoppingCart
2023-02-09 08:52:57  -  [INFO]  Calling index method in app\controllers\ShoppingCartController
