2023-02-02 10:38:48  -  [INFO]  GET: http://localhost/krushi-arunalu/marketplace/productdetails/1
2023-02-02 10:38:48  -  [INFO]  Calling productdetails method in app\controllers\MarketplaceController
2023-02-02 10:39:08  -  [INFO]  GET: http://localhost/krushi-arunalu/sendinquiry/1
2023-02-02 10:39:08  -  [ERROR]  Requested method (1) not found
2023-02-02 10:39:10  -  [INFO]  GET: http://localhost/krushi-arunalu/marketplace/productdetails/1
2023-02-02 10:39:10  -  [INFO]  Calling productdetails method in app\controllers\MarketplaceController
2023-02-02 10:39:13  -  [INFO]  GET: http://localhost/krushi-arunalu/marketplace/productdetails/1
2023-02-02 10:39:13  -  [INFO]  Calling productdetails method in app\controllers\MarketplaceController
2023-02-02 10:42:17  -  [INFO]  GET: http://localhost/krushi-arunalu/
2023-02-02 10:42:17  -  [INFO]  Calling index method in app\controllers\IndexController
2023-02-02 10:58:40  -  [INFO]  GET: http://localhost/krushi-arunalu/sendinquiry/1
2023-02-02 10:58:40  -  [ERROR]  Requested method (1) not found
2023-02-02 10:58:42  -  [INFO]  GET: http://localhost/krushi-arunalu/marketplace/productdetails/1
2023-02-02 10:58:42  -  [INFO]  Calling productdetails method in app\controllers\MarketplaceController
2023-02-02 11:00:47  -  [INFO]  GET: http://localhost/krushi-arunalu/marketplace/productdetails/1
2023-02-02 11:00:47  -  [INFO]  Calling productdetails method in app\controllers\MarketplaceController
2023-02-02 11:01:41  -  [INFO]  GET: http://localhost/krushi-arunalu/marketplace
2023-02-02 11:01:41  -  [INFO]  Calling index method in app\controllers\MarketplaceController
2023-02-02 11:02:19  -  [INFO]  GET: http://localhost/krushi-arunalu/marketplace/marketplace/product-details/1
2023-02-02 11:02:19  -  [ERROR]  Requested method (marketplace) not found
2023-02-02 11:02:21  -  [INFO]  GET: http://localhost/krushi-arunalu/marketplace
2023-02-02 11:02:21  -  [INFO]  Calling index method in app\controllers\MarketplaceController
2023-02-02 11:02:23  -  [INFO]  GET: http://localhost/krushi-arunalu/marketplace/marketplace/product-details/1
2023-02-02 11:02:23  -  [ERROR]  Requested method (marketplace) not found
2023-02-02 11:02:25  -  [INFO]  GET: http://localhost/krushi-arunalu/marketplace
2023-02-02 11:02:25  -  [INFO]  Calling index method in app\controllers\MarketplaceController
2023-02-02 11:02:27  -  [INFO]  GET: http://localhost/krushi-arunalu/marketplace/shoppingcart/add/1
2023-02-02 11:02:27  -  [ERROR]  Requested method (shoppingcart) not found
2023-02-02 11:02:30  -  [INFO]  GET: http://localhost/krushi-arunalu/marketplace
2023-02-02 11:02:30  -  [INFO]  Calling index method in app\controllers\MarketplaceController
2023-02-02 11:02:34  -  [INFO]  GET: http://localhost/krushi-arunalu/marketplace/marketplace/product-details/1
2023-02-02 11:02:34  -  [ERROR]  Requested method (marketplace) not found
2023-02-02 11:02:40  -  [INFO]  GET: http://localhost/krushi-arunalu/marketplace
2023-02-02 11:02:40  -  [INFO]  Calling index method in app\controllers\MarketplaceController
2023-02-02 11:02:42  -  [INFO]  GET: http://localhost/krushi-arunalu/marketplace/shoppingcart/add/1
2023-02-02 11:02:42  -  [ERROR]  Requested method (shoppingcart) not found
2023-02-02 11:02:44  -  [INFO]  GET: http://localhost/krushi-arunalu/marketplace
2023-02-02 11:02:44  -  [INFO]  Calling index method in app\controllers\MarketplaceController
2023-02-02 11:02:46  -  [INFO]  GET: http://localhost/krushi-arunalu/marketplace/marketplace/product-details/1
2023-02-02 11:02:46  -  [ERROR]  Requested method (marketplace) not found
2023-02-02 11:02:53  -  [INFO]  GET: http://localhost/krushi-arunalu/marketplace
2023-02-02 11:02:53  -  [INFO]  Calling index method in app\controllers\MarketplaceController
2023-02-02 11:02:54  -  [INFO]  GET: http://localhost/krushi-arunalu/marketplace/productdetails/1
2023-02-02 11:02:54  -  [INFO]  Calling productdetails method in app\controllers\MarketplaceController
2023-02-02 11:02:56  -  [INFO]  GET: http://localhost/krushi-arunalu/marketplace
2023-02-02 11:02:56  -  [INFO]  Calling index method in app\controllers\MarketplaceController
2023-02-02 11:02:58  -  [INFO]  GET: http://localhost/krushi-arunalu/marketplace/productdetails/1
2023-02-02 11:02:58  -  [INFO]  Calling productdetails method in app\controllers\MarketplaceController
2023-02-02 11:03:50  -  [INFO]  GET: http://localhost/krushi-arunalu/marketplace
2023-02-02 11:03:50  -  [INFO]  Calling index method in app\controllers\MarketplaceController
2023-02-02 11:03:54  -  [INFO]  GET: http://localhost/krushi-arunalu/shoppingcart/add/1
2023-02-02 11:03:54  -  [INFO]  Calling add method in app\controllers\ShoppingCartController
2023-02-02 11:03:54  -  [INFO]  GET: http://localhost/krushi-arunalu/shoppingcart
2023-02-02 11:03:54  -  [INFO]  Calling index method in app\controllers\ShoppingCartController
2023-02-02 11:04:04  -  [INFO]  GET: http://localhost/krushi-arunalu/marketplace
2023-02-02 11:04:04  -  [INFO]  Calling index method in app\controllers\MarketplaceController
2023-02-02 11:04:05  -  [INFO]  GET: http://localhost/krushi-arunalu/marketplace/productdetails/1
2023-02-02 11:04:05  -  [INFO]  Calling productdetails method in app\controllers\MarketplaceController
2023-02-02 11:04:10  -  [INFO]  GET: http://localhost/krushi-arunalu/marketplace/productdetails/URLROOT
2023-02-02 11:04:10  -  [INFO]  Calling productdetails method in app\controllers\MarketplaceController
2023-02-02 11:04:20  -  [INFO]  GET: http://localhost/krushi-arunalu/marketplace/productdetails/1
2023-02-02 11:04:20  -  [INFO]  Calling productdetails method in app\controllers\MarketplaceController
2023-02-02 11:05:32  -  [INFO]  GET: http://localhost/krushi-arunalu/marketplace
2023-02-02 11:05:32  -  [INFO]  Calling index method in app\controllers\MarketplaceController
2023-02-02 11:05:34  -  [INFO]  GET: http://localhost/krushi-arunalu/marketplace/productdetails/1
2023-02-02 11:05:34  -  [INFO]  Calling productdetails method in app\controllers\MarketplaceController
2023-02-02 11:05:35  -  [INFO]  GET: http://localhost/krushi-arunalu/sendinquiry/1
2023-02-02 11:05:35  -  [ERROR]  Requested method (1) not found
2023-02-02 11:05:37  -  [INFO]  GET: http://localhost/krushi-arunalu/marketplace/productdetails/1
2023-02-02 11:05:37  -  [INFO]  Calling productdetails method in app\controllers\MarketplaceController
2023-02-02 11:05:40  -  [INFO]  GET: http://localhost/krushi-arunalu/marketplace/productdetails/URLROOT
2023-02-02 11:05:40  -  [INFO]  Calling productdetails method in app\controllers\MarketplaceController
2023-02-02 11:05:41  -  [INFO]  GET: http://localhost/krushi-arunalu/marketplace/productdetails/1
2023-02-02 11:05:41  -  [INFO]  Calling productdetails method in app\controllers\MarketplaceController
2023-02-02 11:14:06  -  [INFO]  GET: http://localhost/krushi-arunalu/marketplace/productdetails/URLROOT
2023-02-02 11:14:06  -  [INFO]  Calling productdetails method in app\controllers\MarketplaceController
2023-02-02 11:14:10  -  [INFO]  GET: http://localhost/krushi-arunalu/marketplace/productdetails/1
2023-02-02 11:14:10  -  [INFO]  Calling productdetails method in app\controllers\MarketplaceController
2023-02-02 11:14:11  -  [INFO]  GET: http://localhost/krushi-arunalu/marketplace
2023-02-02 11:14:11  -  [INFO]  Calling index method in app\controllers\MarketplaceController
2023-02-02 11:14:12  -  [INFO]  GET: http://localhost/krushi-arunalu/marketplace/productdetails/1
2023-02-02 11:14:12  -  [INFO]  Calling productdetails method in app\controllers\MarketplaceController
2023-02-02 11:14:14  -  [INFO]  GET: http://localhost/krushi-arunalu/marketplace/productdetails/1
2023-02-02 11:14:14  -  [INFO]  Calling productdetails method in app\controllers\MarketplaceController
2023-02-02 11:14:16  -  [INFO]  GET: http://localhost/krushi-arunalu/marketplace/productdetails/1
2023-02-02 11:14:16  -  [INFO]  Calling productdetails method in app\controllers\MarketplaceController
2023-02-02 11:14:17  -  [INFO]  GET: http://localhost/krushi-arunalu/marketplace/productdetails/1
2023-02-02 11:14:17  -  [INFO]  Calling productdetails method in app\controllers\MarketplaceController
2023-02-02 11:14:18  -  [INFO]  GET: http://localhost/krushi-arunalu/marketplace/productdetails/1
2023-02-02 11:14:18  -  [INFO]  Calling productdetails method in app\controllers\MarketplaceController
2023-02-02 11:14:18  -  [INFO]  GET: http://localhost/krushi-arunalu/marketplace/productdetails/1
2023-02-02 11:14:18  -  [INFO]  Calling productdetails method in app\controllers\MarketplaceController
2023-02-02 11:14:19  -  [INFO]  GET: http://localhost/krushi-arunalu/marketplace/productdetails/1
2023-02-02 11:14:19  -  [INFO]  Calling productdetails method in app\controllers\MarketplaceController
2023-02-02 11:14:29  -  [INFO]  GET: http://localhost/krushi-arunalu/sendinquiry/1
2023-02-02 11:14:29  -  [ERROR]  Requested method (1) not found
2023-02-02 11:14:33  -  [INFO]  GET: http://localhost/krushi-arunalu/marketplace/productdetails/1
2023-02-02 11:14:33  -  [INFO]  Calling productdetails method in app\controllers\MarketplaceController
2023-02-02 11:14:51  -  [INFO]  GET: http://localhost/krushi-arunalu/sendinquiry/1
2023-02-02 11:14:51  -  [ERROR]  Requested method (1) not found
2023-02-02 11:14:52  -  [INFO]  GET: http://localhost/krushi-arunalu/marketplace/productdetails/1
2023-02-02 11:14:52  -  [INFO]  Calling productdetails method in app\controllers\MarketplaceController
2023-02-02 11:23:14  -  [INFO]  GET: http://localhost/krushi-arunalu/marketplace/productdetails/1
2023-02-02 11:23:14  -  [INFO]  Calling productdetails method in app\controllers\MarketplaceController
2023-02-02 11:23:25  -  [INFO]  GET: http://localhost/krushi-arunalu/marketplace/productdetails/1
2023-02-02 11:23:25  -  [INFO]  Calling productdetails method in app\controllers\MarketplaceController
2023-02-02 11:23:27  -  [INFO]  GET: http://localhost/krushi-arunalu/sendinquiry/1
2023-02-02 11:23:27  -  [ERROR]  Requested method (1) not found
2023-02-02 11:23:29  -  [INFO]  GET: http://localhost/krushi-arunalu/marketplace/productdetails/1
2023-02-02 11:23:29  -  [INFO]  Calling productdetails method in app\controllers\MarketplaceController
2023-02-02 11:23:34  -  [INFO]  GET: http://localhost/krushi-arunalu/marketplace/productdetails/1
2023-02-02 11:23:34  -  [INFO]  Calling productdetails method in app\controllers\MarketplaceController
2023-02-02 11:24:45  -  [INFO]  GET: http://localhost/krushi-arunalu/marketplace/productdetails/1
2023-02-02 11:24:45  -  [INFO]  Calling productdetails method in app\controllers\MarketplaceController
2023-02-02 11:24:47  -  [INFO]  GET: http://localhost/krushi-arunalu/sendinquiry/1
2023-02-02 11:24:47  -  [ERROR]  Requested method (1) not found
2023-02-02 11:24:49  -  [INFO]  GET: http://localhost/krushi-arunalu/marketplace/productdetails/1
2023-02-02 11:24:49  -  [INFO]  Calling productdetails method in app\controllers\MarketplaceController
2023-02-02 11:24:53  -  [INFO]  GET: http://localhost/krushi-arunalu/marketplace/productdetails/1
2023-02-02 11:24:53  -  [INFO]  Calling productdetails method in app\controllers\MarketplaceController
2023-02-02 11:26:22  -  [INFO]  GET: http://localhost/krushi-arunalu/marketplace/productdetails/1
2023-02-02 11:26:22  -  [INFO]  Calling productdetails method in app\controllers\MarketplaceController
2023-02-02 11:27:08  -  [INFO]  GET: http://localhost/krushi-arunalu/marketplace/productdetails/1
2023-02-02 11:27:08  -  [INFO]  Calling productdetails method in app\controllers\MarketplaceController
2023-02-02 11:31:27  -  [INFO]  GET: http://localhost/krushi-arunalu/marketplace/productdetails/1
2023-02-02 11:31:27  -  [INFO]  Calling productdetails method in app\controllers\MarketplaceController
2023-02-02 11:31:28  -  [INFO]  GET: http://localhost/krushi-arunalu/marketplace/productdetails/1
2023-02-02 11:31:28  -  [INFO]  Calling productdetails method in app\controllers\MarketplaceController
2023-02-02 11:31:29  -  [INFO]  GET: http://localhost/krushi-arunalu/marketplace/productdetails/1
2023-02-02 11:31:29  -  [INFO]  Calling productdetails method in app\controllers\MarketplaceController
2023-02-02 11:31:29  -  [INFO]  GET: http://localhost/krushi-arunalu/marketplace/productdetails/1
2023-02-02 11:31:29  -  [INFO]  Calling productdetails method in app\controllers\MarketplaceController
2023-02-02 11:31:29  -  [INFO]  GET: http://localhost/krushi-arunalu/marketplace/productdetails/1
2023-02-02 11:31:29  -  [INFO]  Calling productdetails method in app\controllers\MarketplaceController
2023-02-02 11:31:29  -  [INFO]  GET: http://localhost/krushi-arunalu/marketplace/productdetails/1
2023-02-02 11:31:29  -  [INFO]  Calling productdetails method in app\controllers\MarketplaceController
2023-02-02 11:31:29  -  [INFO]  GET: http://localhost/krushi-arunalu/marketplace/productdetails/1
2023-02-02 11:31:29  -  [INFO]  Calling productdetails method in app\controllers\MarketplaceController
2023-02-02 11:31:30  -  [INFO]  GET: http://localhost/krushi-arunalu/marketplace/productdetails/1
2023-02-02 11:31:30  -  [INFO]  Calling productdetails method in app\controllers\MarketplaceController
2023-02-02 11:31:30  -  [INFO]  GET: http://localhost/krushi-arunalu/marketplace/productdetails/1
2023-02-02 11:31:30  -  [INFO]  Calling productdetails method in app\controllers\MarketplaceController
2023-02-02 11:31:30  -  [INFO]  GET: http://localhost/krushi-arunalu/marketplace/productdetails/1
2023-02-02 11:31:30  -  [INFO]  Calling productdetails method in app\controllers\MarketplaceController
2023-02-02 11:31:30  -  [INFO]  GET: http://localhost/krushi-arunalu/marketplace/productdetails/1
2023-02-02 11:31:30  -  [INFO]  Calling productdetails method in app\controllers\MarketplaceController
2023-02-02 11:31:30  -  [INFO]  GET: http://localhost/krushi-arunalu/marketplace/productdetails/1
2023-02-02 11:31:30  -  [INFO]  Calling productdetails method in app\controllers\MarketplaceController
2023-02-02 11:31:31  -  [INFO]  GET: http://localhost/krushi-arunalu/marketplace/productdetails/1
2023-02-02 11:31:31  -  [INFO]  Calling productdetails method in app\controllers\MarketplaceController
2023-02-02 11:31:31  -  [INFO]  GET: http://localhost/krushi-arunalu/marketplace/productdetails/1
2023-02-02 11:31:31  -  [INFO]  Calling productdetails method in app\controllers\MarketplaceController
2023-02-02 11:31:31  -  [INFO]  GET: http://localhost/krushi-arunalu/marketplace/productdetails/1
2023-02-02 11:31:31  -  [INFO]  Calling productdetails method in app\controllers\MarketplaceController
2023-02-02 11:31:31  -  [INFO]  GET: http://localhost/krushi-arunalu/marketplace/productdetails/1
2023-02-02 11:31:31  -  [INFO]  Calling productdetails method in app\controllers\MarketplaceController
2023-02-02 11:31:33  -  [INFO]  GET: http://localhost/krushi-arunalu/sendinquiry/1
2023-02-02 11:31:33  -  [ERROR]  Requested method (1) not found
2023-02-02 11:31:35  -  [INFO]  GET: http://localhost/krushi-arunalu/marketplace/productdetails/1
2023-02-02 11:31:35  -  [INFO]  Calling productdetails method in app\controllers\MarketplaceController
2023-02-02 11:31:37  -  [INFO]  GET: http://localhost/krushi-arunalu/marketplace/productdetails/1
2023-02-02 11:31:37  -  [INFO]  Calling productdetails method in app\controllers\MarketplaceController
2023-02-02 11:31:39  -  [INFO]  GET: http://localhost/krushi-arunalu/marketplace/productdetails/1
2023-02-02 11:31:39  -  [INFO]  Calling productdetails method in app\controllers\MarketplaceController
2023-02-02 11:31:40  -  [INFO]  GET: http://localhost/krushi-arunalu/marketplace/productdetails/1
2023-02-02 11:31:40  -  [INFO]  Calling productdetails method in app\controllers\MarketplaceController
2023-02-02 11:31:40  -  [INFO]  GET: http://localhost/krushi-arunalu/marketplace/productdetails/1
2023-02-02 11:31:40  -  [INFO]  Calling productdetails method in app\controllers\MarketplaceController
2023-02-02 11:31:40  -  [INFO]  GET: http://localhost/krushi-arunalu/marketplace/productdetails/1
2023-02-02 11:31:40  -  [INFO]  Calling productdetails method in app\controllers\MarketplaceController
2023-02-02 11:31:40  -  [INFO]  GET: http://localhost/krushi-arunalu/marketplace
2023-02-02 11:31:40  -  [INFO]  Calling index method in app\controllers\MarketplaceController
2023-02-02 11:31:40  -  [INFO]  GET: http://localhost/krushi-arunalu/marketplace/productdetails/1
2023-02-02 11:31:40  -  [INFO]  Calling productdetails method in app\controllers\MarketplaceController
2023-02-02 11:31:41  -  [INFO]  GET: http://localhost/krushi-arunalu/marketplace
2023-02-02 11:31:41  -  [INFO]  Calling index method in app\controllers\MarketplaceController
2023-02-02 11:31:41  -  [INFO]  GET: http://localhost/krushi-arunalu/shoppingcart
2023-02-02 11:31:41  -  [INFO]  Calling index method in app\controllers\ShoppingCartController
2023-02-02 11:31:41  -  [INFO]  GET: http://localhost/krushi-arunalu/marketplace
2023-02-02 11:31:41  -  [INFO]  Calling index method in app\controllers\MarketplaceController
2023-02-02 11:31:43  -  [INFO]  GET: http://localhost/krushi-arunalu/marketplace/productdetails/1
2023-02-02 11:31:43  -  [INFO]  Calling productdetails method in app\controllers\MarketplaceController
2023-02-02 11:37:14  -  [INFO]  GET: http://localhost/krushi-arunalu/marketplace/productdetails/1
2023-02-02 11:37:14  -  [INFO]  Calling productdetails method in app\controllers\MarketplaceController
2023-02-02 11:37:15  -  [INFO]  GET: http://localhost/krushi-arunalu/marketplace/productdetails/1
2023-02-02 11:37:15  -  [INFO]  Calling productdetails method in app\controllers\MarketplaceController
2023-02-02 11:37:20  -  [INFO]  GET: http://localhost/krushi-arunalu/shoppingcart/add/'.$product->id.'
2023-02-02 11:37:20  -  [INFO]  Calling add method in app\controllers\ShoppingCartController
2023-02-02 11:37:21  -  [PDOException]  SQLSTATE[23000]: Integrity constraint violation: 1452 Cannot add or update a child row: a foreign key constraint fails (`krushi-arunalu-db`.`shopping_cart`, CONSTRAINT `shopping_cart_product_id` FOREIGN KEY (`product_id`) REFERENCES `product` (`id`))
2023-02-02 11:37:21  -  [INFO]  GET: http://localhost/krushi-arunalu/marketplace
2023-02-02 11:37:21  -  [INFO]  Calling index method in app\controllers\MarketplaceController
2023-02-02 11:37:25  -  [INFO]  GET: http://localhost/krushi-arunalu/marketplace/productdetails/1
2023-02-02 11:37:25  -  [INFO]  Calling productdetails method in app\controllers\MarketplaceController
2023-02-02 11:37:28  -  [INFO]  GET: http://localhost/krushi-arunalu/shoppingcart/add/'.$product->id.'
2023-02-02 11:37:28  -  [INFO]  Calling add method in app\controllers\ShoppingCartController
2023-02-02 11:37:28  -  [PDOException]  SQLSTATE[23000]: Integrity constraint violation: 1452 Cannot add or update a child row: a foreign key constraint fails (`krushi-arunalu-db`.`shopping_cart`, CONSTRAINT `shopping_cart_product_id` FOREIGN KEY (`product_id`) REFERENCES `product` (`id`))
2023-02-02 11:37:28  -  [INFO]  GET: http://localhost/krushi-arunalu/marketplace
2023-02-02 11:37:28  -  [INFO]  Calling index method in app\controllers\MarketplaceController
2023-02-02 11:38:14  -  [INFO]  GET: http://localhost/krushi-arunalu/shoppingcart/add/1
2023-02-02 11:38:14  -  [INFO]  Calling add method in app\controllers\ShoppingCartController
2023-02-02 11:38:14  -  [INFO]  GET: http://localhost/krushi-arunalu/shoppingcart
2023-02-02 11:38:14  -  [INFO]  Calling index method in app\controllers\ShoppingCartController
2023-02-02 11:42:56  -  [INFO]  GET: http://localhost/krushi-arunalu/marketplace
2023-02-02 11:42:56  -  [INFO]  Calling index method in app\controllers\MarketplaceController
2023-02-02 11:42:58  -  [INFO]  GET: http://localhost/krushi-arunalu/marketplace/productdetails/1
2023-02-02 11:42:58  -  [INFO]  Calling productdetails method in app\controllers\MarketplaceController
2023-02-02 11:42:59  -  [INFO]  GET: http://localhost/krushi-arunalu/marketplace/productdetails/echoURL_ROOT."/shopping-cart/add
2023-02-02 11:42:59  -  [INFO]  Calling productdetails method in app\controllers\MarketplaceController
2023-02-02 11:43:02  -  [INFO]  GET: http://localhost/krushi-arunalu/marketplace/productdetails/1
2023-02-02 11:43:02  -  [INFO]  Calling productdetails method in app\controllers\MarketplaceController
2023-02-02 11:55:29  -  [INFO]  GET: http://localhost/krushi-arunalu/marketplace/productdetails/echoURL_ROOT."/shopping-cart/add
2023-02-02 11:55:30  -  [INFO]  Calling productdetails method in app\controllers\MarketplaceController
2023-02-02 11:55:32  -  [INFO]  GET: http://localhost/krushi-arunalu/marketplace/productdetails/1
2023-02-02 11:55:32  -  [INFO]  Calling productdetails method in app\controllers\MarketplaceController
2023-02-02 17:11:01  -  [INFO]  GET: http://localhost/krushi-arunalu/sendinquiry/1
2023-02-02 17:11:01  -  [ERROR]  Requested method (1) not found
2023-02-02 17:11:03  -  [INFO]  GET: http://localhost/krushi-arunalu/marketplace/productdetails/1
2023-02-02 17:11:03  -  [INFO]  Calling productdetails method in app\controllers\MarketplaceController
2023-02-02 17:11:05  -  [INFO]  GET: http://localhost/krushi-arunalu/marketplace
2023-02-02 17:11:05  -  [INFO]  Calling index method in app\controllers\MarketplaceController
2023-02-02 17:11:07  -  [INFO]  GET: http://localhost/krushi-arunalu/shoppingcart/add/1
2023-02-02 17:11:07  -  [INFO]  Calling add method in app\controllers\ShoppingCartController
2023-02-02 17:11:07  -  [INFO]  GET: http://localhost/krushi-arunalu/shoppingcart
2023-02-02 17:11:07  -  [INFO]  Calling index method in app\controllers\ShoppingCartController
2023-02-02 17:11:13  -  [INFO]  GET: http://localhost/krushi-arunalu/shoppingcart/remove/312
2023-02-02 17:11:13  -  [INFO]  Calling remove method in app\controllers\ShoppingCartController
2023-02-02 17:11:13  -  [INFO]  GET: http://localhost/krushi-arunalu/shoppingcart
2023-02-02 17:11:13  -  [INFO]  Calling index method in app\controllers\ShoppingCartController
2023-02-02 17:11:13  -  [INFO]  GET: http://localhost/krushi-arunalu/shoppingcart/remove/313
2023-02-02 17:11:13  -  [INFO]  Calling remove method in app\controllers\ShoppingCartController
2023-02-02 17:11:13  -  [INFO]  GET: http://localhost/krushi-arunalu/shoppingcart
2023-02-02 17:11:13  -  [INFO]  Calling index method in app\controllers\ShoppingCartController
2023-02-02 17:11:13  -  [INFO]  GET: http://localhost/krushi-arunalu/shoppingcart/remove/314
2023-02-02 17:11:13  -  [INFO]  Calling remove method in app\controllers\ShoppingCartController
2023-02-02 17:11:14  -  [INFO]  GET: http://localhost/krushi-arunalu/shoppingcart
2023-02-02 17:11:14  -  [INFO]  Calling index method in app\controllers\ShoppingCartController
2023-02-02 17:11:14  -  [INFO]  GET: http://localhost/krushi-arunalu/shoppingcart/remove/315
2023-02-02 17:11:14  -  [INFO]  Calling remove method in app\controllers\ShoppingCartController
2023-02-02 17:11:14  -  [INFO]  GET: http://localhost/krushi-arunalu/shoppingcart
2023-02-02 17:11:14  -  [INFO]  Calling index method in app\controllers\ShoppingCartController
2023-02-02 17:11:14  -  [INFO]  GET: http://localhost/krushi-arunalu/shoppingcart/remove/318
2023-02-02 17:11:14  -  [INFO]  Calling remove method in app\controllers\ShoppingCartController
2023-02-02 17:11:14  -  [INFO]  GET: http://localhost/krushi-arunalu/shoppingcart
2023-02-02 17:11:14  -  [INFO]  Calling index method in app\controllers\ShoppingCartController
2023-02-02 17:11:15  -  [INFO]  GET: http://localhost/krushi-arunalu/shoppingcart/remove/319
2023-02-02 17:11:15  -  [INFO]  Calling remove method in app\controllers\ShoppingCartController
2023-02-02 17:11:15  -  [INFO]  GET: http://localhost/krushi-arunalu/shoppingcart
2023-02-02 17:11:15  -  [INFO]  Calling index method in app\controllers\ShoppingCartController
2023-02-02 17:11:16  -  [INFO]  GET: http://localhost/krushi-arunalu/shoppingcart/remove/322
2023-02-02 17:11:16  -  [INFO]  Calling remove method in app\controllers\ShoppingCartController
2023-02-02 17:11:16  -  [INFO]  GET: http://localhost/krushi-arunalu/shoppingcart
2023-02-02 17:11:16  -  [INFO]  Calling index method in app\controllers\ShoppingCartController
2023-02-02 17:11:16  -  [INFO]  GET: http://localhost/krushi-arunalu/shoppingcart/remove/323
2023-02-02 17:11:16  -  [INFO]  Calling remove method in app\controllers\ShoppingCartController
2023-02-02 17:11:16  -  [INFO]  GET: http://localhost/krushi-arunalu/shoppingcart
2023-02-02 17:11:16  -  [INFO]  Calling index method in app\controllers\ShoppingCartController
2023-02-02 17:11:19  -  [INFO]  GET: http://localhost/krushi-arunalu/shoppingcart
2023-02-02 17:11:19  -  [INFO]  Calling index method in app\controllers\ShoppingCartController
2023-02-02 17:11:21  -  [INFO]  GET: http://localhost/krushi-arunalu/shoppingcart
2023-02-02 17:11:21  -  [INFO]  Calling index method in app\controllers\ShoppingCartController
2023-02-02 17:11:22  -  [INFO]  GET: http://localhost/krushi-arunalu/marketplace
2023-02-02 17:11:22  -  [INFO]  Calling index method in app\controllers\MarketplaceController
2023-02-02 17:11:23  -  [INFO]  GET: http://localhost/krushi-arunalu/marketplace/productdetails/1
2023-02-02 17:11:23  -  [INFO]  Calling productdetails method in app\controllers\MarketplaceController
2023-02-02 17:15:22  -  [INFO]  GET: http://localhost/krushi-arunalu/marketplace/productdetails/echo
2023-02-02 17:15:22  -  [INFO]  Calling productdetails method in app\controllers\MarketplaceController
2023-02-02 17:22:59  -  [INFO]  GET: http://localhost/krushi-arunalu/marketplace/productdetails/1
2023-02-02 17:22:59  -  [INFO]  Calling productdetails method in app\controllers\MarketplaceController
2023-02-02 17:23:05  -  [INFO]  GET: http://localhost/krushi-arunalu/marketplace/productdetails/1
2023-02-02 17:23:05  -  [INFO]  Calling productdetails method in app\controllers\MarketplaceController
2023-02-02 17:23:09  -  [INFO]  GET: http://localhost/krushi-arunalu/marketplace
2023-02-02 17:23:09  -  [INFO]  Calling index method in app\controllers\MarketplaceController
2023-02-02 17:23:12  -  [INFO]  GET: http://localhost/krushi-arunalu/shoppingcart/add/1
2023-02-02 17:23:12  -  [INFO]  Calling add method in app\controllers\ShoppingCartController
2023-02-02 17:23:12  -  [INFO]  GET: http://localhost/krushi-arunalu/shoppingcart
2023-02-02 17:23:12  -  [INFO]  Calling index method in app\controllers\ShoppingCartController
2023-02-02 17:23:14  -  [INFO]  GET: http://localhost/krushi-arunalu/marketplace
2023-02-02 17:23:14  -  [INFO]  Calling index method in app\controllers\MarketplaceController
2023-02-02 17:23:16  -  [INFO]  GET: http://localhost/krushi-arunalu/marketplace/productdetails/1
2023-02-02 17:23:16  -  [INFO]  Calling productdetails method in app\controllers\MarketplaceController
2023-02-02 17:23:17  -  [INFO]  GET: http://localhost/krushi-arunalu/sendinquiry/1
2023-02-02 17:23:17  -  [ERROR]  Requested method (1) not found
2023-02-02 17:23:20  -  [INFO]  GET: http://localhost/krushi-arunalu/marketplace/productdetails/1
2023-02-02 17:23:20  -  [INFO]  Calling productdetails method in app\controllers\MarketplaceController
2023-02-02 17:34:06  -  [INFO]  GET: http://localhost/krushi-arunalu/marketplace/productdetails/1
2023-02-02 17:34:06  -  [INFO]  Calling productdetails method in app\controllers\MarketplaceController
2023-02-02 17:34:10  -  [INFO]  GET: http://localhost/krushi-arunalu/marketplace/productdetails/1
2023-02-02 17:34:10  -  [INFO]  Calling productdetails method in app\controllers\MarketplaceController
2023-02-02 17:34:12  -  [INFO]  GET: http://localhost/krushi-arunalu/shoppingcart/add
2023-02-02 17:34:12  -  [INFO]  Calling add method in app\controllers\ShoppingCartController
2023-02-02 17:34:16  -  [INFO]  GET: http://localhost/krushi-arunalu/marketplace/productdetails/1
2023-02-02 17:34:16  -  [INFO]  Calling productdetails method in app\controllers\MarketplaceController
2023-02-02 17:34:21  -  [INFO]  GET: http://localhost/krushi-arunalu/sendinquiry/1
2023-02-02 17:34:21  -  [ERROR]  Requested method (1) not found
2023-02-02 17:34:23  -  [INFO]  GET: http://localhost/krushi-arunalu/marketplace/productdetails/1
2023-02-02 17:34:23  -  [INFO]  Calling productdetails method in app\controllers\MarketplaceController
2023-02-02 17:39:08  -  [INFO]  GET: http://localhost/krushi-arunalu/marketplace
2023-02-02 17:39:08  -  [INFO]  Calling index method in app\controllers\MarketplaceController
2023-02-02 17:40:21  -  [INFO]  GET: http://localhost/krushi-arunalu/marketplace/productdetails/1
2023-02-02 17:40:21  -  [INFO]  Calling productdetails method in app\controllers\MarketplaceController
2023-02-02 17:40:24  -  [INFO]  GET: http://localhost/krushi-arunalu/sendinquiry/1
2023-02-02 17:40:24  -  [ERROR]  Requested method (1) not found
2023-02-02 17:40:27  -  [INFO]  GET: http://localhost/krushi-arunalu/marketplace/productdetails/1
2023-02-02 17:40:27  -  [INFO]  Calling productdetails method in app\controllers\MarketplaceController
2023-02-02 17:40:28  -  [INFO]  GET: http://localhost/krushi-arunalu/marketplace/productdetails/shopping-cart/add/'.$product->id.'
2023-02-02 17:40:28  -  [INFO]  Calling productdetails method in app\controllers\MarketplaceController
2023-02-02 17:40:31  -  [INFO]  GET: http://localhost/krushi-arunalu/marketplace/productdetails/1
2023-02-02 17:40:31  -  [INFO]  Calling productdetails method in app\controllers\MarketplaceController
2023-02-02 17:41:24  -  [INFO]  GET: http://localhost/krushi-arunalu/marketplace/productdetails/1
2023-02-02 17:41:24  -  [INFO]  Calling productdetails method in app\controllers\MarketplaceController
2023-02-02 17:44:21  -  [INFO]  GET: http://localhost/krushi-arunalu/marketplace/productdetails/1
2023-02-02 17:44:21  -  [INFO]  Calling productdetails method in app\controllers\MarketplaceController
2023-02-02 17:52:51  -  [INFO]  GET: http://localhost/krushi-arunalu/marketplace/productdetails/1
2023-02-02 17:52:51  -  [INFO]  Calling productdetails method in app\controllers\MarketplaceController
2023-02-02 17:52:52  -  [INFO]  GET: http://localhost/krushi-arunalu/marketplace/productdetails/1
2023-02-02 17:52:52  -  [INFO]  Calling productdetails method in app\controllers\MarketplaceController
2023-02-02 17:52:52  -  [INFO]  GET: http://localhost/krushi-arunalu/marketplace/productdetails/1
2023-02-02 17:52:52  -  [INFO]  Calling productdetails method in app\controllers\MarketplaceController
2023-02-02 17:52:52  -  [INFO]  GET: http://localhost/krushi-arunalu/marketplace/productdetails/1
2023-02-02 17:52:52  -  [INFO]  Calling productdetails method in app\controllers\MarketplaceController
2023-02-02 17:52:53  -  [INFO]  GET: http://localhost/krushi-arunalu/marketplace/productdetails/1
2023-02-02 17:52:53  -  [INFO]  Calling productdetails method in app\controllers\MarketplaceController
2023-02-02 17:52:53  -  [INFO]  GET: http://localhost/krushi-arunalu/marketplace/productdetails/1
2023-02-02 17:52:53  -  [INFO]  Calling productdetails method in app\controllers\MarketplaceController
2023-02-02 17:52:53  -  [INFO]  GET: http://localhost/krushi-arunalu/marketplace/productdetails/1
2023-02-02 17:52:53  -  [INFO]  Calling productdetails method in app\controllers\MarketplaceController
2023-02-02 17:52:53  -  [INFO]  GET: http://localhost/krushi-arunalu/marketplace/productdetails/1
2023-02-02 17:52:53  -  [INFO]  Calling productdetails method in app\controllers\MarketplaceController
2023-02-02 18:01:18  -  [INFO]  GET: http://localhost/krushi-arunalu/marketplace/productdetails/1
2023-02-02 18:01:18  -  [INFO]  Calling productdetails method in app\controllers\MarketplaceController
2023-02-02 18:01:36  -  [INFO]  GET: http://localhost/krushi-arunalu/sendinquiry/1
2023-02-02 18:01:36  -  [ERROR]  Requested method (1) not found
2023-02-02 18:01:38  -  [INFO]  GET: http://localhost/krushi-arunalu/marketplace/productdetails/1
2023-02-02 18:01:38  -  [INFO]  Calling productdetails method in app\controllers\MarketplaceController
