2023-02-08 08:56:21  -  [INFO]  GET: http://localhost/krushi-arunalu/marketplace/productdetails/1
2023-02-08 08:56:21  -  [INFO]  Calling productdetails method in app\controllers\MarketplaceController
2023-02-08 09:03:57  -  [INFO]  GET: http://localhost/krushi-arunalu/marketplace
2023-02-08 09:03:57  -  [INFO]  Calling index method in app\controllers\MarketplaceController
2023-02-08 09:03:59  -  [INFO]  GET: http://localhost/krushi-arunalu/shoppingcart/add/1
2023-02-08 09:03:59  -  [INFO]  Calling add method in app\controllers\ShoppingCartController
2023-02-08 09:03:59  -  [INFO]  GET: http://localhost/krushi-arunalu/shoppingcart
2023-02-08 09:03:59  -  [INFO]  Calling index method in app\controllers\ShoppingCartController
2023-02-08 09:05:19  -  [INFO]  GET: http://localhost/krushi-arunalu/shoppingcart
2023-02-08 09:05:19  -  [INFO]  Calling index method in app\controllers\ShoppingCartController
2023-02-08 09:06:32  -  [INFO]  GET: http://localhost/krushi-arunalu/shoppingcart
2023-02-08 09:06:32  -  [INFO]  Calling index method in app\controllers\ShoppingCartController
2023-02-08 09:10:07  -  [INFO]  GET: http://localhost/krushi-arunalu/shoppingcart
2023-02-08 09:10:07  -  [INFO]  Calling index method in app\controllers\ShoppingCartController
2023-02-08 09:10:41  -  [INFO]  GET: http://localhost/krushi-arunalu/shoppingcart
2023-02-08 09:10:41  -  [INFO]  Calling index method in app\controllers\ShoppingCartController
2023-02-08 09:10:54  -  [INFO]  GET: http://localhost/krushi-arunalu/shoppingcart
2023-02-08 09:10:54  -  [INFO]  Calling index method in app\controllers\ShoppingCartController
2023-02-08 09:11:11  -  [INFO]  GET: http://localhost/krushi-arunalu/shoppingcart
2023-02-08 09:11:11  -  [INFO]  Calling index method in app\controllers\ShoppingCartController
2023-02-08 09:11:16  -  [INFO]  GET: http://localhost/krushi-arunalu/marketplace
2023-02-08 09:11:16  -  [INFO]  Calling index method in app\controllers\MarketplaceController
2023-02-08 09:11:22  -  [INFO]  GET: http://localhost/krushi-arunalu/shoppingcart/add/1
2023-02-08 09:11:22  -  [INFO]  Calling add method in app\controllers\ShoppingCartController
2023-02-08 09:11:22  -  [INFO]  GET: http://localhost/krushi-arunalu/shoppingcart
2023-02-08 09:11:22  -  [INFO]  Calling index method in app\controllers\ShoppingCartController
2023-02-08 09:11:47  -  [INFO]  GET: http://localhost/krushi-arunalu/marketplace
2023-02-08 09:11:47  -  [INFO]  Calling index method in app\controllers\MarketplaceController
2023-02-08 09:11:58  -  [INFO]  GET: http://localhost/krushi-arunalu/logout
2023-02-08 09:11:58  -  [INFO]  Calling index method in app\controllers\LogoutController
2023-02-08 09:11:58  -  [INFO]  GET: http://localhost/krushi-arunalu/login
2023-02-08 09:11:58  -  [INFO]  Calling index method in app\controllers\LoginController
2023-02-08 09:12:05  -  [INFO]  POST: http://localhost/krushi-arunalu/login
2023-02-08 09:12:05  -  [INFO]  Calling index method in app\controllers\LoginController
2023-02-08 09:12:05  -  [INFO]  Login attempt by email: sandulrenuja@gmail.com
2023-02-08 09:12:05  -  [INFO]  GET: http://localhost/krushi-arunalu/index
2023-02-08 09:12:05  -  [INFO]  Calling index method in app\controllers\IndexController
2023-02-08 09:12:07  -  [INFO]  GET: http://localhost/krushi-arunalu/login
2023-02-08 09:12:07  -  [INFO]  Calling index method in app\controllers\LoginController
2023-02-08 09:12:07  -  [INFO]  GET: http://localhost/krushi-arunalu/index
2023-02-08 09:12:07  -  [INFO]  Calling index method in app\controllers\IndexController
2023-02-08 09:12:09  -  [INFO]  GET: http://localhost/krushi-arunalu/marketplace
2023-02-08 09:12:09  -  [INFO]  Calling index method in app\controllers\MarketplaceController
2023-02-08 09:12:12  -  [INFO]  GET: http://localhost/krushi-arunalu/index
2023-02-08 09:12:12  -  [INFO]  Calling index method in app\controllers\IndexController
2023-02-08 09:12:15  -  [INFO]  GET: http://localhost/krushi-arunalu/marketplace
2023-02-08 09:12:15  -  [INFO]  Calling index method in app\controllers\MarketplaceController
2023-02-08 09:12:16  -  [INFO]  GET: http://localhost/krushi-arunalu/manufacturers
2023-02-08 09:12:16  -  [ERROR]  Requested controller (manufacturers) not found
2023-02-08 09:12:18  -  [INFO]  GET: http://localhost/krushi-arunalu/marketplace
2023-02-08 09:12:18  -  [INFO]  Calling index method in app\controllers\MarketplaceController
2023-02-08 09:12:20  -  [INFO]  GET: http://localhost/krushi-arunalu/cultivations
2023-02-08 09:12:20  -  [INFO]  Calling index method in app\controllers\CultivationsController
2023-02-08 09:12:40  -  [INFO]  GET: http://localhost/krushi-arunalu/sales
2023-02-08 09:12:40  -  [ERROR]  Requested controller (sales) not found
2023-02-08 09:12:42  -  [INFO]  GET: http://localhost/krushi-arunalu/cultivations
2023-02-08 09:12:42  -  [INFO]  Calling index method in app\controllers\CultivationsController
2023-02-08 09:12:50  -  [INFO]  GET: http://localhost/krushi-arunalu/manufacturers
2023-02-08 09:12:50  -  [ERROR]  Requested controller (manufacturers) not found
2023-02-08 09:12:53  -  [INFO]  GET: http://localhost/krushi-arunalu/cultivations
2023-02-08 09:12:53  -  [INFO]  Calling index method in app\controllers\CultivationsController
2023-02-08 09:12:54  -  [INFO]  GET: http://localhost/krushi-arunalu/croprequests
2023-02-08 09:12:54  -  [ERROR]  Requested controller (croprequests) not found
2023-02-08 09:12:56  -  [INFO]  GET: http://localhost/krushi-arunalu/cultivations
2023-02-08 09:12:56  -  [INFO]  Calling index method in app\controllers\CultivationsController
2023-02-08 09:13:01  -  [INFO]  GET: http://localhost/krushi-arunalu/cultivations/add
2023-02-08 09:13:01  -  [INFO]  Calling add method in app\controllers\CultivationsController
2023-02-08 09:13:03  -  [INFO]  GET: http://localhost/krushi-arunalu/cultivations
2023-02-08 09:13:03  -  [INFO]  Calling index method in app\controllers\CultivationsController
2023-02-08 09:13:05  -  [INFO]  GET: http://localhost/krushi-arunalu/index
2023-02-08 09:13:05  -  [INFO]  Calling index method in app\controllers\IndexController
2023-02-08 09:13:07  -  [INFO]  GET: http://localhost/krushi-arunalu/marketplace
2023-02-08 09:13:07  -  [INFO]  Calling index method in app\controllers\MarketplaceController
2023-02-08 09:13:13  -  [INFO]  GET: http://localhost/krushi-arunalu/marketplace/productdetails/5
2023-02-08 09:13:13  -  [INFO]  Calling productdetails method in app\controllers\MarketplaceController
2023-02-08 09:13:18  -  [INFO]  GET: http://localhost/krushi-arunalu/marketplace
2023-02-08 09:13:18  -  [INFO]  Calling index method in app\controllers\MarketplaceController
2023-02-08 09:13:32  -  [INFO]  GET: http://localhost/krushi-arunalu/cultivations
2023-02-08 09:13:32  -  [INFO]  Calling index method in app\controllers\CultivationsController
2023-02-08 09:13:39  -  [INFO]  GET: http://localhost/krushi-arunalu/cultivations/add
2023-02-08 09:13:39  -  [INFO]  Calling add method in app\controllers\CultivationsController
2023-02-08 09:13:41  -  [INFO]  GET: http://localhost/krushi-arunalu/cultivations
2023-02-08 09:13:41  -  [INFO]  Calling index method in app\controllers\CultivationsController
2023-02-08 09:13:49  -  [INFO]  GET: http://localhost/krushi-arunalu/marketplace
2023-02-08 09:13:49  -  [INFO]  Calling index method in app\controllers\MarketplaceController
2023-02-08 09:13:57  -  [INFO]  GET: http://localhost/krushi-arunalu/marketplace/productdetails/1
2023-02-08 09:13:57  -  [INFO]  Calling productdetails method in app\controllers\MarketplaceController
2023-02-08 09:13:59  -  [INFO]  GET: http://localhost/krushi-arunalu/cultivations
2023-02-08 09:13:59  -  [INFO]  Calling index method in app\controllers\CultivationsController
2023-02-08 09:14:11  -  [INFO]  GET: http://localhost/krushi-arunalu/cultivations/add
2023-02-08 09:14:11  -  [INFO]  Calling add method in app\controllers\CultivationsController
2023-02-08 09:14:14  -  [INFO]  GET: http://localhost/krushi-arunalu/cultivations
2023-02-08 09:14:14  -  [INFO]  Calling index method in app\controllers\CultivationsController
2023-02-08 09:14:16  -  [INFO]  GET: http://localhost/krushi-arunalu/sales
2023-02-08 09:14:16  -  [ERROR]  Requested controller (sales) not found
2023-02-08 09:14:18  -  [INFO]  GET: http://localhost/krushi-arunalu/cultivations
2023-02-08 09:14:18  -  [INFO]  Calling index method in app\controllers\CultivationsController
2023-02-08 09:14:36  -  [INFO]  GET: http://localhost/krushi-arunalu/croprequests
2023-02-08 09:14:36  -  [ERROR]  Requested controller (croprequests) not found
2023-02-08 09:14:37  -  [INFO]  GET: http://localhost/krushi-arunalu/cultivations
2023-02-08 09:14:37  -  [INFO]  Calling index method in app\controllers\CultivationsController
2023-02-08 09:25:57  -  [INFO]  GET: http://localhost/krushi-arunalu/logout
2023-02-08 09:25:57  -  [INFO]  Calling index method in app\controllers\LogoutController
2023-02-08 09:25:57  -  [INFO]  GET: http://localhost/krushi-arunalu/login
2023-02-08 09:25:57  -  [INFO]  Calling index method in app\controllers\LoginController
2023-02-08 09:26:03  -  [INFO]  POST: http://localhost/krushi-arunalu/login
2023-02-08 09:26:03  -  [INFO]  Calling index method in app\controllers\LoginController
2023-02-08 09:26:03  -  [INFO]  Login attempt by phone: 0764023716
2023-02-08 09:26:03  -  [INFO]  GET: http://localhost/krushi-arunalu/marketplace
2023-02-08 09:26:03  -  [INFO]  Calling index method in app\controllers\MarketplaceController
2023-02-08 09:26:07  -  [INFO]  GET: http://localhost/krushi-arunalu/marketplace/productdetails/1
2023-02-08 09:26:07  -  [INFO]  Calling productdetails method in app\controllers\MarketplaceController
2023-02-08 09:27:47  -  [INFO]  GET: http://localhost/krushi-arunalu/marketplace/productdetails/1
2023-02-08 09:27:48  -  [INFO]  Calling productdetails method in app\controllers\MarketplaceController
2023-02-08 09:27:48  -  [INFO]  GET: http://localhost/krushi-arunalu/marketplace/productdetails/1
2023-02-08 09:27:48  -  [INFO]  Calling productdetails method in app\controllers\MarketplaceController
2023-02-08 09:27:48  -  [INFO]  GET: http://localhost/krushi-arunalu/marketplace/productdetails/1
2023-02-08 09:27:48  -  [INFO]  Calling productdetails method in app\controllers\MarketplaceController
2023-02-08 09:27:48  -  [INFO]  GET: http://localhost/krushi-arunalu/marketplace/productdetails/1
2023-02-08 09:27:48  -  [INFO]  Calling productdetails method in app\controllers\MarketplaceController
2023-02-08 09:27:49  -  [INFO]  GET: http://localhost/krushi-arunalu/marketplace/productdetails/1
2023-02-08 09:27:49  -  [INFO]  Calling productdetails method in app\controllers\MarketplaceController
2023-02-08 09:27:49  -  [INFO]  GET: http://localhost/krushi-arunalu/marketplace/productdetails/1
2023-02-08 09:27:49  -  [INFO]  Calling productdetails method in app\controllers\MarketplaceController
2023-02-08 09:27:49  -  [INFO]  GET: http://localhost/krushi-arunalu/marketplace/productdetails/1
2023-02-08 09:27:49  -  [INFO]  Calling productdetails method in app\controllers\MarketplaceController
2023-02-08 09:27:49  -  [INFO]  GET: http://localhost/krushi-arunalu/marketplace/productdetails/1
2023-02-08 09:27:49  -  [INFO]  Calling productdetails method in app\controllers\MarketplaceController
2023-02-08 09:27:55  -  [INFO]  GET: http://localhost/krushi-arunalu/shoppingcart/add/1
2023-02-08 09:27:55  -  [INFO]  Calling add method in app\controllers\ShoppingCartController
2023-02-08 09:27:55  -  [INFO]  GET: http://localhost/krushi-arunalu/shoppingcart
2023-02-08 09:27:55  -  [INFO]  Calling index method in app\controllers\ShoppingCartController
2023-02-08 09:28:18  -  [INFO]  GET: http://localhost/krushi-arunalu/shoppingcart
2023-02-08 09:28:18  -  [INFO]  Calling index method in app\controllers\ShoppingCartController
2023-02-08 09:28:26  -  [INFO]  GET: http://localhost/krushi-arunalu/shoppingcart
2023-02-08 09:28:26  -  [INFO]  Calling index method in app\controllers\ShoppingCartController
2023-02-08 09:29:23  -  [INFO]  GET: http://localhost/krushi-arunalu/shoppingcart
2023-02-08 09:29:23  -  [INFO]  Calling index method in app\controllers\ShoppingCartController
2023-02-08 09:29:23  -  [INFO]  GET: http://localhost/krushi-arunalu/shoppingcart
2023-02-08 09:29:23  -  [INFO]  Calling index method in app\controllers\ShoppingCartController
2023-02-08 09:29:24  -  [INFO]  GET: http://localhost/krushi-arunalu/shoppingcart
2023-02-08 09:29:24  -  [INFO]  Calling index method in app\controllers\ShoppingCartController
2023-02-08 09:29:24  -  [INFO]  GET: http://localhost/krushi-arunalu/shoppingcart
2023-02-08 09:29:24  -  [INFO]  Calling index method in app\controllers\ShoppingCartController
2023-02-08 09:29:24  -  [INFO]  GET: http://localhost/krushi-arunalu/shoppingcart
2023-02-08 09:29:24  -  [INFO]  Calling index method in app\controllers\ShoppingCartController
2023-02-08 09:29:24  -  [INFO]  GET: http://localhost/krushi-arunalu/shoppingcart
2023-02-08 09:29:24  -  [INFO]  Calling index method in app\controllers\ShoppingCartController
2023-02-08 09:29:56  -  [INFO]  GET: http://localhost/krushi-arunalu/shoppingcart
2023-02-08 09:29:56  -  [INFO]  Calling index method in app\controllers\ShoppingCartController
2023-02-08 09:29:57  -  [INFO]  GET: http://localhost/krushi-arunalu/shoppingcart
2023-02-08 09:29:57  -  [INFO]  Calling index method in app\controllers\ShoppingCartController
2023-02-08 09:29:57  -  [INFO]  GET: http://localhost/krushi-arunalu/shoppingcart
2023-02-08 09:29:57  -  [INFO]  Calling index method in app\controllers\ShoppingCartController
2023-02-08 09:29:57  -  [INFO]  GET: http://localhost/krushi-arunalu/shoppingcart
2023-02-08 09:29:57  -  [INFO]  Calling index method in app\controllers\ShoppingCartController
2023-02-08 09:29:57  -  [INFO]  GET: http://localhost/krushi-arunalu/shoppingcart
2023-02-08 09:29:57  -  [INFO]  Calling index method in app\controllers\ShoppingCartController
2023-02-08 09:29:58  -  [INFO]  GET: http://localhost/krushi-arunalu/shoppingcart
2023-02-08 09:29:58  -  [INFO]  Calling index method in app\controllers\ShoppingCartController
2023-02-08 09:29:58  -  [INFO]  GET: http://localhost/krushi-arunalu/shoppingcart
2023-02-08 09:29:58  -  [INFO]  Calling index method in app\controllers\ShoppingCartController
2023-02-08 09:29:58  -  [INFO]  GET: http://localhost/krushi-arunalu/shoppingcart
2023-02-08 09:29:58  -  [INFO]  Calling index method in app\controllers\ShoppingCartController
2023-02-08 09:30:54  -  [INFO]  GET: http://localhost/krushi-arunalu/shoppingcart
2023-02-08 09:30:54  -  [INFO]  Calling index method in app\controllers\ShoppingCartController
2023-02-08 09:31:21  -  [INFO]  GET: http://localhost/krushi-arunalu/shoppingcart
2023-02-08 09:31:21  -  [INFO]  Calling index method in app\controllers\ShoppingCartController
2023-02-08 09:31:41  -  [INFO]  GET: http://localhost/krushi-arunalu/shoppingcart
2023-02-08 09:31:41  -  [INFO]  Calling index method in app\controllers\ShoppingCartController
2023-02-08 09:31:42  -  [INFO]  GET: http://localhost/krushi-arunalu/shoppingcart
2023-02-08 09:31:42  -  [INFO]  Calling index method in app\controllers\ShoppingCartController
2023-02-08 09:31:42  -  [INFO]  GET: http://localhost/krushi-arunalu/shoppingcart
2023-02-08 09:31:42  -  [INFO]  Calling index method in app\controllers\ShoppingCartController
2023-02-08 09:31:43  -  [INFO]  GET: http://localhost/krushi-arunalu/shoppingcart
2023-02-08 09:31:43  -  [INFO]  Calling index method in app\controllers\ShoppingCartController
2023-02-08 09:31:43  -  [INFO]  GET: http://localhost/krushi-arunalu/shoppingcart
2023-02-08 09:31:43  -  [INFO]  Calling index method in app\controllers\ShoppingCartController
2023-02-08 09:34:04  -  [INFO]  GET: http://localhost/krushi-arunalu/shoppingcart
2023-02-08 09:34:04  -  [INFO]  Calling index method in app\controllers\ShoppingCartController
2023-02-08 09:47:07  -  [INFO]  GET: http://localhost/krushi-arunalu/shoppingcart
2023-02-08 09:47:07  -  [INFO]  Calling index method in app\controllers\ShoppingCartController
2023-02-08 09:48:34  -  [INFO]  GET: http://localhost/krushi-arunalu/shoppingcart
2023-02-08 09:48:34  -  [INFO]  Calling index method in app\controllers\ShoppingCartController
2023-02-08 09:48:58  -  [INFO]  GET: http://localhost/krushi-arunalu/shoppingcart
2023-02-08 09:48:58  -  [INFO]  Calling index method in app\controllers\ShoppingCartController
2023-02-08 09:49:12  -  [INFO]  GET: http://localhost/krushi-arunalu/shoppingcart
2023-02-08 09:49:12  -  [INFO]  Calling index method in app\controllers\ShoppingCartController
2023-02-08 09:49:50  -  [INFO]  GET: http://localhost/krushi-arunalu/shoppingcart
2023-02-08 09:49:50  -  [INFO]  Calling index method in app\controllers\ShoppingCartController
2023-02-08 09:49:52  -  [INFO]  GET: http://localhost/krushi-arunalu/shoppingcart
2023-02-08 09:49:52  -  [INFO]  Calling index method in app\controllers\ShoppingCartController
2023-02-08 09:49:55  -  [INFO]  GET: http://localhost/krushi-arunalu/shoppingcart
2023-02-08 09:49:55  -  [INFO]  Calling index method in app\controllers\ShoppingCartController
2023-02-08 09:50:19  -  [INFO]  GET: http://localhost/krushi-arunalu/shoppingcart
2023-02-08 09:50:19  -  [INFO]  Calling index method in app\controllers\ShoppingCartController
2023-02-08 09:50:35  -  [INFO]  GET: http://localhost/krushi-arunalu/shoppingcart
2023-02-08 09:50:35  -  [INFO]  Calling index method in app\controllers\ShoppingCartController
2023-02-08 09:50:39  -  [INFO]  GET: http://localhost/krushi-arunalu/shoppingcart
2023-02-08 09:50:39  -  [INFO]  Calling index method in app\controllers\ShoppingCartController
2023-02-08 09:53:35  -  [INFO]  GET: http://localhost/krushi-arunalu/shoppingcart
2023-02-08 09:53:35  -  [INFO]  Calling index method in app\controllers\ShoppingCartController
2023-02-08 09:53:55  -  [INFO]  GET: http://localhost/krushi-arunalu/shoppingcart
2023-02-08 09:53:55  -  [INFO]  Calling index method in app\controllers\ShoppingCartController
2023-02-08 09:56:40  -  [INFO]  GET: http://localhost/krushi-arunalu/shoppingcart
2023-02-08 09:56:40  -  [INFO]  Calling index method in app\controllers\ShoppingCartController
2023-02-08 09:57:35  -  [INFO]  GET: http://localhost/krushi-arunalu/shoppingcart
2023-02-08 09:57:35  -  [INFO]  Calling index method in app\controllers\ShoppingCartController
2023-02-08 10:02:29  -  [INFO]  GET: http://localhost/krushi-arunalu/shoppingcart
2023-02-08 10:02:29  -  [INFO]  Calling index method in app\controllers\ShoppingCartController
2023-02-08 10:48:23  -  [INFO]  GET: http://localhost/krushi-arunalu/shoppingcart
2023-02-08 10:48:23  -  [INFO]  Calling index method in app\controllers\ShoppingCartController
2023-02-08 10:48:25  -  [INFO]  GET: http://localhost/krushi-arunalu/marketplace
2023-02-08 10:48:25  -  [INFO]  Calling index method in app\controllers\MarketplaceController
2023-02-08 10:48:27  -  [INFO]  GET: http://localhost/krushi-arunalu/shoppingcart/add/1
2023-02-08 10:48:27  -  [INFO]  Calling add method in app\controllers\ShoppingCartController
2023-02-08 10:48:27  -  [INFO]  GET: http://localhost/krushi-arunalu/shoppingcart
2023-02-08 10:48:27  -  [INFO]  Calling index method in app\controllers\ShoppingCartController
2023-02-08 10:48:30  -  [INFO]  GET: http://localhost/krushi-arunalu/marketplace
2023-02-08 10:48:30  -  [INFO]  Calling index method in app\controllers\MarketplaceController
2023-02-08 10:48:31  -  [INFO]  GET: http://localhost/krushi-arunalu/marketplace/productdetails/1
2023-02-08 10:48:31  -  [INFO]  Calling productdetails method in app\controllers\MarketplaceController
2023-02-08 10:48:32  -  [INFO]  GET: http://localhost/krushi-arunalu/marketplace/sendinquiry/1
2023-02-08 10:48:32  -  [INFO]  Calling sendinquiry method in app\controllers\MarketplaceController
2023-02-08 10:58:38  -  [INFO]  GET: http://localhost/krushi-arunalu/marketplace/productdetails/1
2023-02-08 10:58:38  -  [INFO]  Calling productdetails method in app\controllers\MarketplaceController
2023-02-08 10:58:44  -  [INFO]  GET: http://localhost/krushi-arunalu/marketplace
2023-02-08 10:58:44  -  [INFO]  Calling index method in app\controllers\MarketplaceController
2023-02-08 10:58:46  -  [INFO]  GET: http://localhost/krushi-arunalu/shoppingcart/add/1
2023-02-08 10:58:46  -  [INFO]  Calling add method in app\controllers\ShoppingCartController
2023-02-08 10:58:46  -  [INFO]  GET: http://localhost/krushi-arunalu/shoppingcart
2023-02-08 10:58:46  -  [INFO]  Calling index method in app\controllers\ShoppingCartController
2023-02-08 10:58:48  -  [INFO]  GET: http://localhost/krushi-arunalu/shoppingcart
2023-02-08 10:58:48  -  [INFO]  Calling index method in app\controllers\ShoppingCartController
2023-02-08 10:59:06  -  [INFO]  GET: http://localhost/krushi-arunalu/shoppingcart
2023-02-08 10:59:06  -  [INFO]  Calling index method in app\controllers\ShoppingCartController
2023-02-08 10:59:25  -  [INFO]  GET: http://localhost/krushi-arunalu/shoppingcart
2023-02-08 10:59:25  -  [INFO]  Calling index method in app\controllers\ShoppingCartController
2023-02-08 10:59:25  -  [INFO]  GET: http://localhost/krushi-arunalu/shoppingcart
2023-02-08 10:59:25  -  [INFO]  Calling index method in app\controllers\ShoppingCartController
2023-02-08 10:59:26  -  [INFO]  GET: http://localhost/krushi-arunalu/shoppingcart
2023-02-08 10:59:26  -  [INFO]  Calling index method in app\controllers\ShoppingCartController
2023-02-08 10:59:26  -  [INFO]  GET: http://localhost/krushi-arunalu/shoppingcart
2023-02-08 10:59:26  -  [INFO]  Calling index method in app\controllers\ShoppingCartController
2023-02-08 14:37:08  -  [INFO]  GET: http://localhost/krushi-arunalu/shoppingcart
2023-02-08 14:37:08  -  [INFO]  Calling index method in app\controllers\ShoppingCartController
2023-02-08 16:23:50  -  [INFO]  GET: http://localhost/krushi-arunalu/shoppingcart
2023-02-08 16:23:50  -  [INFO]  Calling index method in app\controllers\ShoppingCartController
2023-02-08 16:23:51  -  [INFO]  GET: http://localhost/krushi-arunalu/shoppingcart
2023-02-08 16:23:51  -  [INFO]  Calling index method in app\controllers\ShoppingCartController
2023-02-08 16:26:02  -  [INFO]  GET: http://localhost/krushi-arunalu/manufacturers
2023-02-08 16:26:02  -  [ERROR]  Requested controller (manufacturers) not found
2023-02-08 16:26:05  -  [INFO]  GET: http://localhost/krushi-arunalu/shoppingcart
2023-02-08 16:26:05  -  [INFO]  Calling index method in app\controllers\ShoppingCartController
2023-02-08 16:26:13  -  [INFO]  GET: http://localhost/krushi-arunalu/manufacturers
2023-02-08 16:26:13  -  [ERROR]  Requested controller (manufacturers) not found
2023-02-08 16:26:15  -  [INFO]  GET: http://localhost/krushi-arunalu/shoppingcart
2023-02-08 16:26:15  -  [INFO]  Calling index method in app\controllers\ShoppingCartController
2023-02-08 16:30:06  -  [INFO]  GET: http://localhost/krushi-arunalu/shoppingcart
2023-02-08 16:30:06  -  [INFO]  Calling index method in app\controllers\ShoppingCartController
2023-02-08 16:30:19  -  [INFO]  GET: http://localhost/krushi-arunalu/shoppingcart
2023-02-08 16:30:19  -  [INFO]  Calling index method in app\controllers\ShoppingCartController
2023-02-08 16:30:24  -  [INFO]  GET: http://localhost/krushi-arunalu/shoppingcart
2023-02-08 16:30:24  -  [INFO]  Calling index method in app\controllers\ShoppingCartController
2023-02-08 16:31:55  -  [INFO]  GET: http://localhost/krushi-arunalu/shoppingcart
2023-02-08 16:31:55  -  [INFO]  Calling index method in app\controllers\ShoppingCartController
2023-02-08 16:32:02  -  [INFO]  GET: http://localhost/krushi-arunalu/shoppingcart
2023-02-08 16:32:02  -  [INFO]  Calling index method in app\controllers\ShoppingCartController
2023-02-08 16:32:24  -  [INFO]  GET: http://localhost/krushi-arunalu/shoppingcart
2023-02-08 16:32:24  -  [INFO]  Calling index method in app\controllers\ShoppingCartController
2023-02-08 16:32:31  -  [INFO]  GET: http://localhost/krushi-arunalu/shoppingcart
2023-02-08 16:32:31  -  [INFO]  Calling index method in app\controllers\ShoppingCartController
2023-02-08 16:32:36  -  [INFO]  GET: http://localhost/krushi-arunalu/shoppingcart
2023-02-08 16:32:36  -  [INFO]  Calling index method in app\controllers\ShoppingCartController
2023-02-08 16:33:12  -  [INFO]  GET: http://localhost/krushi-arunalu/shoppingcart
2023-02-08 16:33:12  -  [INFO]  Calling index method in app\controllers\ShoppingCartController
2023-02-08 16:33:15  -  [INFO]  GET: http://localhost/krushi-arunalu/shoppingcart
2023-02-08 16:33:15  -  [INFO]  Calling index method in app\controllers\ShoppingCartController
2023-02-08 16:33:22  -  [INFO]  GET: http://localhost/krushi-arunalu/shoppingcart
2023-02-08 16:33:22  -  [INFO]  Calling index method in app\controllers\ShoppingCartController
2023-02-08 16:38:20  -  [INFO]  GET: http://localhost/krushi-arunalu/shoppingcart
2023-02-08 16:38:20  -  [INFO]  Calling index method in app\controllers\ShoppingCartController
2023-02-08 16:38:24  -  [INFO]  GET: http://localhost/krushi-arunalu/'.URL_ROOT.'/checkout
2023-02-08 16:38:24  -  [ERROR]  Requested controller ('.URL_ROOT.') not found
2023-02-08 16:38:45  -  [INFO]  GET: http://localhost/krushi-arunalu/shoppingcart
2023-02-08 16:38:45  -  [INFO]  Calling index method in app\controllers\ShoppingCartController
2023-02-08 16:38:47  -  [INFO]  GET: http://localhost/krushi-arunalu/shoppingcart
2023-02-08 16:38:47  -  [INFO]  Calling index method in app\controllers\ShoppingCartController
2023-02-08 16:38:47  -  [INFO]  GET: http://localhost/krushi-arunalu/shoppingcart
2023-02-08 16:38:47  -  [INFO]  Calling index method in app\controllers\ShoppingCartController
2023-02-08 16:38:47  -  [INFO]  GET: http://localhost/krushi-arunalu/shoppingcart
2023-02-08 16:38:47  -  [INFO]  Calling index method in app\controllers\ShoppingCartController
2023-02-08 16:38:47  -  [INFO]  GET: http://localhost/krushi-arunalu/shoppingcart
2023-02-08 16:38:47  -  [INFO]  Calling index method in app\controllers\ShoppingCartController
2023-02-08 16:38:50  -  [INFO]  GET: http://localhost/krushi-arunalu/shoppingcart
2023-02-08 16:38:50  -  [INFO]  Calling index method in app\controllers\ShoppingCartController
2023-02-08 16:38:53  -  [INFO]  GET: http://localhost/krushi-arunalu/'.URL_ROOT.'/checkout
2023-02-08 16:38:53  -  [ERROR]  Requested controller ('.URL_ROOT.') not found
2023-02-08 16:39:01  -  [INFO]  GET: http://localhost/krushi-arunalu/shoppingcart
2023-02-08 16:39:01  -  [INFO]  Calling index method in app\controllers\ShoppingCartController
2023-02-08 16:39:04  -  [INFO]  GET: http://localhost/krushi-arunalu/shoppingcart/remove/362
2023-02-08 16:39:04  -  [INFO]  Calling remove method in app\controllers\ShoppingCartController
2023-02-08 16:39:04  -  [INFO]  GET: http://localhost/krushi-arunalu/shoppingcart
2023-02-08 16:39:04  -  [INFO]  Calling index method in app\controllers\ShoppingCartController
2023-02-08 16:39:04  -  [INFO]  GET: http://localhost/krushi-arunalu/shoppingcart/remove/363
2023-02-08 16:39:04  -  [INFO]  Calling remove method in app\controllers\ShoppingCartController
2023-02-08 16:39:04  -  [INFO]  GET: http://localhost/krushi-arunalu/shoppingcart
2023-02-08 16:39:04  -  [INFO]  Calling index method in app\controllers\ShoppingCartController
2023-02-08 16:39:05  -  [INFO]  GET: http://localhost/krushi-arunalu/shoppingcart/remove/364
2023-02-08 16:39:05  -  [INFO]  Calling remove method in app\controllers\ShoppingCartController
2023-02-08 16:39:05  -  [INFO]  GET: http://localhost/krushi-arunalu/shoppingcart
2023-02-08 16:39:05  -  [INFO]  Calling index method in app\controllers\ShoppingCartController
2023-02-08 16:39:05  -  [INFO]  GET: http://localhost/krushi-arunalu/shoppingcart/remove/365
2023-02-08 16:39:05  -  [INFO]  Calling remove method in app\controllers\ShoppingCartController
2023-02-08 16:39:05  -  [INFO]  GET: http://localhost/krushi-arunalu/shoppingcart
2023-02-08 16:39:05  -  [INFO]  Calling index method in app\controllers\ShoppingCartController
2023-02-08 16:39:06  -  [INFO]  GET: http://localhost/krushi-arunalu/shoppingcart/remove/366
2023-02-08 16:39:06  -  [INFO]  Calling remove method in app\controllers\ShoppingCartController
2023-02-08 16:39:06  -  [INFO]  GET: http://localhost/krushi-arunalu/shoppingcart
2023-02-08 16:39:06  -  [INFO]  Calling index method in app\controllers\ShoppingCartController
2023-02-08 16:39:06  -  [INFO]  GET: http://localhost/krushi-arunalu/shoppingcart/remove/367
2023-02-08 16:39:06  -  [INFO]  Calling remove method in app\controllers\ShoppingCartController
2023-02-08 16:39:06  -  [INFO]  GET: http://localhost/krushi-arunalu/shoppingcart
2023-02-08 16:39:06  -  [INFO]  Calling index method in app\controllers\ShoppingCartController
2023-02-08 16:39:11  -  [INFO]  GET: http://localhost/krushi-arunalu/'.URL_ROOT.'/checkout
2023-02-08 16:39:11  -  [ERROR]  Requested controller ('.URL_ROOT.') not found
2023-02-08 16:39:27  -  [INFO]  GET: http://localhost/krushi-arunalu/'.URL_ROOT.'/checkout
2023-02-08 16:39:27  -  [ERROR]  Requested controller ('.URL_ROOT.') not found
2023-02-08 16:39:27  -  [INFO]  GET: http://localhost/krushi-arunalu/'.URL_ROOT.'/checkout
2023-02-08 16:39:27  -  [ERROR]  Requested controller ('.URL_ROOT.') not found
2023-02-08 16:39:28  -  [INFO]  GET: http://localhost/krushi-arunalu/shoppingcart
2023-02-08 16:39:28  -  [INFO]  Calling index method in app\controllers\ShoppingCartController
2023-02-08 16:39:29  -  [INFO]  GET: http://localhost/krushi-arunalu/shoppingcart
2023-02-08 16:39:29  -  [INFO]  Calling index method in app\controllers\ShoppingCartController
2023-02-08 16:39:30  -  [INFO]  GET: http://localhost/krushi-arunalu/shoppingcart
2023-02-08 16:39:30  -  [INFO]  Calling index method in app\controllers\ShoppingCartController
2023-02-08 16:39:30  -  [INFO]  GET: http://localhost/krushi-arunalu/shoppingcart
2023-02-08 16:39:30  -  [INFO]  Calling index method in app\controllers\ShoppingCartController
2023-02-08 16:39:30  -  [INFO]  GET: http://localhost/krushi-arunalu/shoppingcart
2023-02-08 16:39:30  -  [INFO]  Calling index method in app\controllers\ShoppingCartController
2023-02-08 16:41:16  -  [INFO]  GET: http://localhost/krushi-arunalu/shoppingcart
2023-02-08 16:41:16  -  [INFO]  Calling index method in app\controllers\ShoppingCartController
2023-02-08 16:41:17  -  [INFO]  GET: http://localhost/krushi-arunalu/shoppingcart
2023-02-08 16:41:17  -  [INFO]  Calling index method in app\controllers\ShoppingCartController
2023-02-08 16:41:18  -  [INFO]  GET: http://localhost/krushi-arunalu/shoppingcart
2023-02-08 16:41:18  -  [INFO]  Calling index method in app\controllers\ShoppingCartController
2023-02-08 16:41:18  -  [INFO]  GET: http://localhost/krushi-arunalu/shoppingcart
2023-02-08 16:41:18  -  [INFO]  Calling index method in app\controllers\ShoppingCartController
2023-02-08 16:41:18  -  [INFO]  GET: http://localhost/krushi-arunalu/shoppingcart
2023-02-08 16:41:18  -  [INFO]  Calling index method in app\controllers\ShoppingCartController
2023-02-08 16:41:19  -  [INFO]  GET: http://localhost/krushi-arunalu/.URL_ROOT/checkout
2023-02-08 16:41:19  -  [ERROR]  Requested controller (.URL_ROOT) not found
2023-02-08 16:44:01  -  [INFO]  GET: http://localhost/krushi-arunalu/.URL_ROOT/checkout
2023-02-08 16:44:01  -  [ERROR]  Requested controller (.URL_ROOT) not found
2023-02-08 16:44:01  -  [INFO]  GET: http://localhost/krushi-arunalu/.URL_ROOT/checkout
2023-02-08 16:44:01  -  [ERROR]  Requested controller (.URL_ROOT) not found
2023-02-08 16:44:02  -  [INFO]  GET: http://localhost/krushi-arunalu/shoppingcart
2023-02-08 16:44:02  -  [INFO]  Calling index method in app\controllers\ShoppingCartController
2023-02-08 16:44:04  -  [INFO]  GET: http://localhost/krushi-arunalu/shoppingcart
2023-02-08 16:44:04  -  [INFO]  Calling index method in app\controllers\ShoppingCartController
2023-02-08 16:44:04  -  [INFO]  GET: http://localhost/krushi-arunalu/shoppingcart
2023-02-08 16:44:04  -  [INFO]  Calling index method in app\controllers\ShoppingCartController
2023-02-08 16:44:04  -  [INFO]  GET: http://localhost/krushi-arunalu/shoppingcart
2023-02-08 16:44:04  -  [INFO]  Calling index method in app\controllers\ShoppingCartController
2023-02-08 16:44:05  -  [INFO]  GET: http://localhost/krushi-arunalu/shoppingcart
2023-02-08 16:44:05  -  [INFO]  Calling index method in app\controllers\ShoppingCartController
2023-02-08 16:44:10  -  [INFO]  GET: http://localhost/krushi-arunalu/shoppingcart
2023-02-08 16:44:10  -  [INFO]  Calling index method in app\controllers\ShoppingCartController
2023-02-08 16:46:15  -  [INFO]  GET: http://localhost/krushi-arunalu/shoppingcart
2023-02-08 16:46:15  -  [INFO]  Calling index method in app\controllers\ShoppingCartController
2023-02-08 16:46:15  -  [INFO]  GET: http://localhost/krushi-arunalu/shoppingcart
2023-02-08 16:46:15  -  [INFO]  Calling index method in app\controllers\ShoppingCartController
2023-02-08 16:46:17  -  [INFO]  GET: http://localhost/krushi-arunalu/shoppingcart
2023-02-08 16:46:17  -  [INFO]  Calling index method in app\controllers\ShoppingCartController
2023-02-08 16:46:30  -  [INFO]  GET: http://localhost/krushi-arunalu/shoppingcart
2023-02-08 16:46:30  -  [INFO]  Calling index method in app\controllers\ShoppingCartController
2023-02-08 16:46:31  -  [INFO]  GET: http://localhost/krushi-arunalu/shoppingcart
2023-02-08 16:46:31  -  [INFO]  Calling index method in app\controllers\ShoppingCartController
2023-02-08 16:46:33  -  [INFO]  GET: http://localhost/krushi-arunalu/shoppingcart/checkout
2023-02-08 16:46:33  -  [INFO]  Calling checkout method in app\controllers\ShoppingCartController
2023-02-08 16:47:43  -  [INFO]  GET: http://localhost/krushi-arunalu/shoppingcart/checkout
2023-02-08 16:47:43  -  [INFO]  Calling checkout method in app\controllers\ShoppingCartController
2023-02-08 16:48:02  -  [INFO]  GET: http://localhost/krushi-arunalu/shoppingcart
2023-02-08 16:48:02  -  [INFO]  Calling index method in app\controllers\ShoppingCartController
2023-02-08 17:06:06  -  [INFO]  GET: http://localhost/krushi-arunalu/shoppingcart/checkout
2023-02-08 17:06:06  -  [INFO]  Calling checkout method in app\controllers\ShoppingCartController
2023-02-08 17:06:07  -  [INFO]  GET: http://localhost/krushi-arunalu/shoppingcart
2023-02-08 17:06:07  -  [INFO]  Calling index method in app\controllers\ShoppingCartController
2023-02-08 17:06:12  -  [INFO]  GET: http://localhost/krushi-arunalu/shoppingcart
2023-02-08 17:06:12  -  [INFO]  Calling index method in app\controllers\ShoppingCartController
2023-02-08 17:06:14  -  [INFO]  GET: http://localhost/krushi-arunalu/shoppingcart
2023-02-08 17:06:14  -  [INFO]  Calling index method in app\controllers\ShoppingCartController
2023-02-08 17:06:15  -  [INFO]  GET: http://localhost/krushi-arunalu/shoppingcart
2023-02-08 17:06:15  -  [INFO]  Calling index method in app\controllers\ShoppingCartController
2023-02-08 17:06:15  -  [INFO]  GET: http://localhost/krushi-arunalu/marketplace
2023-02-08 17:06:15  -  [INFO]  Calling index method in app\controllers\MarketplaceController
2023-02-08 17:06:16  -  [INFO]  GET: http://localhost/krushi-arunalu/marketplace/productdetails/1
2023-02-08 17:06:16  -  [INFO]  Calling productdetails method in app\controllers\MarketplaceController
2023-02-08 17:06:18  -  [INFO]  GET: http://localhost/krushi-arunalu/marketplace/sendinquiry/1
2023-02-08 17:06:18  -  [INFO]  Calling sendinquiry method in app\controllers\MarketplaceController
2023-02-08 17:06:20  -  [INFO]  GET: http://localhost/krushi-arunalu/marketplace/productdetails/1
2023-02-08 17:06:20  -  [INFO]  Calling productdetails method in app\controllers\MarketplaceController
2023-02-08 17:06:21  -  [INFO]  GET: http://localhost/krushi-arunalu/shoppingcart/add/1
2023-02-08 17:06:21  -  [INFO]  Calling add method in app\controllers\ShoppingCartController
2023-02-08 17:06:21  -  [INFO]  GET: http://localhost/krushi-arunalu/shoppingcart
2023-02-08 17:06:21  -  [INFO]  Calling index method in app\controllers\ShoppingCartController
2023-02-08 17:06:23  -  [INFO]  GET: http://localhost/krushi-arunalu/marketplace/productdetails/1
2023-02-08 17:06:23  -  [INFO]  Calling productdetails method in app\controllers\MarketplaceController
2023-02-08 17:06:26  -  [INFO]  GET: http://localhost/krushi-arunalu/shoppingcart/add/1
2023-02-08 17:06:26  -  [INFO]  Calling add method in app\controllers\ShoppingCartController
2023-02-08 17:06:26  -  [INFO]  GET: http://localhost/krushi-arunalu/shoppingcart
2023-02-08 17:06:26  -  [INFO]  Calling index method in app\controllers\ShoppingCartController
2023-02-08 17:06:58  -  [INFO]  GET: http://localhost/krushi-arunalu/shoppingcart/checkout
2023-02-08 17:06:58  -  [INFO]  Calling checkout method in app\controllers\ShoppingCartController
2023-02-08 17:07:00  -  [INFO]  GET: http://localhost/krushi-arunalu/shoppingcart
2023-02-08 17:07:00  -  [INFO]  Calling index method in app\controllers\ShoppingCartController
2023-02-08 17:07:05  -  [INFO]  GET: http://localhost/krushi-arunalu/marketplace
2023-02-08 17:07:05  -  [INFO]  Calling index method in app\controllers\MarketplaceController
2023-02-08 17:07:07  -  [INFO]  GET: http://localhost/krushi-arunalu/manufacturers
2023-02-08 17:07:07  -  [ERROR]  Requested controller (manufacturers) not found
2023-02-08 17:07:08  -  [INFO]  GET: http://localhost/krushi-arunalu/marketplace
2023-02-08 17:07:08  -  [INFO]  Calling index method in app\controllers\MarketplaceController
2023-02-08 17:07:10  -  [INFO]  GET: http://localhost/krushi-arunalu/profile
2023-02-08 17:07:10  -  [ERROR]  Requested controller (profile) not found
2023-02-08 17:07:12  -  [INFO]  GET: http://localhost/krushi-arunalu/marketplace
2023-02-08 17:07:12  -  [INFO]  Calling index method in app\controllers\MarketplaceController
2023-02-08 17:07:15  -  [INFO]  GET: http://localhost/krushi-arunalu/logout
2023-02-08 17:07:15  -  [INFO]  Calling index method in app\controllers\LogoutController
2023-02-08 17:07:15  -  [INFO]  GET: http://localhost/krushi-arunalu/login
2023-02-08 17:07:15  -  [INFO]  Calling index method in app\controllers\LoginController
2023-02-08 17:07:18  -  [INFO]  POST: http://localhost/krushi-arunalu/login
2023-02-08 17:07:18  -  [INFO]  Calling index method in app\controllers\LoginController
2023-02-08 17:07:18  -  [INFO]  Login attempt by email: sandulrenuja@gmail.com
2023-02-08 17:07:18  -  [INFO]  GET: http://localhost/krushi-arunalu/index
2023-02-08 17:07:18  -  [INFO]  Calling index method in app\controllers\IndexController
2023-02-08 17:07:21  -  [INFO]  GET: http://localhost/krushi-arunalu/marketplace
2023-02-08 17:07:21  -  [INFO]  Calling index method in app\controllers\MarketplaceController
2023-02-08 17:07:23  -  [INFO]  GET: http://localhost/krushi-arunalu/index
2023-02-08 17:07:23  -  [INFO]  Calling index method in app\controllers\IndexController
2023-02-08 17:07:25  -  [INFO]  GET: http://localhost/krushi-arunalu/marketplace
2023-02-08 17:07:25  -  [INFO]  Calling index method in app\controllers\MarketplaceController
2023-02-08 17:07:26  -  [INFO]  GET: http://localhost/krushi-arunalu/cultivations
2023-02-08 17:07:26  -  [INFO]  Calling index method in app\controllers\CultivationsController
2023-02-08 17:07:27  -  [INFO]  GET: http://localhost/krushi-arunalu/sales
2023-02-08 17:07:27  -  [ERROR]  Requested controller (sales) not found
2023-02-08 17:07:29  -  [INFO]  GET: http://localhost/krushi-arunalu/cultivations
2023-02-08 17:07:29  -  [INFO]  Calling index method in app\controllers\CultivationsController
2023-02-08 17:07:30  -  [INFO]  GET: http://localhost/krushi-arunalu/cultivationquestions
2023-02-08 17:07:30  -  [ERROR]  Requested controller (cultivationquestions) not found
2023-02-08 17:07:31  -  [INFO]  GET: http://localhost/krushi-arunalu/cultivations
2023-02-08 17:07:31  -  [INFO]  Calling index method in app\controllers\CultivationsController
2023-02-08 17:07:32  -  [INFO]  GET: http://localhost/krushi-arunalu/index
2023-02-08 17:07:32  -  [INFO]  Calling index method in app\controllers\IndexController
2023-02-08 17:07:33  -  [INFO]  GET: http://localhost/krushi-arunalu/login
2023-02-08 17:07:33  -  [INFO]  Calling index method in app\controllers\LoginController
2023-02-08 17:07:33  -  [INFO]  GET: http://localhost/krushi-arunalu/index
2023-02-08 17:07:33  -  [INFO]  Calling index method in app\controllers\IndexController
2023-02-08 17:07:35  -  [INFO]  GET: http://localhost/krushi-arunalu/
2023-02-08 17:07:35  -  [INFO]  Calling index method in app\controllers\IndexController
2023-02-08 17:07:37  -  [INFO]  GET: http://localhost/krushi-arunalu/login
2023-02-08 17:07:37  -  [INFO]  Calling index method in app\controllers\LoginController
2023-02-08 17:07:37  -  [INFO]  GET: http://localhost/krushi-arunalu/index
2023-02-08 17:07:37  -  [INFO]  Calling index method in app\controllers\IndexController
2023-02-08 17:07:39  -  [INFO]  GET: http://localhost/krushi-arunalu/
2023-02-08 17:07:39  -  [INFO]  Calling index method in app\controllers\IndexController
2023-02-08 17:07:39  -  [INFO]  GET: http://localhost/krushi-arunalu/marketplace
2023-02-08 17:07:40  -  [INFO]  Calling index method in app\controllers\MarketplaceController
2023-02-08 17:07:42  -  [INFO]  GET: http://localhost/krushi-arunalu/logout
2023-02-08 17:07:42  -  [INFO]  Calling index method in app\controllers\LogoutController
2023-02-08 17:07:42  -  [INFO]  GET: http://localhost/krushi-arunalu/login
2023-02-08 17:07:42  -  [INFO]  Calling index method in app\controllers\LoginController
2023-02-08 17:07:44  -  [INFO]  GET: http://localhost/krushi-arunalu/register
2023-02-08 17:07:44  -  [INFO]  Calling index method in app\controllers\RegisterController
2023-02-08 17:09:00  -  [INFO]  GET: http://localhost/krushi-arunalu/login
2023-02-08 17:09:00  -  [INFO]  Calling index method in app\controllers\LoginController
2023-02-08 17:09:01  -  [INFO]  POST: http://localhost/krushi-arunalu/login
2023-02-08 17:09:01  -  [INFO]  Calling index method in app\controllers\LoginController
2023-02-08 17:09:01  -  [INFO]  Login attempt by email: sandulrenuja@gmail.com
2023-02-08 17:09:01  -  [INFO]  GET: http://localhost/krushi-arunalu/index
2023-02-08 17:09:01  -  [INFO]  Calling index method in app\controllers\IndexController
2023-02-08 17:09:02  -  [INFO]  GET: http://localhost/krushi-arunalu/marketplace
2023-02-08 17:09:02  -  [INFO]  Calling index method in app\controllers\MarketplaceController
2023-02-08 17:09:05  -  [INFO]  GET: http://localhost/krushi-arunalu/logout
2023-02-08 17:09:05  -  [INFO]  Calling index method in app\controllers\LogoutController
2023-02-08 17:09:05  -  [INFO]  GET: http://localhost/krushi-arunalu/login
2023-02-08 17:09:05  -  [INFO]  Calling index method in app\controllers\LoginController
2023-02-08 17:09:08  -  [INFO]  POST: http://localhost/krushi-arunalu/login
2023-02-08 17:09:08  -  [INFO]  Calling index method in app\controllers\LoginController
2023-02-08 17:09:08  -  [INFO]  Login attempt by phone: 0764023716
2023-02-08 17:09:08  -  [INFO]  GET: http://localhost/krushi-arunalu/marketplace
2023-02-08 17:09:08  -  [INFO]  Calling index method in app\controllers\MarketplaceController
2023-02-08 17:09:10  -  [INFO]  GET: http://localhost/krushi-arunalu/marketplace/productdetails/1
2023-02-08 17:09:10  -  [INFO]  Calling productdetails method in app\controllers\MarketplaceController
2023-02-08 17:09:11  -  [INFO]  GET: http://localhost/krushi-arunalu/shoppingcart/add/1
2023-02-08 17:09:11  -  [INFO]  Calling add method in app\controllers\ShoppingCartController
2023-02-08 17:09:11  -  [INFO]  GET: http://localhost/krushi-arunalu/shoppingcart
2023-02-08 17:09:11  -  [INFO]  Calling index method in app\controllers\ShoppingCartController
2023-02-08 17:09:13  -  [INFO]  GET: http://localhost/krushi-arunalu/shoppingcart/checkout
2023-02-08 17:09:13  -  [INFO]  Calling checkout method in app\controllers\ShoppingCartController
2023-02-08 17:09:59  -  [INFO]  GET: http://localhost/krushi-arunalu/shoppingcart
2023-02-08 17:09:59  -  [INFO]  Calling index method in app\controllers\ShoppingCartController
2023-02-08 17:10:29  -  [INFO]  GET: http://localhost/krushi-arunalu/shoppingcart
2023-02-08 17:10:29  -  [INFO]  Calling index method in app\controllers\ShoppingCartController
2023-02-08 17:10:31  -  [INFO]  GET: http://localhost/krushi-arunalu/shoppingcart/checkout
2023-02-08 17:10:31  -  [INFO]  Calling checkout method in app\controllers\ShoppingCartController
2023-02-08 17:10:36  -  [INFO]  GET: http://localhost/krushi-arunalu/shoppingcart
2023-02-08 17:10:36  -  [INFO]  Calling index method in app\controllers\ShoppingCartController
2023-02-08 17:10:59  -  [INFO]  GET: http://localhost/krushi-arunalu/shoppingcart
2023-02-08 17:10:59  -  [INFO]  Calling index method in app\controllers\ShoppingCartController
2023-02-08 17:11:00  -  [INFO]  GET: http://localhost/krushi-arunalu/shoppingcart
2023-02-08 17:11:00  -  [INFO]  Calling index method in app\controllers\ShoppingCartController
2023-02-08 17:11:00  -  [INFO]  GET: http://localhost/krushi-arunalu/shoppingcart
2023-02-08 17:11:00  -  [INFO]  Calling index method in app\controllers\ShoppingCartController
2023-02-08 17:11:01  -  [INFO]  GET: http://localhost/krushi-arunalu/shoppingcart/checkout
2023-02-08 17:11:01  -  [INFO]  Calling checkout method in app\controllers\ShoppingCartController
2023-02-08 17:18:04  -  [INFO]  GET: http://localhost/krushi-arunalu/shoppingcart/checkout
2023-02-08 17:18:04  -  [INFO]  Calling checkout method in app\controllers\ShoppingCartController
2023-02-08 17:18:06  -  [INFO]  GET: http://localhost/krushi-arunalu/shoppingcart/checkout
2023-02-08 17:18:06  -  [INFO]  Calling checkout method in app\controllers\ShoppingCartController
2023-02-08 17:18:06  -  [INFO]  GET: http://localhost/krushi-arunalu/shoppingcart/checkout
2023-02-08 17:18:06  -  [INFO]  Calling checkout method in app\controllers\ShoppingCartController
2023-02-08 17:18:44  -  [INFO]  GET: http://localhost/krushi-arunalu/logout
2023-02-08 17:18:44  -  [INFO]  Calling index method in app\controllers\LogoutController
2023-02-08 17:18:44  -  [INFO]  GET: http://localhost/krushi-arunalu/login
2023-02-08 17:18:44  -  [INFO]  Calling index method in app\controllers\LoginController
2023-02-08 17:18:46  -  [INFO]  POST: http://localhost/krushi-arunalu/login
2023-02-08 17:18:46  -  [INFO]  Calling index method in app\controllers\LoginController
2023-02-08 17:18:46  -  [INFO]  Login attempt by phone: 0764023716
2023-02-08 17:18:46  -  [INFO]  GET: http://localhost/krushi-arunalu/marketplace
2023-02-08 17:18:46  -  [INFO]  Calling index method in app\controllers\MarketplaceController
2023-02-08 17:18:50  -  [INFO]  GET: http://localhost/krushi-arunalu/marketplace/productdetails/1
2023-02-08 17:18:50  -  [INFO]  Calling productdetails method in app\controllers\MarketplaceController
2023-02-08 17:18:52  -  [INFO]  GET: http://localhost/krushi-arunalu/shoppingcart/add/1
2023-02-08 17:18:52  -  [INFO]  Calling add method in app\controllers\ShoppingCartController
2023-02-08 17:18:52  -  [INFO]  GET: http://localhost/krushi-arunalu/shoppingcart
2023-02-08 17:18:52  -  [INFO]  Calling index method in app\controllers\ShoppingCartController
2023-02-08 17:18:55  -  [INFO]  GET: http://localhost/krushi-arunalu/shoppingcart/checkout
2023-02-08 17:18:55  -  [INFO]  Calling checkout method in app\controllers\ShoppingCartController
2023-02-08 17:30:17  -  [INFO]  GET: http://localhost/krushi-arunalu/shoppingcart/checkout
2023-02-08 17:30:17  -  [INFO]  Calling checkout method in app\controllers\ShoppingCartController
2023-02-08 17:31:42  -  [INFO]  GET: http://localhost/krushi-arunalu/shoppingcart
2023-02-08 17:31:42  -  [INFO]  Calling index method in app\controllers\ShoppingCartController
2023-02-08 17:31:45  -  [INFO]  GET: http://localhost/krushi-arunalu/shoppingcart
2023-02-08 17:31:45  -  [INFO]  Calling index method in app\controllers\ShoppingCartController
2023-02-08 17:31:47  -  [INFO]  GET: http://localhost/krushi-arunalu/shoppingcart/checkout
2023-02-08 17:31:47  -  [INFO]  Calling checkout method in app\controllers\ShoppingCartController
2023-02-08 17:33:17  -  [INFO]  GET: http://localhost/krushi-arunalu/logout
2023-02-08 17:33:17  -  [INFO]  Calling index method in app\controllers\LogoutController
2023-02-08 17:33:17  -  [INFO]  GET: http://localhost/krushi-arunalu/login
2023-02-08 17:33:17  -  [INFO]  Calling index method in app\controllers\LoginController
2023-02-08 17:33:22  -  [INFO]  POST: http://localhost/krushi-arunalu/login
2023-02-08 17:33:22  -  [INFO]  Calling index method in app\controllers\LoginController
2023-02-08 17:33:22  -  [INFO]  Login attempt by phone: 0764023716
2023-02-08 17:33:22  -  [INFO]  GET: http://localhost/krushi-arunalu/marketplace
2023-02-08 17:33:22  -  [INFO]  Calling index method in app\controllers\MarketplaceController
2023-02-08 17:33:26  -  [INFO]  GET: http://localhost/krushi-arunalu/marketplace/productdetails/1
2023-02-08 17:33:26  -  [INFO]  Calling productdetails method in app\controllers\MarketplaceController
2023-02-08 17:33:27  -  [INFO]  GET: http://localhost/krushi-arunalu/shoppingcart/add/1
2023-02-08 17:33:27  -  [INFO]  Calling add method in app\controllers\ShoppingCartController
2023-02-08 17:33:27  -  [INFO]  GET: http://localhost/krushi-arunalu/shoppingcart
2023-02-08 17:33:27  -  [INFO]  Calling index method in app\controllers\ShoppingCartController
2023-02-08 17:33:29  -  [INFO]  GET: http://localhost/krushi-arunalu/shoppingcart/checkout
2023-02-08 17:33:29  -  [INFO]  Calling checkout method in app\controllers\ShoppingCartController
2023-02-08 17:33:53  -  [INFO]  GET: http://localhost/krushi-arunalu/shoppingcart/checkout
2023-02-08 17:33:53  -  [INFO]  Calling checkout method in app\controllers\ShoppingCartController
2023-02-08 17:42:37  -  [INFO]  GET: http://localhost/krushi-arunalu/shoppingcart
2023-02-08 17:42:37  -  [INFO]  Calling index method in app\controllers\ShoppingCartController
2023-02-08 17:42:40  -  [INFO]  GET: http://localhost/krushi-arunalu/shoppingcart
2023-02-08 17:42:40  -  [INFO]  Calling index method in app\controllers\ShoppingCartController
2023-02-08 17:42:41  -  [INFO]  GET: http://localhost/krushi-arunalu/shoppingcart
2023-02-08 17:42:41  -  [INFO]  Calling index method in app\controllers\ShoppingCartController
2023-02-08 17:42:41  -  [INFO]  GET: http://localhost/krushi-arunalu/shoppingcart
2023-02-08 17:42:41  -  [INFO]  Calling index method in app\controllers\ShoppingCartController
2023-02-08 17:42:41  -  [INFO]  GET: http://localhost/krushi-arunalu/shoppingcart
2023-02-08 17:42:41  -  [INFO]  Calling index method in app\controllers\ShoppingCartController
2023-02-08 17:42:41  -  [INFO]  GET: http://localhost/krushi-arunalu/shoppingcart
2023-02-08 17:42:41  -  [INFO]  Calling index method in app\controllers\ShoppingCartController
2023-02-08 17:42:45  -  [INFO]  GET: http://localhost/krushi-arunalu/checkout
2023-02-08 17:42:45  -  [INFO]  Calling index method in app\controllers\CheckoutController
2023-02-08 17:42:51  -  [INFO]  GET: http://localhost/krushi-arunalu/checkout
2023-02-08 17:42:51  -  [INFO]  Calling index method in app\controllers\CheckoutController
2023-02-08 17:44:49  -  [INFO]  GET: http://localhost/krushi-arunalu/shoppingcart
2023-02-08 17:44:49  -  [INFO]  Calling index method in app\controllers\ShoppingCartController
2023-02-08 17:44:50  -  [INFO]  GET: http://localhost/krushi-arunalu/shoppingcart
2023-02-08 17:44:50  -  [INFO]  Calling index method in app\controllers\ShoppingCartController
2023-02-08 17:44:50  -  [INFO]  GET: http://localhost/krushi-arunalu/shoppingcart
2023-02-08 17:44:50  -  [INFO]  Calling index method in app\controllers\ShoppingCartController
2023-02-08 17:44:50  -  [INFO]  GET: http://localhost/krushi-arunalu/shoppingcart
2023-02-08 17:44:50  -  [INFO]  Calling index method in app\controllers\ShoppingCartController
2023-02-08 17:44:54  -  [INFO]  GET: http://localhost/krushi-arunalu/checkout
2023-02-08 17:44:54  -  [INFO]  Calling index method in app\controllers\CheckoutController
2023-02-08 17:46:36  -  [INFO]  GET: http://localhost/krushi-arunalu/checkout
2023-02-08 17:46:36  -  [INFO]  Calling index method in app\controllers\CheckoutController
2023-02-08 17:47:37  -  [INFO]  GET: http://localhost/krushi-arunalu/checkout
2023-02-08 17:47:37  -  [INFO]  Calling index method in app\controllers\CheckoutController
2023-02-08 17:47:37  -  [INFO]  GET: http://localhost/krushi-arunalu/checkout
2023-02-08 17:47:37  -  [INFO]  Calling index method in app\controllers\CheckoutController
2023-02-08 17:47:37  -  [INFO]  GET: http://localhost/krushi-arunalu/checkout
2023-02-08 17:47:37  -  [INFO]  Calling index method in app\controllers\CheckoutController
2023-02-08 17:48:11  -  [INFO]  GET: http://localhost/krushi-arunalu/checkout
2023-02-08 17:48:11  -  [INFO]  Calling index method in app\controllers\CheckoutController
2023-02-08 23:33:23  -  [INFO]  GET: http://localhost/krushi-arunalu/
2023-02-08 23:33:23  -  [INFO]  Calling index method in app\controllers\IndexController
2023-02-08 23:33:25  -  [INFO]  GET: http://localhost/krushi-arunalu/marketplace
2023-02-08 23:33:25  -  [INFO]  Calling index method in app\controllers\MarketplaceController
2023-02-08 23:33:25  -  [INFO]  GET: http://localhost/krushi-arunalu/login
2023-02-08 23:33:25  -  [INFO]  Calling index method in app\controllers\LoginController
2023-02-08 23:33:27  -  [INFO]  POST: http://localhost/krushi-arunalu/login
2023-02-08 23:33:27  -  [INFO]  Calling index method in app\controllers\LoginController
2023-02-08 23:33:27  -  [INFO]  Login attempt by phone: 0764023716
2023-02-08 23:33:28  -  [INFO]  GET: http://localhost/krushi-arunalu/marketplace
2023-02-08 23:33:28  -  [INFO]  Calling index method in app\controllers\MarketplaceController
2023-02-08 23:33:32  -  [INFO]  GET: http://localhost/krushi-arunalu/marketplace/productdetails/1
2023-02-08 23:33:32  -  [INFO]  Calling productdetails method in app\controllers\MarketplaceController
2023-02-08 23:33:35  -  [INFO]  GET: http://localhost/krushi-arunalu/marketplace/sendinquiry/1
2023-02-08 23:33:35  -  [INFO]  Calling sendinquiry method in app\controllers\MarketplaceController
2023-02-08 23:33:37  -  [INFO]  GET: http://localhost/krushi-arunalu/marketplace/productdetails/1
2023-02-08 23:33:37  -  [INFO]  Calling productdetails method in app\controllers\MarketplaceController
2023-02-08 23:33:39  -  [INFO]  GET: http://localhost/krushi-arunalu/shoppingcart/add/1
2023-02-08 23:33:39  -  [INFO]  Calling add method in app\controllers\ShoppingCartController
2023-02-08 23:33:39  -  [INFO]  GET: http://localhost/krushi-arunalu/shoppingcart
2023-02-08 23:33:39  -  [INFO]  Calling index method in app\controllers\ShoppingCartController
2023-02-08 23:33:43  -  [INFO]  GET: http://localhost/krushi-arunalu/shoppingcart/remove/368
2023-02-08 23:33:43  -  [INFO]  Calling remove method in app\controllers\ShoppingCartController
2023-02-08 23:33:43  -  [INFO]  GET: http://localhost/krushi-arunalu/shoppingcart
2023-02-08 23:33:43  -  [INFO]  Calling index method in app\controllers\ShoppingCartController
2023-02-08 23:33:44  -  [INFO]  GET: http://localhost/krushi-arunalu/shoppingcart/remove/369
2023-02-08 23:33:44  -  [INFO]  Calling remove method in app\controllers\ShoppingCartController
2023-02-08 23:33:44  -  [INFO]  GET: http://localhost/krushi-arunalu/shoppingcart
2023-02-08 23:33:44  -  [INFO]  Calling index method in app\controllers\ShoppingCartController
2023-02-08 23:33:44  -  [INFO]  GET: http://localhost/krushi-arunalu/shoppingcart/remove/370
2023-02-08 23:33:44  -  [INFO]  Calling remove method in app\controllers\ShoppingCartController
2023-02-08 23:33:44  -  [INFO]  GET: http://localhost/krushi-arunalu/shoppingcart
2023-02-08 23:33:44  -  [INFO]  Calling index method in app\controllers\ShoppingCartController
2023-02-08 23:33:44  -  [INFO]  GET: http://localhost/krushi-arunalu/shoppingcart/remove/371
2023-02-08 23:33:44  -  [INFO]  Calling remove method in app\controllers\ShoppingCartController
2023-02-08 23:33:44  -  [INFO]  GET: http://localhost/krushi-arunalu/shoppingcart
2023-02-08 23:33:44  -  [INFO]  Calling index method in app\controllers\ShoppingCartController
2023-02-08 23:33:45  -  [INFO]  GET: http://localhost/krushi-arunalu/shoppingcart/remove/372
2023-02-08 23:33:45  -  [INFO]  Calling remove method in app\controllers\ShoppingCartController
2023-02-08 23:33:45  -  [INFO]  GET: http://localhost/krushi-arunalu/shoppingcart
2023-02-08 23:33:45  -  [INFO]  Calling index method in app\controllers\ShoppingCartController
2023-02-08 23:33:45  -  [INFO]  GET: http://localhost/krushi-arunalu/shoppingcart/remove/373
2023-02-08 23:33:45  -  [INFO]  Calling remove method in app\controllers\ShoppingCartController
2023-02-08 23:33:45  -  [INFO]  GET: http://localhost/krushi-arunalu/shoppingcart
2023-02-08 23:33:45  -  [INFO]  Calling index method in app\controllers\ShoppingCartController
2023-02-08 23:33:46  -  [INFO]  GET: http://localhost/krushi-arunalu/shoppingcart/remove/374
2023-02-08 23:33:46  -  [INFO]  Calling remove method in app\controllers\ShoppingCartController
2023-02-08 23:33:46  -  [INFO]  GET: http://localhost/krushi-arunalu/shoppingcart
2023-02-08 23:33:46  -  [INFO]  Calling index method in app\controllers\ShoppingCartController
2023-02-08 23:33:52  -  [INFO]  GET: http://localhost/krushi-arunalu/shoppingcart
2023-02-08 23:33:52  -  [INFO]  Calling index method in app\controllers\ShoppingCartController
2023-02-08 23:33:55  -  [INFO]  GET: http://localhost/krushi-arunalu/manufacturers
2023-02-08 23:33:55  -  [ERROR]  Requested controller (manufacturers) not found
2023-02-08 23:33:57  -  [INFO]  GET: http://localhost/krushi-arunalu/shoppingcart
2023-02-08 23:33:57  -  [INFO]  Calling index method in app\controllers\ShoppingCartController
2023-02-08 23:34:01  -  [INFO]  GET: http://localhost/krushi-arunalu/checkout
2023-02-08 23:34:01  -  [INFO]  Calling index method in app\controllers\CheckoutController
2023-02-08 23:34:07  -  [INFO]  GET: http://localhost/krushi-arunalu/shoppingcart
2023-02-08 23:34:07  -  [INFO]  Calling index method in app\controllers\ShoppingCartController
2023-02-08 23:36:18  -  [INFO]  GET: http://localhost/krushi-arunalu/checkout
2023-02-08 23:36:18  -  [INFO]  Calling index method in app\controllers\CheckoutController
2023-02-08 23:46:02  -  [INFO]  GET: http://localhost/krushi-arunalu/checkout
2023-02-08 23:46:02  -  [INFO]  Calling index method in app\controllers\CheckoutController
